psutil dependency is not installed and mem stats will not be available. add psutil to your environment or pass dump_system_stats argument as False to disable warning.
-------------------------- Extract customers_parallel --------------------------
Resources: 0/1 (0.0%) | Time: 0.00s | Rate: 0.00/s

-------------------------- Extract customers_parallel --------------------------
Resources: 0/1 (0.0%) | Time: 0.19s | Rate: 0.00/s
customers: 100  | Time: 0.00s | Rate: 34952533.33/s

-------------------------- Extract customers_parallel --------------------------
Resources: 0/1 (0.0%) | Time: 1.26s | Rate: 0.00/s
customers: 800  | Time: 1.07s | Rate: 747.34/s

-------------------------- Extract customers_parallel --------------------------
Resources: 1/1 (100.0%) | Time: 1.93s | Rate: 0.52/s
customers: 935  | Time: 1.74s | Rate: 538.51/s

-------------- Normalize customers_parallel in 1750847463.9738188 --------------
Files: 0/1 (0.0%) | Time: 0.00s | Rate: 0.00/s

-------------- Normalize customers_parallel in 1750847463.9738188 --------------
Files: 0/1 (0.0%) | Time: 0.00s | Rate: 0.00/s
Items: 0  | Time: 0.00s | Rate: 0.00/s

-------------- Normalize customers_parallel in 1750847463.9738188 --------------
Files: 1/1 (100.0%) | Time: 0.02s | Rate: 53.54/s
Items: 935  | Time: 0.02s | Rate: 50153.14/s

---------------- Load customers_parallel in 1750847463.9738188 -----------------
Jobs: 0/1 (0.0%) | Time: 0.00s | Rate: 0.00/s

---------------- Load customers_parallel in 1750847463.9738188 -----------------
Jobs: 0/1 (0.0%) | Time: 6.32s | Rate: 0.00/s

---------------- Load customers_parallel in 1750847463.9738188 -----------------
Jobs: 1/1 (100.0%) | Time: 8.18s | Rate: 0.12/s

