psutil dependency is not installed and mem stats will not be available. add psutil to your environment or pass dump_system_stats argument as False to disable warning.
-------------------------- Extract supplies_parallel ---------------------------
Resources: 0/1 (0.0%) | Time: 0.00s | Rate: 0.00/s

-------------------------- Extract supplies_parallel ---------------------------
Resources: 0/1 (0.0%) | Time: 0.38s | Rate: 0.00/s
supplies: 65  | Time: 0.00s | Rate: 15146097.78/s

-------------------------- Extract supplies_parallel ---------------------------
Resources: 1/1 (100.0%) | Time: 0.40s | Rate: 2.52/s
supplies: 65  | Time: 0.01s | Rate: 4834.80/s

--------------- Normalize supplies_parallel in 1750847475.866312 ---------------
Files: 0/1 (0.0%) | Time: 0.00s | Rate: 0.00/s

--------------- Normalize supplies_parallel in 1750847475.866312 ---------------
Files: 0/1 (0.0%) | Time: 0.00s | Rate: 0.00/s
Items: 0  | Time: 0.00s | Rate: 0.00/s

--------------- Normalize supplies_parallel in 1750847475.866312 ---------------
Files: 1/1 (100.0%) | Time: 0.01s | Rate: 164.55/s
Items: 65  | Time: 0.01s | Rate: 10749.11/s

----------------- Load supplies_parallel in 1750847475.866312 ------------------
Jobs: 0/1 (0.0%) | Time: 0.00s | Rate: 0.00/s

----------------- Load supplies_parallel in 1750847475.866312 ------------------
Jobs: 0/1 (0.0%) | Time: 6.24s | Rate: 0.00/s

----------------- Load supplies_parallel in 1750847475.866312 ------------------
Jobs: 1/1 (100.0%) | Time: 8.11s | Rate: 0.12/s

