psutil dependency is not installed and mem stats will not be available. add psutil to your environment or pass dump_system_stats argument as False to disable warning.
---------------------------- Extract items_parallel ----------------------------
Resources: 0/1 (0.0%) | Time: 0.00s | Rate: 0.00/s

---------------------------- Extract items_parallel ----------------------------
Resources: 0/1 (0.0%) | Time: 0.19s | Rate: 0.00/s
items: 100  | Time: 0.00s | Rate: 46603377.78/s

---------------------------- Extract items_parallel ----------------------------
Resources: 0/1 (0.0%) | Time: 1.42s | Rate: 0.00/s
items: 700  | Time: 1.23s | Rate: 570.90/s

---------------------------- Extract items_parallel ----------------------------
Resources: 0/1 (0.0%) | Time: 2.53s | Rate: 0.00/s
items: 1300  | Time: 2.34s | Rate: 556.45/s

---------------------------- Extract items_parallel ----------------------------
Resources: 0/1 (0.0%) | Time: 3.57s | Rate: 0.00/s
items: 1800  | Time: 3.38s | Rate: 532.75/s

---------------------------- Extract items_parallel ----------------------------
Resources: 0/1 (0.0%) | Time: 4.71s | Rate: 0.00/s
items: 2400  | Time: 4.51s | Rate: 532.09/s

---------------------------- Extract items_parallel ----------------------------
Resources: 0/1 (0.0%) | Time: 5.94s | Rate: 0.00/s
items: 3100  | Time: 5.74s | Rate: 539.91/s

---------------------------- Extract items_parallel ----------------------------
Resources: 0/1 (0.0%) | Time: 7.14s | Rate: 0.00/s
items: 3700  | Time: 6.94s | Rate: 532.89/s

---------------------------- Extract items_parallel ----------------------------
Resources: 0/1 (0.0%) | Time: 8.26s | Rate: 0.00/s
items: 4300  | Time: 8.07s | Rate: 533.10/s

---------------------------- Extract items_parallel ----------------------------
Resources: 0/1 (0.0%) | Time: 9.46s | Rate: 0.00/s
items: 4900  | Time: 9.26s | Rate: 529.04/s

---------------------------- Extract items_parallel ----------------------------
Resources: 0/1 (0.0%) | Time: 10.64s | Rate: 0.00/s
items: 5400  | Time: 10.44s | Rate: 517.11/s

---------------------------- Extract items_parallel ----------------------------
Resources: 0/1 (0.0%) | Time: 11.66s | Rate: 0.00/s
items: 5900  | Time: 11.47s | Rate: 514.58/s

---------------------------- Extract items_parallel ----------------------------
Resources: 0/1 (0.0%) | Time: 12.76s | Rate: 0.00/s
items: 6400  | Time: 12.57s | Rate: 509.26/s

---------------------------- Extract items_parallel ----------------------------
Resources: 0/1 (0.0%) | Time: 13.92s | Rate: 0.00/s
items: 7100  | Time: 13.73s | Rate: 517.20/s

---------------------------- Extract items_parallel ----------------------------
Resources: 0/1 (0.0%) | Time: 14.97s | Rate: 0.00/s
items: 7700  | Time: 14.78s | Rate: 521.15/s

---------------------------- Extract items_parallel ----------------------------
Resources: 0/1 (0.0%) | Time: 16.05s | Rate: 0.00/s
items: 8300  | Time: 15.86s | Rate: 523.43/s

---------------------------- Extract items_parallel ----------------------------
Resources: 0/1 (0.0%) | Time: 17.07s | Rate: 0.00/s
items: 8600  | Time: 16.87s | Rate: 509.75/s

---------------------------- Extract items_parallel ----------------------------
Resources: 0/1 (0.0%) | Time: 18.07s | Rate: 0.00/s
items: 9100  | Time: 17.88s | Rate: 509.06/s

---------------------------- Extract items_parallel ----------------------------
Resources: 0/1 (0.0%) | Time: 19.24s | Rate: 0.00/s
items: 9600  | Time: 19.05s | Rate: 503.99/s

---------------------------- Extract items_parallel ----------------------------
Resources: 1/1 (100.0%) | Time: 19.92s | Rate: 0.05/s
items: 10000  | Time: 19.73s | Rate: 506.88/s

---------------- Normalize items_parallel in 1750847464.175206 -----------------
Files: 0/1 (0.0%) | Time: 0.00s | Rate: 0.00/s

---------------- Normalize items_parallel in 1750847464.175206 -----------------
Files: 0/1 (0.0%) | Time: 0.00s | Rate: 0.00/s
Items: 0  | Time: 0.00s | Rate: 0.00/s

---------------- Normalize items_parallel in 1750847464.175206 -----------------
Files: 1/1 (100.0%) | Time: 0.16s | Rate: 6.30/s
Items: 10000  | Time: 0.16s | Rate: 62990.87/s

------------------- Load items_parallel in 1750847464.175206 -------------------
Jobs: 0/1 (0.0%) | Time: 0.00s | Rate: 0.00/s

------------------- Load items_parallel in 1750847464.175206 -------------------
Jobs: 0/1 (0.0%) | Time: 6.50s | Rate: 0.00/s

------------------- Load items_parallel in 1750847464.175206 -------------------
Jobs: 1/1 (100.0%) | Time: 8.54s | Rate: 0.12/s

