psutil dependency is not installed and mem stats will not be available. add psutil to your environment or pass dump_system_stats argument as False to disable warning.
---------------------------- Extract items_parallel ----------------------------
Resources: 0/1 (0.0%) | Time: 0.00s | Rate: 0.00/s

---------------------------- Extract items_parallel ----------------------------
Resources: 0/1 (0.0%) | Time: 0.19s | Rate: 0.00/s
items: 100  | Time: 0.00s | Rate: 24672376.47/s

---------------------------- Extract items_parallel ----------------------------
Resources: 0/1 (0.0%) | Time: 1.41s | Rate: 0.00/s
items: 800  | Time: 1.22s | Rate: 657.25/s

---------------------------- Extract items_parallel ----------------------------
Resources: 0/1 (0.0%) | Time: 2.59s | Rate: 0.00/s
items: 1200  | Time: 2.40s | Rate: 500.61/s

---------------------------- Extract items_parallel ----------------------------
Resources: 0/1 (0.0%) | Time: 3.80s | Rate: 0.00/s
items: 1900  | Time: 3.60s | Rate: 527.19/s

---------------------------- Extract items_parallel ----------------------------
Resources: 0/1 (0.0%) | Time: 5.00s | Rate: 0.00/s
items: 2600  | Time: 4.80s | Rate: 541.46/s

---------------------------- Extract items_parallel ----------------------------
Resources: 0/1 (0.0%) | Time: 6.00s | Rate: 0.00/s
items: 3200  | Time: 5.80s | Rate: 551.44/s

---------------------------- Extract items_parallel ----------------------------
Resources: 0/1 (0.0%) | Time: 7.03s | Rate: 0.00/s
items: 3700  | Time: 6.83s | Rate: 541.47/s

---------------------------- Extract items_parallel ----------------------------
Resources: 0/1 (0.0%) | Time: 8.14s | Rate: 0.00/s
items: 4300  | Time: 7.95s | Rate: 541.21/s

---------------------------- Extract items_parallel ----------------------------
Resources: 0/1 (0.0%) | Time: 9.20s | Rate: 0.00/s
items: 4700  | Time: 9.00s | Rate: 522.07/s

---------------------------- Extract items_parallel ----------------------------
Resources: 0/1 (0.0%) | Time: 10.22s | Rate: 0.00/s
items: 5100  | Time: 10.02s | Rate: 508.80/s

---------------------------- Extract items_parallel ----------------------------
Resources: 0/1 (0.0%) | Time: 11.29s | Rate: 0.00/s
items: 5600  | Time: 11.10s | Rate: 504.58/s

---------------------------- Extract items_parallel ----------------------------
Resources: 0/1 (0.0%) | Time: 12.31s | Rate: 0.00/s
items: 6000  | Time: 12.12s | Rate: 495.06/s

---------------------------- Extract items_parallel ----------------------------
Resources: 0/1 (0.0%) | Time: 13.52s | Rate: 0.00/s
items: 6800  | Time: 13.33s | Rate: 510.16/s

---------------------------- Extract items_parallel ----------------------------
Resources: 0/1 (0.0%) | Time: 14.67s | Rate: 0.00/s
items: 7400  | Time: 14.48s | Rate: 511.16/s

---------------------------- Extract items_parallel ----------------------------
Resources: 0/1 (0.0%) | Time: 15.84s | Rate: 0.00/s
items: 7900  | Time: 15.64s | Rate: 505.01/s

---------------------------- Extract items_parallel ----------------------------
Resources: 0/1 (0.0%) | Time: 16.91s | Rate: 0.00/s
items: 8600  | Time: 16.72s | Rate: 514.44/s

---------------------------- Extract items_parallel ----------------------------
Resources: 0/1 (0.0%) | Time: 18.02s | Rate: 0.00/s
items: 9100  | Time: 17.83s | Rate: 510.47/s

---------------------------- Extract items_parallel ----------------------------
Resources: 0/1 (0.0%) | Time: 19.03s | Rate: 0.00/s
items: 9700  | Time: 18.84s | Rate: 514.99/s

---------------------------- Extract items_parallel ----------------------------
Resources: 1/1 (100.0%) | Time: 19.64s | Rate: 0.05/s
items: 10000  | Time: 19.44s | Rate: 514.34/s

---------------- Normalize items_parallel in 1751284670.298368 -----------------
Files: 0/1 (0.0%) | Time: 0.00s | Rate: 0.00/s

---------------- Normalize items_parallel in 1751284670.298368 -----------------
Files: 0/1 (0.0%) | Time: 0.00s | Rate: 0.00/s
Items: 0  | Time: 0.00s | Rate: 0.00/s

---------------- Normalize items_parallel in 1751284670.298368 -----------------
Files: 1/1 (100.0%) | Time: 0.17s | Rate: 5.97/s
Items: 10000  | Time: 0.17s | Rate: 59719.34/s

------------------- Load items_parallel in 1751284670.298368 -------------------
Jobs: 0/1 (0.0%) | Time: 0.00s | Rate: 0.00/s

------------------- Load items_parallel in 1751284670.298368 -------------------
Jobs: 0/1 (0.0%) | Time: 9.32s | Rate: 0.00/s

------------------- Load items_parallel in 1751284670.298368 -------------------
Jobs: 1/1 (100.0%) | Time: 11.24s | Rate: 0.09/s

