psutil dependency is not installed and mem stats will not be available. add psutil to your environment or pass dump_system_stats argument as False to disable warning.
--------------------------- Extract orders_parallel ----------------------------
Resources: 0/1 (0.0%) | Time: 0.00s | Rate: 0.00/s

--------------------------- Extract orders_parallel ----------------------------
Resources: 0/1 (0.0%) | Time: 0.43s | Rate: 0.00/s
orders: 100  | Time: 0.00s | Rate: 26214400.00/s

--------------------------- Extract orders_parallel ----------------------------
Resources: 0/1 (0.0%) | Time: 1.45s | Rate: 0.00/s
orders: 400  | Time: 1.01s | Rate: 395.31/s

--------------------------- Extract orders_parallel ----------------------------
Resources: 0/1 (0.0%) | Time: 2.57s | Rate: 0.00/s
orders: 800  | Time: 2.14s | Rate: 373.80/s

--------------------------- Extract orders_parallel ----------------------------
Resources: 0/1 (0.0%) | Time: 3.75s | Rate: 0.00/s
orders: 1200  | Time: 3.31s | Rate: 362.29/s

--------------------------- Extract orders_parallel ----------------------------
Resources: 0/1 (0.0%) | Time: 4.98s | Rate: 0.00/s
orders: 1600  | Time: 4.55s | Rate: 351.71/s

--------------------------- Extract orders_parallel ----------------------------
Resources: 0/1 (0.0%) | Time: 6.23s | Rate: 0.00/s
orders: 2000  | Time: 5.79s | Rate: 345.32/s

--------------------------- Extract orders_parallel ----------------------------
Resources: 0/1 (0.0%) | Time: 7.31s | Rate: 0.00/s
orders: 2300  | Time: 6.88s | Rate: 334.47/s

--------------------------- Extract orders_parallel ----------------------------
Resources: 0/1 (0.0%) | Time: 8.50s | Rate: 0.00/s
orders: 2700  | Time: 8.07s | Rate: 334.68/s

--------------------------- Extract orders_parallel ----------------------------
Resources: 0/1 (0.0%) | Time: 9.52s | Rate: 0.00/s
orders: 3000  | Time: 9.09s | Rate: 330.13/s

--------------------------- Extract orders_parallel ----------------------------
Resources: 0/1 (0.0%) | Time: 10.59s | Rate: 0.00/s
orders: 3300  | Time: 10.16s | Rate: 324.81/s

--------------------------- Extract orders_parallel ----------------------------
Resources: 0/1 (0.0%) | Time: 11.65s | Rate: 0.00/s
orders: 3600  | Time: 11.22s | Rate: 320.83/s

--------------------------- Extract orders_parallel ----------------------------
Resources: 0/1 (0.0%) | Time: 12.95s | Rate: 0.00/s
orders: 4000  | Time: 12.51s | Rate: 319.68/s

--------------------------- Extract orders_parallel ----------------------------
Resources: 0/1 (0.0%) | Time: 14.15s | Rate: 0.00/s
orders: 4400  | Time: 13.71s | Rate: 320.83/s

--------------------------- Extract orders_parallel ----------------------------
Resources: 0/1 (0.0%) | Time: 15.21s | Rate: 0.00/s
orders: 4800  | Time: 14.77s | Rate: 324.94/s

--------------------------- Extract orders_parallel ----------------------------
Resources: 0/1 (0.0%) | Time: 16.21s | Rate: 0.00/s
orders: 5100  | Time: 15.77s | Rate: 323.36/s

--------------------------- Extract orders_parallel ----------------------------
Resources: 0/1 (0.0%) | Time: 17.41s | Rate: 0.00/s
orders: 5500  | Time: 16.97s | Rate: 324.06/s

--------------------------- Extract orders_parallel ----------------------------
Resources: 0/1 (0.0%) | Time: 18.63s | Rate: 0.00/s
orders: 5900  | Time: 18.20s | Rate: 324.16/s

--------------------------- Extract orders_parallel ----------------------------
Resources: 0/1 (0.0%) | Time: 19.88s | Rate: 0.00/s
orders: 6300  | Time: 19.45s | Rate: 323.94/s

--------------------------- Extract orders_parallel ----------------------------
Resources: 0/1 (0.0%) | Time: 21.10s | Rate: 0.00/s
orders: 6700  | Time: 20.67s | Rate: 324.17/s

--------------------------- Extract orders_parallel ----------------------------
Resources: 0/1 (0.0%) | Time: 22.28s | Rate: 0.00/s
orders: 7000  | Time: 21.84s | Rate: 320.49/s

--------------------------- Extract orders_parallel ----------------------------
Resources: 0/1 (0.0%) | Time: 23.37s | Rate: 0.00/s
orders: 7300  | Time: 22.94s | Rate: 318.22/s

--------------------------- Extract orders_parallel ----------------------------
Resources: 0/1 (0.0%) | Time: 24.41s | Rate: 0.00/s
orders: 7600  | Time: 23.98s | Rate: 316.98/s

--------------------------- Extract orders_parallel ----------------------------
Resources: 0/1 (0.0%) | Time: 25.72s | Rate: 0.00/s
orders: 8000  | Time: 25.29s | Rate: 316.35/s

--------------------------- Extract orders_parallel ----------------------------
Resources: 0/1 (0.0%) | Time: 27.07s | Rate: 0.00/s
orders: 8400  | Time: 26.64s | Rate: 315.37/s

--------------------------- Extract orders_parallel ----------------------------
Resources: 0/1 (0.0%) | Time: 28.29s | Rate: 0.00/s
orders: 8800  | Time: 27.85s | Rate: 315.94/s

--------------------------- Extract orders_parallel ----------------------------
Resources: 0/1 (0.0%) | Time: 29.36s | Rate: 0.00/s
orders: 9100  | Time: 28.92s | Rate: 314.64/s

--------------------------- Extract orders_parallel ----------------------------
Resources: 0/1 (0.0%) | Time: 30.64s | Rate: 0.00/s
orders: 9500  | Time: 30.21s | Rate: 314.50/s

--------------------------- Extract orders_parallel ----------------------------
Resources: 0/1 (0.0%) | Time: 31.80s | Rate: 0.00/s
orders: 9900  | Time: 31.37s | Rate: 315.63/s

--------------------------- Extract orders_parallel ----------------------------
Resources: 1/1 (100.0%) | Time: 32.26s | Rate: 0.03/s
orders: 10000  | Time: 31.83s | Rate: 314.20/s

---------------- Normalize orders_parallel in 1751284669.986617 ----------------
Files: 0/1 (0.0%) | Time: 0.00s | Rate: 0.00/s

---------------- Normalize orders_parallel in 1751284669.986617 ----------------
Files: 0/1 (0.0%) | Time: 0.00s | Rate: 0.00/s
Items: 0  | Time: 0.00s | Rate: 0.00/s

---------------- Normalize orders_parallel in 1751284669.986617 ----------------
Files: 2/1 (200.0%) | Time: 0.59s | Rate: 3.42/s
Items: 25270  | Time: 0.59s | Rate: 43168.25/s

------------------ Load orders_parallel in 1751284669.986617 -------------------
Jobs: 0/2 (0.0%) | Time: 0.00s | Rate: 0.00/s

------------------ Load orders_parallel in 1751284669.986617 -------------------
Jobs: 0/2 (0.0%) | Time: 10.40s | Rate: 0.00/s

------------------ Load orders_parallel in 1751284669.986617 -------------------
Jobs: 2/2 (100.0%) | Time: 12.46s | Rate: 0.16/s

