psutil dependency is not installed and mem stats will not be available. add psutil to your environment or pass dump_system_stats argument as False to disable warning.
-------------------------- Extract customers_parallel --------------------------
Resources: 0/1 (0.0%) | Time: 0.00s | Rate: 0.00/s

-------------------------- Extract customers_parallel --------------------------
Resources: 0/1 (0.0%) | Time: 0.18s | Rate: 0.00/s
customers: 100  | Time: 0.00s | Rate: 24672376.47/s

-------------------------- Extract customers_parallel --------------------------
Resources: 0/1 (0.0%) | Time: 1.42s | Rate: 0.00/s
customers: 900  | Time: 1.24s | Rate: 725.07/s

-------------------------- Extract customers_parallel --------------------------
Resources: 1/1 (100.0%) | Time: 1.74s | Rate: 0.57/s
customers: 935  | Time: 1.57s | Rate: 597.35/s

-------------- Normalize customers_parallel in 1751284669.683606 ---------------
Files: 0/1 (0.0%) | Time: 0.00s | Rate: 0.00/s

-------------- Normalize customers_parallel in 1751284669.683606 ---------------
Files: 0/1 (0.0%) | Time: 0.00s | Rate: 0.00/s
Items: 0  | Time: 0.00s | Rate: 0.00/s

-------------- Normalize customers_parallel in 1751284669.683606 ---------------
Files: 1/1 (100.0%) | Time: 0.02s | Rate: 46.52/s
Items: 935  | Time: 0.02s | Rate: 43587.72/s

----------------- Load customers_parallel in 1751284669.683606 -----------------
Jobs: 0/1 (0.0%) | Time: 0.00s | Rate: 0.00/s

----------------- Load customers_parallel in 1751284669.683606 -----------------
Jobs: 0/1 (0.0%) | Time: 10.43s | Rate: 0.00/s

----------------- Load customers_parallel in 1751284669.683606 -----------------
Jobs: 1/1 (100.0%) | Time: 12.29s | Rate: 0.08/s

