psutil dependency is not installed and mem stats will not be available. add psutil to your environment or pass dump_system_stats argument as False to disable warning.
-------------------------- Extract products_parallel ---------------------------
Resources: 0/1 (0.0%) | Time: 0.00s | Rate: 0.00/s

-------------------------- Extract products_parallel ---------------------------
Resources: 0/1 (0.0%) | Time: 0.27s | Rate: 0.00/s
products: 10  | Time: 0.00s | Rate: 2621440.00/s

-------------------------- Extract products_parallel ---------------------------
Resources: 1/1 (100.0%) | Time: 0.28s | Rate: 3.59/s
products: 10  | Time: 0.01s | Rate: 780.41/s

--------------- Normalize products_parallel in 1751284670.489154 ---------------
Files: 0/1 (0.0%) | Time: 0.00s | Rate: 0.00/s

--------------- Normalize products_parallel in 1751284670.489154 ---------------
Files: 0/1 (0.0%) | Time: 0.00s | Rate: 0.00/s
Items: 0  | Time: 0.00s | Rate: 0.00/s

--------------- Normalize products_parallel in 1751284670.489154 ---------------
Files: 1/1 (100.0%) | Time: 0.00s | Rate: 202.39/s
Items: 10  | Time: 0.00s | Rate: 2043.81/s

----------------- Load products_parallel in 1751284670.489154 ------------------
Jobs: 0/1 (0.0%) | Time: 0.00s | Rate: 0.00/s

----------------- Load products_parallel in 1751284670.489154 ------------------
Jobs: 0/1 (0.0%) | Time: 10.75s | Rate: 0.00/s

----------------- Load products_parallel in 1751284670.489154 ------------------
Jobs: 1/1 (100.0%) | Time: 12.81s | Rate: 0.08/s

