------------------------------- Extract rest_api -------------------------------
Resources: 0/1 (0.0%) | Time: 0.00s | Rate: 0.00/s

------------------------------- Extract rest_api -------------------------------
Resources: 0/1 (0.0%) | Time: 0.36s | Rate: 0.00/s
items: 100  | Time: 0.00s | Rate: 26214400.00/s

------------------------------- Extract rest_api -------------------------------
Resources: 0/1 (0.0%) | Time: 1.48s | Rate: 0.00/s
items: 800  | Time: 1.12s | Rate: 714.73/s

------------------------------- Extract rest_api -------------------------------
Resources: 0/1 (0.0%) | Time: 2.59s | Rate: 0.00/s
items: 1400  | Time: 2.23s | Rate: 628.11/s

------------------------------- Extract rest_api -------------------------------
Resources: 0/1 (0.0%) | Time: 3.75s | Rate: 0.00/s
items: 2100  | Time: 3.39s | Rate: 619.64/s

------------------------------- Extract rest_api -------------------------------
Resources: 0/1 (0.0%) | Time: 4.90s | Rate: 0.00/s
items: 2800  | Time: 4.53s | Rate: 617.49/s

------------------------------- Extract rest_api -------------------------------
Resources: 0/1 (0.0%) | Time: 6.16s | Rate: 0.00/s
items: 3500  | Time: 5.79s | Rate: 604.01/s

------------------------------- Extract rest_api -------------------------------
Resources: 0/1 (0.0%) | Time: 7.19s | Rate: 0.00/s
items: 4000  | Time: 6.83s | Rate: 586.02/s

------------------------------- Extract rest_api -------------------------------
Resources: 0/1 (0.0%) | Time: 8.23s | Rate: 0.00/s
items: 4600  | Time: 7.86s | Rate: 585.01/s

------------------------------- Extract rest_api -------------------------------
Resources: 1/1 (100.0%) | Time: 9.17s | Rate: 0.11/s
items: 5000  | Time: 8.80s | Rate: 568.03/s

------------------- Normalize rest_api in 1751625337.244211 --------------------
Files: 0/1 (0.0%) | Time: 0.00s | Rate: 0.00/s

------------------- Normalize rest_api in 1751625337.244211 --------------------
Files: 0/1 (0.0%) | Time: 0.00s | Rate: 0.00/s
Items: 0  | Time: 0.00s | Rate: 0.00/s

------------------- Normalize rest_api in 1751625337.244211 --------------------
Files: 1/1 (100.0%) | Time: 0.14s | Rate: 7.07/s
Items: 5000  | Time: 0.14s | Rate: 35341.41/s

---------------------- Load rest_api in 1751625337.244211 ----------------------
Jobs: 0/1 (0.0%) | Time: 0.00s | Rate: 0.00/s

---------------------- Load rest_api in 1751625337.244211 ----------------------
Jobs: 0/1 (0.0%) | Time: 6.53s | Rate: 0.00/s

---------------------- Load rest_api in 1751625337.244211 ----------------------
Jobs: 1/1 (100.0%) | Time: 8.40s | Rate: 0.12/s

