------------------------------- Extract rest_api -------------------------------
Resources: 0/1 (0.0%) | Time: 0.00s | Rate: 0.00/s

------------------------------- Extract rest_api -------------------------------
Resources: 0/1 (0.0%) | Time: 0.36s | Rate: 0.00/s
customers: 100  | Time: 0.00s | Rate: 32263876.92/s

------------------------------- Extract rest_api -------------------------------
Resources: 0/1 (0.0%) | Time: 1.46s | Rate: 0.00/s
customers: 800  | Time: 1.10s | Rate: 725.51/s

------------------------------- Extract rest_api -------------------------------
Resources: 1/1 (100.0%) | Time: 1.80s | Rate: 0.55/s
customers: 935  | Time: 1.45s | Rate: 645.87/s

------------------- Normalize rest_api in 1751625337.260163 --------------------
Files: 0/1 (0.0%) | Time: 0.00s | Rate: 0.00/s

------------------- Normalize rest_api in 1751625337.260163 --------------------
Files: 0/1 (0.0%) | Time: 0.00s | Rate: 0.00/s
Items: 0  | Time: 0.00s | Rate: 0.00/s

------------------- Normalize rest_api in 1751625337.260163 --------------------
Files: 1/1 (100.0%) | Time: 0.03s | Rate: 36.61/s
Items: 935  | Time: 0.03s | Rate: 34277.07/s

---------------------- Load rest_api in 1751625337.260163 ----------------------
Jobs: 0/1 (0.0%) | Time: 0.00s | Rate: 0.00/s

---------------------- Load rest_api in 1751625337.260163 ----------------------
Jobs: 0/1 (0.0%) | Time: 6.14s | Rate: 0.00/s

---------------------- Load rest_api in 1751625337.260163 ----------------------
Jobs: 1/1 (100.0%) | Time: 8.12s | Rate: 0.12/s

