------------------------------- Extract rest_api -------------------------------
Resources: 0/1 (0.0%) | Time: 0.00s | Rate: 0.00/s

------------------------------- Extract rest_api -------------------------------
Resources: 0/1 (0.0%) | Time: 0.37s | Rate: 0.00/s
supplies: 65  | Time: 0.00s | Rate: 12982369.52/s

------------------------------- Extract rest_api -------------------------------
Resources: 1/1 (100.0%) | Time: 0.39s | Rate: 2.59/s
supplies: 65  | Time: 0.01s | Rate: 4789.95/s

------------------- Normalize rest_api in 1751625337.243479 --------------------
Files: 0/1 (0.0%) | Time: 0.00s | Rate: 0.00/s

------------------- Normalize rest_api in 1751625337.243479 --------------------
Files: 0/1 (0.0%) | Time: 0.00s | Rate: 0.00/s
Items: 0  | Time: 0.00s | Rate: 0.00/s

------------------- Normalize rest_api in 1751625337.243479 --------------------
Files: 1/1 (100.0%) | Time: 0.01s | Rate: 128.75/s
Items: 65  | Time: 0.01s | Rate: 8415.28/s

---------------------- Load rest_api in 1751625337.243479 ----------------------
Jobs: 0/1 (0.0%) | Time: 0.00s | Rate: 0.00/s

---------------------- Load rest_api in 1751625337.243479 ----------------------
Jobs: 0/1 (0.0%) | Time: 6.42s | Rate: 0.00/s

---------------------- Load rest_api in 1751625337.243479 ----------------------
Jobs: 1/1 (100.0%) | Time: 8.48s | Rate: 0.12/s

