------------------------------- Extract rest_api -------------------------------
Resources: 0/1 (0.0%) | Time: 0.00s | Rate: 0.00/s

------------------------------- Extract rest_api -------------------------------
Resources: 0/1 (0.0%) | Time: 0.13s | Rate: 0.00/s
products: 10  | Time: 0.00s | Rate: 3226387.69/s

------------------------------- Extract rest_api -------------------------------
Resources: 1/1 (100.0%) | Time: 0.14s | Rate: 6.91/s
products: 10  | Time: 0.01s | Rate: 755.23/s

------------------- Normalize rest_api in 1751625337.2549021 -------------------
Files: 0/1 (0.0%) | Time: 0.00s | Rate: 0.00/s

------------------- Normalize rest_api in 1751625337.2549021 -------------------
Files: 0/1 (0.0%) | Time: 0.00s | Rate: 0.00/s
Items: 0  | Time: 0.00s | Rate: 0.00/s

------------------- Normalize rest_api in 1751625337.2549021 -------------------
Files: 1/1 (100.0%) | Time: 0.01s | Rate: 158.28/s
Items: 10  | Time: 0.01s | Rate: 1593.58/s

--------------------- Load rest_api in 1751625337.2549021 ----------------------
Jobs: 0/1 (0.0%) | Time: 0.00s | Rate: 0.00/s

--------------------- Load rest_api in 1751625337.2549021 ----------------------
Jobs: 0/1 (0.0%) | Time: 6.47s | Rate: 0.00/s

--------------------- Load rest_api in 1751625337.2549021 ----------------------
Jobs: 1/1 (100.0%) | Time: 8.33s | Rate: 0.12/s

