------------------------------- Extract rest_api -------------------------------
Resources: 0/1 (0.0%) | Time: 0.00s | Rate: 0.00/s

------------------------------- Extract rest_api -------------------------------
Resources: 0/1 (0.0%) | Time: 0.38s | Rate: 0.00/s
orders: 100  | Time: 0.00s | Rate: 34952533.33/s

------------------------------- Extract rest_api -------------------------------
Resources: 0/1 (0.0%) | Time: 1.47s | Rate: 0.00/s
orders: 500  | Time: 1.10s | Rate: 455.16/s

------------------------------- Extract rest_api -------------------------------
Resources: 0/1 (0.0%) | Time: 2.60s | Rate: 0.00/s
orders: 900  | Time: 2.23s | Rate: 403.84/s

------------------------------- Extract rest_api -------------------------------
Resources: 0/1 (0.0%) | Time: 3.81s | Rate: 0.00/s
orders: 1300  | Time: 3.43s | Rate: 378.54/s

------------------------------- Extract rest_api -------------------------------
Resources: 0/1 (0.0%) | Time: 4.92s | Rate: 0.00/s
orders: 1700  | Time: 4.55s | Rate: 373.91/s

------------------------------- Extract rest_api -------------------------------
Resources: 0/1 (0.0%) | Time: 6.09s | Rate: 0.00/s
orders: 2100  | Time: 5.71s | Rate: 367.73/s

------------------------------- Extract rest_api -------------------------------
Resources: 0/1 (0.0%) | Time: 7.23s | Rate: 0.00/s
orders: 2500  | Time: 6.85s | Rate: 364.85/s

------------------------------- Extract rest_api -------------------------------
Resources: 0/1 (0.0%) | Time: 8.25s | Rate: 0.00/s
orders: 2800  | Time: 7.87s | Rate: 355.60/s

------------------------------- Extract rest_api -------------------------------
Resources: 0/1 (0.0%) | Time: 9.42s | Rate: 0.00/s
orders: 3200  | Time: 9.05s | Rate: 353.74/s

------------------------------- Extract rest_api -------------------------------
Resources: 0/1 (0.0%) | Time: 10.67s | Rate: 0.00/s
orders: 3600  | Time: 10.29s | Rate: 349.78/s

------------------------------- Extract rest_api -------------------------------
Resources: 0/1 (0.0%) | Time: 11.78s | Rate: 0.00/s
orders: 4000  | Time: 11.40s | Rate: 350.81/s

------------------------------- Extract rest_api -------------------------------
Resources: 0/1 (0.0%) | Time: 12.98s | Rate: 0.00/s
orders: 4400  | Time: 12.60s | Rate: 349.11/s

------------------------------- Extract rest_api -------------------------------
Resources: 0/1 (0.0%) | Time: 14.00s | Rate: 0.00/s
orders: 4700  | Time: 13.63s | Rate: 344.89/s

------------------------------- Extract rest_api -------------------------------
Resources: 1/1 (100.0%) | Time: 14.98s | Rate: 0.07/s
orders: 5000  | Time: 14.61s | Rate: 342.34/s

------------------- Normalize rest_api in 1751625337.243955 --------------------
Files: 0/1 (0.0%) | Time: 0.00s | Rate: 0.00/s

------------------- Normalize rest_api in 1751625337.243955 --------------------
Files: 0/1 (0.0%) | Time: 0.00s | Rate: 0.00/s
Items: 0  | Time: 0.00s | Rate: 0.00/s

------------------- Normalize rest_api in 1751625337.243955 --------------------
Files: 2/1 (200.0%) | Time: 0.47s | Rate: 4.24/s
Items: 12593  | Time: 0.47s | Rate: 26669.34/s

---------------------- Load rest_api in 1751625337.243955 ----------------------
Jobs: 0/2 (0.0%) | Time: 0.00s | Rate: 0.00/s

---------------------- Load rest_api in 1751625337.243955 ----------------------
Jobs: 0/2 (0.0%) | Time: 6.55s | Rate: 0.00/s

---------------------- Load rest_api in 1751625337.243955 ----------------------
Jobs: 2/2 (100.0%) | Time: 8.84s | Rate: 0.23/s

