------------------------------- Extract rest_api -------------------------------
Resources: 0/1 (0.0%) | Time: 0.00s | Rate: 0.00/s

------------------------------- Extract rest_api -------------------------------
Resources: 0/1 (0.0%) | Time: 0.19s | Rate: 0.00/s
customers: 100  | Time: 0.00s | Rate: 32263876.92/s

------------------------------- Extract rest_api -------------------------------
Resources: 0/1 (0.0%) | Time: 1.47s | Rate: 0.00/s
customers: 600  | Time: 1.28s | Rate: 467.70/s

------------------------------- Extract rest_api -------------------------------
Resources: 0/1 (0.0%) | Time: 2.50s | Rate: 0.00/s
customers: 935  | Time: 2.31s | Rate: 404.28/s

------------------------------- Extract rest_api -------------------------------
Resources: 1/1 (100.0%) | Time: 2.52s | Rate: 0.40/s
customers: 935  | Time: 2.33s | Rate: 401.50/s

------------------- Normalize rest_api in 1751363457.043731 --------------------
Files: 0/1 (0.0%) | Time: 0.00s | Rate: 0.00/s

------------------- Normalize rest_api in 1751363457.043731 --------------------
Files: 0/1 (0.0%) | Time: 0.00s | Rate: 0.00/s
Items: 0  | Time: 0.00s | Rate: 0.00/s

------------------- Normalize rest_api in 1751363457.043731 --------------------
Files: 1/1 (100.0%) | Time: 0.02s | Rate: 61.48/s
Items: 935  | Time: 0.02s | Rate: 57595.45/s

---------------------- Load rest_api in 1751363457.043731 ----------------------
Jobs: 0/1 (0.0%) | Time: 0.00s | Rate: 0.00/s

---------------------- Load rest_api in 1751363457.043731 ----------------------
Jobs: 0/1 (0.0%) | Time: 2.32s | Rate: 0.00/s

