------------------------------- Extract rest_api -------------------------------
Resources: 0/1 (0.0%) | Time: 0.00s | Rate: 0.00/s

------------------------------- Extract rest_api -------------------------------
Resources: 0/1 (0.0%) | Time: 0.42s | Rate: 0.00/s
supplies: 65  | Time: 0.00s | Rate: 12392261.82/s

------------------------------- Extract rest_api -------------------------------
Resources: 1/1 (100.0%) | Time: 0.43s | Rate: 2.32/s
supplies: 65  | Time: 0.01s | Rate: 4869.95/s

------------------- Normalize rest_api in 1751363457.041332 --------------------
Files: 0/1 (0.0%) | Time: 0.00s | Rate: 0.00/s

------------------- Normalize rest_api in 1751363457.041332 --------------------
Files: 0/1 (0.0%) | Time: 0.00s | Rate: 0.00/s
Items: 0  | Time: 0.00s | Rate: 0.00/s

------------------- Normalize rest_api in 1751363457.041332 --------------------
Files: 1/1 (100.0%) | Time: 0.01s | Rate: 120.22/s
Items: 65  | Time: 0.01s | Rate: 7903.69/s

---------------------- Load rest_api in 1751363457.041332 ----------------------
Jobs: 0/1 (0.0%) | Time: 0.00s | Rate: 0.00/s

---------------------- Load rest_api in 1751363457.041332 ----------------------
Jobs: 0/1 (0.0%) | Time: 4.40s | Rate: 0.00/s

