------------------------------- Extract rest_api -------------------------------
Resources: 0/1 (0.0%) | Time: 0.00s | Rate: 0.00/s

------------------------------- Extract rest_api -------------------------------
Resources: 0/1 (0.0%) | Time: 0.29s | Rate: 0.00/s
products: 10  | Time: 0.00s | Rate: 1613193.85/s

------------------------------- Extract rest_api -------------------------------
Resources: 1/1 (100.0%) | Time: 0.31s | Rate: 3.25/s
products: 10  | Time: 0.01s | Rate: 747.94/s

------------------- Normalize rest_api in 1751363457.1535301 -------------------
Files: 0/1 (0.0%) | Time: 0.00s | Rate: 0.00/s

------------------- Normalize rest_api in 1751363457.1535301 -------------------
Files: 0/1 (0.0%) | Time: 0.00s | Rate: 0.00/s
Items: 0  | Time: 0.00s | Rate: 0.00/s

------------------- Normalize rest_api in 1751363457.1535301 -------------------
Files: 1/1 (100.0%) | Time: 0.01s | Rate: 196.16/s
Items: 10  | Time: 0.01s | Rate: 1977.89/s

--------------------- Load rest_api in 1751363457.1535301 ----------------------
Jobs: 0/1 (0.0%) | Time: 0.00s | Rate: 0.00/s

--------------------- Load rest_api in 1751363457.1535301 ----------------------
Jobs: 0/1 (0.0%) | Time: 4.42s | Rate: 0.00/s

