------------------------------- Extract rest_api -------------------------------
Resources: 0/1 (0.0%) | Time: 0.00s | Rate: 0.00/s

------------------------------- Extract rest_api -------------------------------
Resources: 0/1 (0.0%) | Time: 0.32s | Rate: 0.00/s
supplies: 65  | Time: 0.00s | Rate: 15146097.78/s

------------------------------- Extract rest_api -------------------------------
Resources: 1/1 (100.0%) | Time: 0.33s | Rate: 2.99/s
supplies: 65  | Time: 0.01s | Rate: 5946.77/s

------------------- Normalize rest_api in 1751287184.420814 --------------------
Files: 0/1 (0.0%) | Time: 0.00s | Rate: 0.00/s

------------------- Normalize rest_api in 1751287184.420814 --------------------
Files: 0/1 (0.0%) | Time: 0.00s | Rate: 0.00/s
Items: 0  | Time: 0.00s | Rate: 0.00/s

------------------- Normalize rest_api in 1751287184.420814 --------------------
Files: 1/1 (100.0%) | Time: 0.00s | Rate: 202.76/s
Items: 65  | Time: 0.00s | Rate: 13268.59/s

---------------------- Load rest_api in 1751287184.420814 ----------------------
Jobs: 0/1 (0.0%) | Time: 0.00s | Rate: 0.00/s

---------------------- Load rest_api in 1751287184.420814 ----------------------
Jobs: 0/1 (0.0%) | Time: 9.61s | Rate: 0.00/s

---------------------- Load rest_api in 1751287184.420814 ----------------------
Jobs: 1/1 (100.0%) | Time: 12.31s | Rate: 0.08/s

