------------------------------- Extract rest_api -------------------------------
Resources: 0/1 (0.0%) | Time: 0.00s | Rate: 0.00/s

------------------------------- Extract rest_api -------------------------------
Resources: 0/1 (0.0%) | Time: 0.40s | Rate: 0.00/s
items: 100  | Time: 0.00s | Rate: 32263876.92/s

------------------------------- Extract rest_api -------------------------------
Resources: 0/1 (0.0%) | Time: 1.42s | Rate: 0.00/s
items: 500  | Time: 1.03s | Rate: 487.34/s

------------------------------- Extract rest_api -------------------------------
Resources: 0/1 (0.0%) | Time: 2.57s | Rate: 0.00/s
items: 1100  | Time: 2.17s | Rate: 506.09/s

------------------------------- Extract rest_api -------------------------------
Resources: 0/1 (0.0%) | Time: 3.62s | Rate: 0.00/s
items: 1600  | Time: 3.23s | Rate: 495.94/s

------------------------------- Extract rest_api -------------------------------
Resources: 0/1 (0.0%) | Time: 4.89s | Rate: 0.00/s
items: 2200  | Time: 4.49s | Rate: 490.00/s

------------------------------- Extract rest_api -------------------------------
Resources: 0/1 (0.0%) | Time: 6.17s | Rate: 0.00/s
items: 2700  | Time: 5.77s | Rate: 467.53/s

------------------------------- Extract rest_api -------------------------------
Resources: 0/1 (0.0%) | Time: 7.51s | Rate: 0.00/s
items: 3200  | Time: 7.12s | Rate: 449.57/s

------------------------------- Extract rest_api -------------------------------
Resources: 0/1 (0.0%) | Time: 8.74s | Rate: 0.00/s
items: 3700  | Time: 8.35s | Rate: 443.34/s

------------------------------- Extract rest_api -------------------------------
Resources: 0/1 (0.0%) | Time: 9.93s | Rate: 0.00/s
items: 4300  | Time: 9.53s | Rate: 451.00/s

------------------------------- Extract rest_api -------------------------------
Resources: 0/1 (0.0%) | Time: 11.00s | Rate: 0.00/s
items: 4800  | Time: 10.60s | Rate: 452.73/s

------------------------------- Extract rest_api -------------------------------
Resources: 1/1 (100.0%) | Time: 11.55s | Rate: 0.09/s
items: 5000  | Time: 11.15s | Rate: 448.35/s

------------------- Normalize rest_api in 1751287184.334669 --------------------
Files: 0/1 (0.0%) | Time: 0.00s | Rate: 0.00/s

------------------- Normalize rest_api in 1751287184.334669 --------------------
Files: 0/1 (0.0%) | Time: 0.00s | Rate: 0.00/s
Items: 0  | Time: 0.00s | Rate: 0.00/s

------------------- Normalize rest_api in 1751287184.334669 --------------------
Files: 1/1 (100.0%) | Time: 0.09s | Rate: 11.73/s
Items: 5000  | Time: 0.09s | Rate: 58689.67/s

---------------------- Load rest_api in 1751287184.334669 ----------------------
Jobs: 0/1 (0.0%) | Time: 0.00s | Rate: 0.00/s

---------------------- Load rest_api in 1751287184.334669 ----------------------
Jobs: 0/1 (0.0%) | Time: 7.00s | Rate: 0.00/s

---------------------- Load rest_api in 1751287184.334669 ----------------------
Jobs: 1/1 (100.0%) | Time: 9.20s | Rate: 0.11/s

