------------------------------- Extract rest_api -------------------------------
Resources: 0/1 (0.0%) | Time: 0.00s | Rate: 0.00/s

------------------------------- Extract rest_api -------------------------------
Resources: 0/1 (0.0%) | Time: 0.39s | Rate: 0.00/s
orders: 100  | Time: 0.00s | Rate: 26214400.00/s

------------------------------- Extract rest_api -------------------------------
Resources: 0/1 (0.0%) | Time: 1.63s | Rate: 0.00/s
orders: 500  | Time: 1.24s | Rate: 403.78/s

------------------------------- Extract rest_api -------------------------------
Resources: 0/1 (0.0%) | Time: 2.90s | Rate: 0.00/s
orders: 900  | Time: 2.51s | Rate: 359.07/s

------------------------------- Extract rest_api -------------------------------
Resources: 0/1 (0.0%) | Time: 3.93s | Rate: 0.00/s
orders: 1200  | Time: 3.54s | Rate: 339.21/s

------------------------------- Extract rest_api -------------------------------
Resources: 0/1 (0.0%) | Time: 5.17s | Rate: 0.00/s
orders: 1600  | Time: 4.78s | Rate: 334.53/s

------------------------------- Extract rest_api -------------------------------
Resources: 0/1 (0.0%) | Time: 6.43s | Rate: 0.00/s
orders: 2000  | Time: 6.04s | Rate: 331.14/s

------------------------------- Extract rest_api -------------------------------
Resources: 0/1 (0.0%) | Time: 7.51s | Rate: 0.00/s
orders: 2300  | Time: 7.12s | Rate: 323.16/s

------------------------------- Extract rest_api -------------------------------
Resources: 0/1 (0.0%) | Time: 8.78s | Rate: 0.00/s
orders: 2700  | Time: 8.39s | Rate: 321.95/s

------------------------------- Extract rest_api -------------------------------
Resources: 0/1 (0.0%) | Time: 9.94s | Rate: 0.00/s
orders: 3000  | Time: 9.55s | Rate: 314.30/s

------------------------------- Extract rest_api -------------------------------
Resources: 0/1 (0.0%) | Time: 10.99s | Rate: 0.00/s
orders: 3300  | Time: 10.60s | Rate: 311.25/s

------------------------------- Extract rest_api -------------------------------
Resources: 0/1 (0.0%) | Time: 12.21s | Rate: 0.00/s
orders: 3600  | Time: 11.82s | Rate: 304.47/s

------------------------------- Extract rest_api -------------------------------
Resources: 0/1 (0.0%) | Time: 13.65s | Rate: 0.00/s
orders: 4000  | Time: 13.26s | Rate: 301.61/s

------------------------------- Extract rest_api -------------------------------
Resources: 0/1 (0.0%) | Time: 14.65s | Rate: 0.00/s
orders: 4300  | Time: 14.26s | Rate: 301.47/s

------------------------------- Extract rest_api -------------------------------
Resources: 0/1 (0.0%) | Time: 15.90s | Rate: 0.00/s
orders: 4600  | Time: 15.51s | Rate: 296.52/s

------------------------------- Extract rest_api -------------------------------
Resources: 0/1 (0.0%) | Time: 17.03s | Rate: 0.00/s
orders: 4900  | Time: 16.64s | Rate: 294.47/s

------------------------------- Extract rest_api -------------------------------
Resources: 1/1 (100.0%) | Time: 17.39s | Rate: 0.06/s
orders: 5000  | Time: 17.00s | Rate: 294.05/s

-------------------- Normalize rest_api in 1751287184.3411 ---------------------
Files: 0/1 (0.0%) | Time: 0.00s | Rate: 0.00/s

-------------------- Normalize rest_api in 1751287184.3411 ---------------------
Files: 0/1 (0.0%) | Time: 0.00s | Rate: 0.00/s
Items: 0  | Time: 0.00s | Rate: 0.00/s

-------------------- Normalize rest_api in 1751287184.3411 ---------------------
Files: 2/1 (200.0%) | Time: 0.30s | Rate: 6.77/s
Items: 12593  | Time: 0.30s | Rate: 42611.33/s

----------------------- Load rest_api in 1751287184.3411 -----------------------
Jobs: 0/2 (0.0%) | Time: 0.00s | Rate: 0.00/s

----------------------- Load rest_api in 1751287184.3411 -----------------------
Jobs: 0/2 (0.0%) | Time: 6.51s | Rate: 0.00/s

----------------------- Load rest_api in 1751287184.3411 -----------------------
Jobs: 2/2 (100.0%) | Time: 8.62s | Rate: 0.23/s

