------------------------------- Extract rest_api -------------------------------
Resources: 0/1 (0.0%) | Time: 0.00s | Rate: 0.00/s

------------------------------- Extract rest_api -------------------------------
Resources: 0/1 (0.0%) | Time: 0.11s | Rate: 0.00/s
products: 10  | Time: 0.00s | Rate: 3226387.69/s

------------------------------- Extract rest_api -------------------------------
Resources: 1/1 (100.0%) | Time: 0.12s | Rate: 8.03/s
products: 10  | Time: 0.01s | Rate: 759.42/s

------------------- Normalize rest_api in 1751287184.341703 --------------------
Files: 0/1 (0.0%) | Time: 0.00s | Rate: 0.00/s

------------------- Normalize rest_api in 1751287184.341703 --------------------
Files: 0/1 (0.0%) | Time: 0.00s | Rate: 0.00/s
Items: 0  | Time: 0.00s | Rate: 0.00/s

------------------- Normalize rest_api in 1751287184.341703 --------------------
Files: 1/1 (100.0%) | Time: 0.00s | Rate: 239.63/s
Items: 10  | Time: 0.00s | Rate: 2417.74/s

---------------------- Load rest_api in 1751287184.341703 ----------------------
Jobs: 0/1 (0.0%) | Time: 0.00s | Rate: 0.00/s

---------------------- Load rest_api in 1751287184.341703 ----------------------
Jobs: 0/1 (0.0%) | Time: 6.19s | Rate: 0.00/s

---------------------- Load rest_api in 1751287184.341703 ----------------------
Jobs: 1/1 (100.0%) | Time: 8.05s | Rate: 0.12/s

