------------------------------- Extract rest_api -------------------------------
Resources: 0/1 (0.0%) | Time: 0.00s | Rate: 0.00/s

------------------------------- Extract rest_api -------------------------------
Resources: 0/1 (0.0%) | Time: 0.17s | Rate: 0.00/s
customers: 100  | Time: 0.00s | Rate: 38130036.36/s

------------------------------- Extract rest_api -------------------------------
Resources: 0/1 (0.0%) | Time: 1.36s | Rate: 0.00/s
customers: 800  | Time: 1.19s | Rate: 673.47/s

------------------------------- Extract rest_api -------------------------------
Resources: 1/1 (100.0%) | Time: 2.01s | Rate: 0.50/s
customers: 935  | Time: 1.84s | Rate: 507.99/s

------------------- Normalize rest_api in 1751287184.3104398 -------------------
Files: 0/1 (0.0%) | Time: 0.00s | Rate: 0.00/s

------------------- Normalize rest_api in 1751287184.3104398 -------------------
Files: 0/1 (0.0%) | Time: 0.00s | Rate: 0.00/s
Items: 0  | Time: 0.00s | Rate: 0.00/s

------------------- Normalize rest_api in 1751287184.3104398 -------------------
Files: 1/1 (100.0%) | Time: 0.02s | Rate: 48.00/s
Items: 935  | Time: 0.02s | Rate: 44977.45/s

--------------------- Load rest_api in 1751287184.3104398 ----------------------
Jobs: 0/1 (0.0%) | Time: 0.00s | Rate: 0.00/s

--------------------- Load rest_api in 1751287184.3104398 ----------------------
Jobs: 0/1 (0.0%) | Time: 6.06s | Rate: 0.00/s

--------------------- Load rest_api in 1751287184.3104398 ----------------------
Jobs: 1/1 (100.0%) | Time: 8.16s | Rate: 0.12/s

