------------------------------- Extract rest_api -------------------------------
Resources: 0/1 (0.0%) | Time: 0.00s | Rate: 0.00/s

------------------------------- Extract rest_api -------------------------------
Resources: 0/1 (0.0%) | Time: 0.20s | Rate: 0.00/s
items: 100  | Time: 0.00s | Rate: 19972876.19/s

------------------------------- Extract rest_api -------------------------------
Resources: 0/1 (0.0%) | Time: 1.33s | Rate: 0.00/s
items: 500  | Time: 1.13s | Rate: 443.17/s

------------------------------- Extract rest_api -------------------------------
Resources: 0/1 (0.0%) | Time: 2.35s | Rate: 0.00/s
items: 900  | Time: 2.15s | Rate: 419.18/s

------------------------------- Extract rest_api -------------------------------
Resources: 0/1 (0.0%) | Time: 3.58s | Rate: 0.00/s
items: 1500  | Time: 3.38s | Rate: 444.16/s

------------------------------- Extract rest_api -------------------------------
Resources: 0/1 (0.0%) | Time: 4.71s | Rate: 0.00/s
items: 2000  | Time: 4.51s | Rate: 443.86/s

------------------------------- Extract rest_api -------------------------------
Resources: 0/1 (0.0%) | Time: 5.71s | Rate: 0.00/s
items: 2300  | Time: 5.51s | Rate: 417.53/s

------------------------------- Extract rest_api -------------------------------
Resources: 0/1 (0.0%) | Time: 6.76s | Rate: 0.00/s
items: 2800  | Time: 6.56s | Rate: 426.51/s

------------------------------- Extract rest_api -------------------------------
Resources: 0/1 (0.0%) | Time: 7.97s | Rate: 0.00/s
items: 3300  | Time: 7.77s | Rate: 424.91/s

------------------------------- Extract rest_api -------------------------------
Resources: 0/1 (0.0%) | Time: 9.05s | Rate: 0.00/s
items: 3800  | Time: 8.85s | Rate: 429.27/s

------------------------------- Extract rest_api -------------------------------
Resources: 0/1 (0.0%) | Time: 10.30s | Rate: 0.00/s
items: 4300  | Time: 10.10s | Rate: 425.59/s

------------------------------- Extract rest_api -------------------------------
Resources: 0/1 (0.0%) | Time: 11.49s | Rate: 0.00/s
items: 4700  | Time: 11.29s | Rate: 416.40/s

------------------------------- Extract rest_api -------------------------------
Resources: 0/1 (0.0%) | Time: 12.95s | Rate: 0.00/s
items: 5200  | Time: 12.76s | Rate: 407.68/s

------------------------------- Extract rest_api -------------------------------
Resources: 0/1 (0.0%) | Time: 14.00s | Rate: 0.00/s
items: 5600  | Time: 13.80s | Rate: 405.77/s

------------------------------- Extract rest_api -------------------------------
Resources: 0/1 (0.0%) | Time: 15.15s | Rate: 0.00/s
items: 6000  | Time: 14.95s | Rate: 401.37/s

------------------------------- Extract rest_api -------------------------------
Resources: 0/1 (0.0%) | Time: 16.15s | Rate: 0.00/s
items: 6600  | Time: 15.95s | Rate: 413.80/s

------------------------------- Extract rest_api -------------------------------
Resources: 0/1 (0.0%) | Time: 17.29s | Rate: 0.00/s
items: 6900  | Time: 17.09s | Rate: 403.75/s

------------------------------- Extract rest_api -------------------------------
Resources: 0/1 (0.0%) | Time: 18.31s | Rate: 0.00/s
items: 7400  | Time: 18.11s | Rate: 408.71/s

------------------------------- Extract rest_api -------------------------------
Resources: 0/1 (0.0%) | Time: 19.54s | Rate: 0.00/s
items: 7900  | Time: 19.34s | Rate: 408.55/s

------------------------------- Extract rest_api -------------------------------
Resources: 0/1 (0.0%) | Time: 20.77s | Rate: 0.00/s
items: 8500  | Time: 20.57s | Rate: 413.22/s

------------------------------- Extract rest_api -------------------------------
Resources: 0/1 (0.0%) | Time: 21.94s | Rate: 0.00/s
items: 8900  | Time: 21.74s | Rate: 409.32/s

------------------------------- Extract rest_api -------------------------------
Resources: 0/1 (0.0%) | Time: 23.04s | Rate: 0.00/s
items: 9400  | Time: 22.84s | Rate: 411.62/s

------------------------------- Extract rest_api -------------------------------
Resources: 0/1 (0.0%) | Time: 24.24s | Rate: 0.00/s
items: 10000  | Time: 24.04s | Rate: 416.01/s

------------------------------- Extract rest_api -------------------------------
Resources: 1/1 (100.0%) | Time: 24.25s | Rate: 0.04/s
items: 10000  | Time: 24.05s | Rate: 415.82/s

------------------------------- Extract rest_api -------------------------------
Resources: 0/1 (0.0%) | Time: 0.00s | Rate: 0.00/s

------------------------------- Extract rest_api -------------------------------
Resources: 0/1 (0.0%) | Time: 0.00s | Rate: 0.00/s
_dlt_pipeline_state: 1  | Time: 0.00s | Rate: 524288.00/s

------------------------------- Extract rest_api -------------------------------
Resources: 1/1 (100.0%) | Time: 0.02s | Rate: 66.45/s
_dlt_pipeline_state: 1  | Time: 0.01s | Rate: 72.48/s

------------------- Normalize rest_api in 1750863308.113738 --------------------
Files: 0/2 (0.0%) | Time: 0.00s | Rate: 0.00/s

------------------- Normalize rest_api in 1750863308.113738 --------------------
Files: 0/2 (0.0%) | Time: 0.00s | Rate: 0.00/s
Items: 0  | Time: 0.00s | Rate: 0.00/s

------------------- Normalize rest_api in 1750863308.113738 --------------------
Files: 2/2 (100.0%) | Time: 0.16s | Rate: 12.20/s
Items: 10001  | Time: 0.16s | Rate: 61027.21/s

---------------------- Load rest_api in 1750863308.113738 ----------------------
Jobs: 0/2 (0.0%) | Time: 0.00s | Rate: 0.00/s

---------------------- Load rest_api in 1750863308.113738 ----------------------
Jobs: 0/2 (0.0%) | Time: 9.49s | Rate: 0.00/s

---------------------- Load rest_api in 1750863308.113738 ----------------------
Jobs: 2/2 (100.0%) | Time: 14.33s | Rate: 0.14/s

