------------------------------- Extract rest_api -------------------------------
Resources: 0/1 (0.0%) | Time: 0.00s | Rate: 0.00/s

------------------------------- Extract rest_api -------------------------------
Resources: 0/1 (0.0%) | Time: 0.21s | Rate: 0.00/s
customers: 100  | Time: 0.00s | Rate: 20971520.00/s

------------------------------- Extract rest_api -------------------------------
Resources: 0/1 (0.0%) | Time: 1.33s | Rate: 0.00/s
customers: 500  | Time: 1.12s | Rate: 447.76/s

------------------------------- Extract rest_api -------------------------------
Resources: 0/1 (0.0%) | Time: 2.56s | Rate: 0.00/s
customers: 900  | Time: 2.35s | Rate: 382.97/s

------------------------------- Extract rest_api -------------------------------
Resources: 1/1 (100.0%) | Time: 2.90s | Rate: 0.34/s
customers: 935  | Time: 2.69s | Rate: 347.83/s

------------------------------- Extract rest_api -------------------------------
Resources: 0/1 (0.0%) | Time: 0.00s | Rate: 0.00/s

------------------------------- Extract rest_api -------------------------------
Resources: 0/1 (0.0%) | Time: 0.00s | Rate: 0.00/s
_dlt_pipeline_state: 1  | Time: 0.00s | Rate: 524288.00/s

------------------------------- Extract rest_api -------------------------------
Resources: 1/1 (100.0%) | Time: 0.02s | Rate: 64.47/s
_dlt_pipeline_state: 1  | Time: 0.01s | Rate: 71.42/s

------------------- Normalize rest_api in 1750863308.113344 --------------------
Files: 0/2 (0.0%) | Time: 0.00s | Rate: 0.00/s

------------------- Normalize rest_api in 1750863308.113344 --------------------
Files: 0/2 (0.0%) | Time: 0.00s | Rate: 0.00/s
Items: 0  | Time: 0.00s | Rate: 0.00/s

------------------- Normalize rest_api in 1750863308.113344 --------------------
Files: 2/2 (100.0%) | Time: 0.02s | Rate: 98.08/s
Items: 936  | Time: 0.02s | Rate: 45981.13/s

---------------------- Load rest_api in 1750863308.113344 ----------------------
Jobs: 0/2 (0.0%) | Time: 0.00s | Rate: 0.00/s

---------------------- Load rest_api in 1750863308.113344 ----------------------
Jobs: 0/2 (0.0%) | Time: 12.42s | Rate: 0.00/s

---------------------- Load rest_api in 1750863308.113344 ----------------------
Jobs: 2/2 (100.0%) | Time: 14.74s | Rate: 0.14/s

