------------------------------- Extract rest_api -------------------------------
Resources: 0/1 (0.0%) | Time: 0.00s | Rate: 0.00/s

------------------------------- Extract rest_api -------------------------------
Resources: 0/1 (0.0%) | Time: 0.17s | Rate: 0.00/s
products: 10  | Time: 0.00s | Rate: 2467237.65/s

------------------------------- Extract rest_api -------------------------------
Resources: 1/1 (100.0%) | Time: 0.18s | Rate: 5.62/s
products: 10  | Time: 0.01s | Rate: 917.09/s

------------------------------- Extract rest_api -------------------------------
Resources: 0/1 (0.0%) | Time: 0.00s | Rate: 0.00/s

------------------------------- Extract rest_api -------------------------------
Resources: 0/1 (0.0%) | Time: 0.00s | Rate: 0.00/s
_dlt_pipeline_state: 1  | Time: 0.00s | Rate: 1048576.00/s

------------------------------- Extract rest_api -------------------------------
Resources: 1/1 (100.0%) | Time: 0.01s | Rate: 69.40/s
_dlt_pipeline_state: 1  | Time: 0.01s | Rate: 76.46/s

------------------- Normalize rest_api in 1750863329.0975292 -------------------
Files: 0/2 (0.0%) | Time: 0.00s | Rate: 0.00/s

------------------- Normalize rest_api in 1750863329.0975292 -------------------
Files: 0/2 (0.0%) | Time: 0.00s | Rate: 0.00/s
Items: 0  | Time: 0.00s | Rate: 0.00/s

------------------- Normalize rest_api in 1750863329.0975292 -------------------
Files: 2/2 (100.0%) | Time: 0.01s | Rate: 333.40/s
Items: 11  | Time: 0.01s | Rate: 1852.16/s

--------------------- Load rest_api in 1750863329.0975292 ----------------------
Jobs: 0/2 (0.0%) | Time: 0.00s | Rate: 0.00/s

--------------------- Load rest_api in 1750863329.0975292 ----------------------
Jobs: 0/2 (0.0%) | Time: 9.57s | Rate: 0.00/s

--------------------- Load rest_api in 1750863329.0975292 ----------------------
Jobs: 2/2 (100.0%) | Time: 12.11s | Rate: 0.17/s

