------------------------------- Extract rest_api -------------------------------
Resources: 0/1 (0.0%) | Time: 0.00s | Rate: 0.00/s

------------------------------- Extract rest_api -------------------------------
Resources: 0/1 (0.0%) | Time: 0.41s | Rate: 0.00/s
supplies: 65  | Time: 0.00s | Rate: 16037044.71/s

------------------------------- Extract rest_api -------------------------------
Resources: 1/1 (100.0%) | Time: 0.42s | Rate: 2.36/s
supplies: 65  | Time: 0.01s | Rate: 4892.33/s

------------------------------- Extract rest_api -------------------------------
Resources: 0/1 (0.0%) | Time: 0.00s | Rate: 0.00/s

------------------------------- Extract rest_api -------------------------------
Resources: 0/1 (0.0%) | Time: 0.00s | Rate: 0.00/s
_dlt_pipeline_state: 1  | Time: 0.00s | Rate: 322638.77/s

------------------------------- Extract rest_api -------------------------------
Resources: 1/1 (100.0%) | Time: 0.02s | Rate: 62.29/s
_dlt_pipeline_state: 1  | Time: 0.01s | Rate: 70.02/s

------------------- Normalize rest_api in 1750863344.358517 --------------------
Files: 0/2 (0.0%) | Time: 0.00s | Rate: 0.00/s

------------------- Normalize rest_api in 1750863344.358517 --------------------
Files: 0/2 (0.0%) | Time: 0.00s | Rate: 0.00/s
Items: 0  | Time: 0.00s | Rate: 0.00/s

------------------- Normalize rest_api in 1750863344.358517 --------------------
Files: 2/2 (100.0%) | Time: 0.01s | Rate: 246.28/s
Items: 66  | Time: 0.01s | Rate: 8162.29/s

---------------------- Load rest_api in 1750863344.358517 ----------------------
Jobs: 0/2 (0.0%) | Time: 0.00s | Rate: 0.00/s

---------------------- Load rest_api in 1750863344.358517 ----------------------
Jobs: 0/2 (0.0%) | Time: 9.93s | Rate: 0.00/s

---------------------- Load rest_api in 1750863344.358517 ----------------------
Jobs: 2/2 (100.0%) | Time: 11.94s | Rate: 0.17/s

