------------------------------- Extract rest_api -------------------------------
Resources: 0/1 (0.0%) | Time: 0.00s | Rate: 0.00/s

------------------------------- Extract rest_api -------------------------------
Resources: 0/1 (0.0%) | Time: 0.12s | Rate: 0.00/s
products: 10  | Time: 0.00s | Rate: 3226387.69/s

------------------------------- Extract rest_api -------------------------------
Resources: 1/1 (100.0%) | Time: 0.14s | Rate: 7.38/s
products: 10  | Time: 0.01s | Rate: 763.29/s

------------------- Normalize rest_api in 1751284757.046842 --------------------
Files: 0/1 (0.0%) | Time: 0.00s | Rate: 0.00/s

------------------- Normalize rest_api in 1751284757.046842 --------------------
Files: 0/1 (0.0%) | Time: 0.00s | Rate: 0.00/s
Items: 0  | Time: 0.00s | Rate: 0.00/s

------------------- Normalize rest_api in 1751284757.046842 --------------------
Files: 1/1 (100.0%) | Time: 0.00s | Rate: 214.50/s
Items: 10  | Time: 0.00s | Rate: 2158.90/s

---------------------- Load rest_api in 1751284757.046842 ----------------------
Jobs: 0/1 (0.0%) | Time: 0.00s | Rate: 0.00/s

---------------------- Load rest_api in 1751284757.046842 ----------------------
Jobs: 0/1 (0.0%) | Time: 6.10s | Rate: 0.00/s

---------------------- Load rest_api in 1751284757.046842 ----------------------
Jobs: 1/1 (100.0%) | Time: 8.24s | Rate: 0.12/s

