------------------------------- Extract rest_api -------------------------------
Resources: 0/1 (0.0%) | Time: 0.00s | Rate: 0.00/s

------------------------------- Extract rest_api -------------------------------
Resources: 0/1 (0.0%) | Time: 0.38s | Rate: 0.00/s
orders: 100  | Time: 0.00s | Rate: 32263876.92/s

------------------------------- Extract rest_api -------------------------------
Resources: 0/1 (0.0%) | Time: 1.43s | Rate: 0.00/s
orders: 400  | Time: 1.05s | Rate: 381.00/s

------------------------------- Extract rest_api -------------------------------
Resources: 0/1 (0.0%) | Time: 2.60s | Rate: 0.00/s
orders: 800  | Time: 2.22s | Rate: 360.19/s

------------------------------- Extract rest_api -------------------------------
Resources: 0/1 (0.0%) | Time: 3.88s | Rate: 0.00/s
orders: 1200  | Time: 3.50s | Rate: 343.00/s

------------------------------- Extract rest_api -------------------------------
Resources: 0/1 (0.0%) | Time: 4.95s | Rate: 0.00/s
orders: 1500  | Time: 4.57s | Rate: 328.01/s

------------------------------- Extract rest_api -------------------------------
Resources: 0/1 (0.0%) | Time: 6.18s | Rate: 0.00/s
orders: 1900  | Time: 5.80s | Rate: 327.34/s

------------------------------- Extract rest_api -------------------------------
Resources: 0/1 (0.0%) | Time: 7.42s | Rate: 0.00/s
orders: 2300  | Time: 7.04s | Rate: 326.78/s

------------------------------- Extract rest_api -------------------------------
Resources: 0/1 (0.0%) | Time: 8.80s | Rate: 0.00/s
orders: 2700  | Time: 8.42s | Rate: 320.68/s

------------------------------- Extract rest_api -------------------------------
Resources: 0/1 (0.0%) | Time: 9.93s | Rate: 0.00/s
orders: 3000  | Time: 9.55s | Rate: 314.21/s

------------------------------- Extract rest_api -------------------------------
Resources: 0/1 (0.0%) | Time: 11.17s | Rate: 0.00/s
orders: 3400  | Time: 10.79s | Rate: 315.22/s

------------------------------- Extract rest_api -------------------------------
Resources: 0/1 (0.0%) | Time: 12.27s | Rate: 0.00/s
orders: 3800  | Time: 11.89s | Rate: 319.50/s

------------------------------- Extract rest_api -------------------------------
Resources: 0/1 (0.0%) | Time: 13.53s | Rate: 0.00/s
orders: 4200  | Time: 13.15s | Rate: 319.42/s

------------------------------- Extract rest_api -------------------------------
Resources: 0/1 (0.0%) | Time: 14.86s | Rate: 0.00/s
orders: 4600  | Time: 14.48s | Rate: 317.71/s

------------------------------- Extract rest_api -------------------------------
Resources: 0/1 (0.0%) | Time: 15.88s | Rate: 0.00/s
orders: 4900  | Time: 15.50s | Rate: 316.10/s

------------------------------- Extract rest_api -------------------------------
Resources: 0/1 (0.0%) | Time: 17.18s | Rate: 0.00/s
orders: 5300  | Time: 16.80s | Rate: 315.41/s

------------------------------- Extract rest_api -------------------------------
Resources: 0/1 (0.0%) | Time: 18.47s | Rate: 0.00/s
orders: 5700  | Time: 18.09s | Rate: 315.11/s

------------------------------- Extract rest_api -------------------------------
Resources: 0/1 (0.0%) | Time: 19.77s | Rate: 0.00/s
orders: 6100  | Time: 19.39s | Rate: 314.67/s

------------------------------- Extract rest_api -------------------------------
Resources: 0/1 (0.0%) | Time: 20.80s | Rate: 0.00/s
orders: 6400  | Time: 20.42s | Rate: 313.43/s

------------------------------- Extract rest_api -------------------------------
Resources: 0/1 (0.0%) | Time: 22.08s | Rate: 0.00/s
orders: 6800  | Time: 21.70s | Rate: 313.43/s

------------------------------- Extract rest_api -------------------------------
Resources: 0/1 (0.0%) | Time: 23.35s | Rate: 0.00/s
orders: 7200  | Time: 22.97s | Rate: 313.40/s

------------------------------- Extract rest_api -------------------------------
Resources: 0/1 (0.0%) | Time: 24.59s | Rate: 0.00/s
orders: 7600  | Time: 24.21s | Rate: 313.92/s

------------------------------- Extract rest_api -------------------------------
Resources: 0/1 (0.0%) | Time: 25.62s | Rate: 0.00/s
orders: 7900  | Time: 25.24s | Rate: 313.05/s

------------------------------- Extract rest_api -------------------------------
Resources: 0/1 (0.0%) | Time: 26.74s | Rate: 0.00/s
orders: 8200  | Time: 26.36s | Rate: 311.09/s

------------------------------- Extract rest_api -------------------------------
Resources: 0/1 (0.0%) | Time: 28.07s | Rate: 0.00/s
orders: 8600  | Time: 27.69s | Rate: 310.56/s

------------------------------- Extract rest_api -------------------------------
Resources: 0/1 (0.0%) | Time: 29.09s | Rate: 0.00/s
orders: 8900  | Time: 28.71s | Rate: 309.99/s

------------------------------- Extract rest_api -------------------------------
Resources: 0/1 (0.0%) | Time: 30.32s | Rate: 0.00/s
orders: 9300  | Time: 29.94s | Rate: 310.64/s

------------------------------- Extract rest_api -------------------------------
Resources: 0/1 (0.0%) | Time: 31.35s | Rate: 0.00/s
orders: 9600  | Time: 30.97s | Rate: 310.02/s

------------------------------- Extract rest_api -------------------------------
Resources: 0/1 (0.0%) | Time: 32.44s | Rate: 0.00/s
orders: 9900  | Time: 32.06s | Rate: 308.76/s

------------------------------- Extract rest_api -------------------------------
Resources: 1/1 (100.0%) | Time: 32.93s | Rate: 0.03/s
orders: 10000  | Time: 32.55s | Rate: 307.26/s

------------------- Normalize rest_api in 1751284757.0491252 -------------------
Files: 0/1 (0.0%) | Time: 0.00s | Rate: 0.00/s

------------------- Normalize rest_api in 1751284757.0491252 -------------------
Files: 0/1 (0.0%) | Time: 0.00s | Rate: 0.00/s
Items: 0  | Time: 0.00s | Rate: 0.00/s

------------------- Normalize rest_api in 1751284757.0491252 -------------------
Files: 2/1 (200.0%) | Time: 0.66s | Rate: 3.04/s
Items: 25270  | Time: 0.66s | Rate: 38460.54/s

--------------------- Load rest_api in 1751284757.0491252 ----------------------
Jobs: 0/2 (0.0%) | Time: 0.00s | Rate: 0.00/s

--------------------- Load rest_api in 1751284757.0491252 ----------------------
Jobs: 0/2 (0.0%) | Time: 6.99s | Rate: 0.00/s

--------------------- Load rest_api in 1751284757.0491252 ----------------------
Jobs: 2/2 (100.0%) | Time: 9.19s | Rate: 0.22/s

