------------------------------- Extract rest_api -------------------------------
Resources: 0/1 (0.0%) | Time: 0.00s | Rate: 0.00/s

------------------------------- Extract rest_api -------------------------------
Resources: 0/1 (0.0%) | Time: 0.25s | Rate: 0.00/s
customers: 100  | Time: 0.00s | Rate: 19065018.18/s

------------------------------- Extract rest_api -------------------------------
Resources: 0/1 (0.0%) | Time: 1.31s | Rate: 0.00/s
customers: 600  | Time: 1.06s | Rate: 566.21/s

------------------------------- Extract rest_api -------------------------------
Resources: 1/1 (100.0%) | Time: 2.28s | Rate: 0.44/s
customers: 935  | Time: 2.03s | Rate: 460.24/s

------------------- Normalize rest_api in 1751284757.168396 --------------------
Files: 0/1 (0.0%) | Time: 0.00s | Rate: 0.00/s

------------------- Normalize rest_api in 1751284757.168396 --------------------
Files: 0/1 (0.0%) | Time: 0.00s | Rate: 0.00/s
Items: 0  | Time: 0.00s | Rate: 0.00/s

------------------- Normalize rest_api in 1751284757.168396 --------------------
Files: 1/1 (100.0%) | Time: 0.02s | Rate: 52.61/s
Items: 935  | Time: 0.02s | Rate: 49301.33/s

---------------------- Load rest_api in 1751284757.168396 ----------------------
Jobs: 0/1 (0.0%) | Time: 0.00s | Rate: 0.00/s

---------------------- Load rest_api in 1751284757.168396 ----------------------
Jobs: 0/1 (0.0%) | Time: 6.33s | Rate: 0.00/s

---------------------- Load rest_api in 1751284757.168396 ----------------------
Jobs: 1/1 (100.0%) | Time: 8.36s | Rate: 0.12/s

