------------------------------- Extract rest_api -------------------------------
Resources: 0/1 (0.0%) | Time: 0.00s | Rate: 0.00/s

------------------------------- Extract rest_api -------------------------------
Resources: 0/1 (0.0%) | Time: 0.19s | Rate: 0.00/s
supplies: 65  | Time: 0.00s | Rate: 20971520.00/s

------------------------------- Extract rest_api -------------------------------
Resources: 1/1 (100.0%) | Time: 0.21s | Rate: 4.83/s
supplies: 65  | Time: 0.01s | Rate: 5144.35/s

------------------- Normalize rest_api in 1751284768.106955 --------------------
Files: 0/1 (0.0%) | Time: 0.00s | Rate: 0.00/s

------------------- Normalize rest_api in 1751284768.106955 --------------------
Files: 0/1 (0.0%) | Time: 0.00s | Rate: 0.00/s
Items: 0  | Time: 0.00s | Rate: 0.00/s

------------------- Normalize rest_api in 1751284768.106955 --------------------
Files: 1/1 (100.0%) | Time: 0.01s | Rate: 194.03/s
Items: 65  | Time: 0.01s | Rate: 12690.49/s

---------------------- Load rest_api in 1751284768.106955 ----------------------
Jobs: 0/1 (0.0%) | Time: 0.00s | Rate: 0.00/s

---------------------- Load rest_api in 1751284768.106955 ----------------------
Jobs: 0/1 (0.0%) | Time: 6.08s | Rate: 0.00/s

---------------------- Load rest_api in 1751284768.106955 ----------------------
Jobs: 1/1 (100.0%) | Time: 7.93s | Rate: 0.13/s

