------------------------------- Extract rest_api -------------------------------
Resources: 0/1 (0.0%) | Time: 0.00s | Rate: 0.00/s

------------------------------- Extract rest_api -------------------------------
Resources: 0/1 (0.0%) | Time: 0.36s | Rate: 0.00/s
items: 100  | Time: 0.00s | Rate: 34952533.33/s

------------------------------- Extract rest_api -------------------------------
Resources: 0/1 (0.0%) | Time: 1.43s | Rate: 0.00/s
items: 600  | Time: 1.06s | Rate: 563.41/s

------------------------------- Extract rest_api -------------------------------
Resources: 0/1 (0.0%) | Time: 2.60s | Rate: 0.00/s
items: 1100  | Time: 2.24s | Rate: 490.79/s

------------------------------- Extract rest_api -------------------------------
Resources: 0/1 (0.0%) | Time: 3.63s | Rate: 0.00/s
items: 1700  | Time: 3.27s | Rate: 519.96/s

------------------------------- Extract rest_api -------------------------------
Resources: 0/1 (0.0%) | Time: 4.69s | Rate: 0.00/s
items: 2100  | Time: 4.32s | Rate: 485.74/s

------------------------------- Extract rest_api -------------------------------
Resources: 0/1 (0.0%) | Time: 5.89s | Rate: 0.00/s
items: 2800  | Time: 5.53s | Rate: 506.50/s

------------------------------- Extract rest_api -------------------------------
Resources: 0/1 (0.0%) | Time: 7.06s | Rate: 0.00/s
items: 3300  | Time: 6.70s | Rate: 492.69/s

------------------------------- Extract rest_api -------------------------------
Resources: 0/1 (0.0%) | Time: 8.11s | Rate: 0.00/s
items: 3900  | Time: 7.74s | Rate: 503.64/s

------------------------------- Extract rest_api -------------------------------
Resources: 0/1 (0.0%) | Time: 9.22s | Rate: 0.00/s
items: 4500  | Time: 8.86s | Rate: 507.99/s

------------------------------- Extract rest_api -------------------------------
Resources: 0/1 (0.0%) | Time: 10.23s | Rate: 0.00/s
items: 4800  | Time: 9.87s | Rate: 486.35/s

------------------------------- Extract rest_api -------------------------------
Resources: 0/1 (0.0%) | Time: 11.43s | Rate: 0.00/s
items: 5400  | Time: 11.07s | Rate: 487.99/s

------------------------------- Extract rest_api -------------------------------
Resources: 0/1 (0.0%) | Time: 12.61s | Rate: 0.00/s
items: 6000  | Time: 12.24s | Rate: 490.00/s

------------------------------- Extract rest_api -------------------------------
Resources: 0/1 (0.0%) | Time: 13.79s | Rate: 0.00/s
items: 6800  | Time: 13.43s | Rate: 506.40/s

------------------------------- Extract rest_api -------------------------------
Resources: 0/1 (0.0%) | Time: 14.86s | Rate: 0.00/s
items: 7300  | Time: 14.49s | Rate: 503.64/s

------------------------------- Extract rest_api -------------------------------
Resources: 0/1 (0.0%) | Time: 15.88s | Rate: 0.00/s
items: 7700  | Time: 15.52s | Rate: 496.22/s

------------------------------- Extract rest_api -------------------------------
Resources: 0/1 (0.0%) | Time: 17.18s | Rate: 0.00/s
items: 8400  | Time: 16.82s | Rate: 499.42/s

------------------------------- Extract rest_api -------------------------------
Resources: 0/1 (0.0%) | Time: 18.48s | Rate: 0.00/s
items: 8900  | Time: 18.12s | Rate: 491.29/s

------------------------------- Extract rest_api -------------------------------
Resources: 0/1 (0.0%) | Time: 19.76s | Rate: 0.00/s
items: 9400  | Time: 19.40s | Rate: 484.50/s

------------------------------- Extract rest_api -------------------------------
Resources: 0/1 (0.0%) | Time: 20.80s | Rate: 0.00/s
items: 9700  | Time: 20.44s | Rate: 474.67/s

------------------------------- Extract rest_api -------------------------------
Resources: 1/1 (100.0%) | Time: 21.22s | Rate: 0.05/s
items: 10000  | Time: 20.86s | Rate: 479.43/s

------------------- Normalize rest_api in 1751284757.050838 --------------------
Files: 0/1 (0.0%) | Time: 0.00s | Rate: 0.00/s

------------------- Normalize rest_api in 1751284757.050838 --------------------
Files: 0/1 (0.0%) | Time: 0.00s | Rate: 0.00/s
Items: 0  | Time: 0.00s | Rate: 0.00/s

------------------- Normalize rest_api in 1751284757.050838 --------------------
Files: 1/1 (100.0%) | Time: 0.16s | Rate: 6.36/s
Items: 10000  | Time: 0.16s | Rate: 63595.83/s

---------------------- Load rest_api in 1751284757.050838 ----------------------
Jobs: 0/1 (0.0%) | Time: 0.00s | Rate: 0.00/s

---------------------- Load rest_api in 1751284757.050838 ----------------------
Jobs: 0/1 (0.0%) | Time: 6.08s | Rate: 0.00/s

---------------------- Load rest_api in 1751284757.050838 ----------------------
Jobs: 1/1 (100.0%) | Time: 8.29s | Rate: 0.12/s

