psutil dependency is not installed and mem stats will not be available. add psutil to your environment or pass dump_system_stats argument as False to disable warning.
------------------------------- Extract rest_api -------------------------------
Resources: 0/5 (0.0%) | Time: 0.00s | Rate: 0.00/s

------------------------------- Extract rest_api -------------------------------
Resources: 0/5 (0.0%) | Time: 0.29s | Rate: 0.00/s
customers: 100  | Time: 0.00s | Rate: 16131938.46/s

------------------------------- Extract rest_api -------------------------------
Resources: 0/5 (0.0%) | Time: 0.81s | Rate: 0.00/s
customers: 100  | Time: 0.52s | Rate: 191.78/s
orders: 100  | Time: 0.00s | Rate: 8388608.00/s

------------------------------- Extract rest_api -------------------------------
Resources: 0/5 (0.0%) | Time: 1.08s | Rate: 0.00/s
customers: 100  | Time: 0.78s | Rate: 127.53/s
orders: 100  | Time: 0.26s | Rate: 380.64/s
items: 100  | Time: 0.00s | Rate: 19972876.19/s

------------------------------- Extract rest_api -------------------------------
Resources: 0/5 (0.0%) | Time: 1.21s | Rate: 0.00/s
customers: 100  | Time: 0.92s | Rate: 108.65/s
orders: 100  | Time: 0.40s | Rate: 250.67/s
items: 100  | Time: 0.14s | Rate: 734.12/s
products: 10  | Time: 0.00s | Rate: 3226387.69/s

------------------------------- Extract rest_api -------------------------------
Resources: 0/5 (0.0%) | Time: 1.48s | Rate: 0.00/s
customers: 100  | Time: 1.18s | Rate: 84.41/s
orders: 100  | Time: 0.66s | Rate: 150.77/s
items: 100  | Time: 0.40s | Rate: 249.67/s
products: 10  | Time: 0.26s | Rate: 37.83/s
supplies: 65  | Time: 0.00s | Rate: 12982369.52/s

------------------------------- Extract rest_api -------------------------------
Resources: 2/5 (40.0%) | Time: 2.53s | Rate: 0.79/s
customers: 200  | Time: 2.24s | Rate: 89.39/s
orders: 200  | Time: 1.72s | Rate: 116.55/s
items: 200  | Time: 1.45s | Rate: 137.61/s
products: 10  | Time: 1.32s | Rate: 7.59/s
supplies: 65  | Time: 1.05s | Rate: 61.74/s

------------------------------- Extract rest_api -------------------------------
Resources: 2/5 (40.0%) | Time: 3.57s | Rate: 0.56/s
customers: 400  | Time: 3.28s | Rate: 122.01/s
orders: 400  | Time: 2.76s | Rate: 145.08/s
items: 300  | Time: 2.49s | Rate: 120.27/s
products: 10  | Time: 2.36s | Rate: 4.24/s
supplies: 65  | Time: 2.09s | Rate: 31.04/s

------------------------------- Extract rest_api -------------------------------
Resources: 2/5 (40.0%) | Time: 4.83s | Rate: 0.41/s
customers: 600  | Time: 4.54s | Rate: 132.14/s
orders: 600  | Time: 4.02s | Rate: 149.28/s
items: 500  | Time: 3.76s | Rate: 133.10/s
products: 10  | Time: 3.62s | Rate: 2.76/s
supplies: 65  | Time: 3.36s | Rate: 19.37/s

------------------------------- Extract rest_api -------------------------------
Resources: 2/5 (40.0%) | Time: 6.03s | Rate: 0.33/s
customers: 800  | Time: 5.74s | Rate: 139.30/s
orders: 800  | Time: 5.22s | Rate: 153.22/s
items: 700  | Time: 4.96s | Rate: 141.17/s
products: 10  | Time: 4.82s | Rate: 2.07/s
supplies: 65  | Time: 4.56s | Rate: 14.26/s

------------------------------- Extract rest_api -------------------------------
Resources: 2/5 (40.0%) | Time: 7.35s | Rate: 0.27/s
customers: 935  | Time: 7.06s | Rate: 132.52/s
orders: 900  | Time: 6.53s | Rate: 137.74/s
items: 900  | Time: 6.27s | Rate: 143.51/s
products: 10  | Time: 6.14s | Rate: 1.63/s
supplies: 65  | Time: 5.87s | Rate: 11.07/s

------------------------------- Extract rest_api -------------------------------
Resources: 3/5 (60.0%) | Time: 8.39s | Rate: 0.36/s
customers: 935  | Time: 8.10s | Rate: 115.41/s
orders: 1000  | Time: 7.58s | Rate: 131.92/s
items: 1000  | Time: 7.32s | Rate: 136.65/s
products: 10  | Time: 7.18s | Rate: 1.39/s
supplies: 65  | Time: 6.92s | Rate: 9.40/s

------------------------------- Extract rest_api -------------------------------
Resources: 3/5 (60.0%) | Time: 9.61s | Rate: 0.31/s
customers: 935  | Time: 9.32s | Rate: 100.30/s
orders: 1300  | Time: 8.80s | Rate: 147.72/s
items: 1200  | Time: 8.54s | Rate: 140.55/s
products: 10  | Time: 8.40s | Rate: 1.19/s
supplies: 65  | Time: 8.14s | Rate: 7.99/s

------------------------------- Extract rest_api -------------------------------
Resources: 3/5 (60.0%) | Time: 10.67s | Rate: 0.28/s
customers: 935  | Time: 10.38s | Rate: 90.08/s
orders: 1500  | Time: 9.86s | Rate: 152.16/s
items: 1500  | Time: 9.60s | Rate: 156.33/s
products: 10  | Time: 9.46s | Rate: 1.06/s
supplies: 65  | Time: 9.19s | Rate: 7.07/s

------------------------------- Extract rest_api -------------------------------
Resources: 3/5 (60.0%) | Time: 12.08s | Rate: 0.25/s
customers: 935  | Time: 11.79s | Rate: 79.31/s
orders: 1800  | Time: 11.27s | Rate: 159.75/s
items: 1700  | Time: 11.00s | Rate: 154.48/s
products: 10  | Time: 10.87s | Rate: 0.92/s
supplies: 65  | Time: 10.60s | Rate: 6.13/s

------------------------------- Extract rest_api -------------------------------
Resources: 3/5 (60.0%) | Time: 13.17s | Rate: 0.23/s
customers: 935  | Time: 12.88s | Rate: 72.60/s
orders: 2000  | Time: 12.36s | Rate: 161.84/s
items: 2000  | Time: 12.10s | Rate: 165.36/s
products: 10  | Time: 11.96s | Rate: 0.84/s
supplies: 65  | Time: 11.69s | Rate: 5.56/s

------------------------------- Extract rest_api -------------------------------
Resources: 3/5 (60.0%) | Time: 14.20s | Rate: 0.21/s
customers: 935  | Time: 13.91s | Rate: 67.23/s
orders: 2200  | Time: 13.39s | Rate: 164.36/s
items: 2200  | Time: 13.12s | Rate: 167.65/s
products: 10  | Time: 12.99s | Rate: 0.77/s
supplies: 65  | Time: 12.72s | Rate: 5.11/s

------------------------------- Extract rest_api -------------------------------
Resources: 3/5 (60.0%) | Time: 15.32s | Rate: 0.20/s
customers: 935  | Time: 15.03s | Rate: 62.20/s
orders: 2400  | Time: 14.51s | Rate: 165.41/s
items: 2400  | Time: 14.25s | Rate: 168.46/s
products: 10  | Time: 14.11s | Rate: 0.71/s
supplies: 65  | Time: 13.85s | Rate: 4.69/s

------------------------------- Extract rest_api -------------------------------
Resources: 3/5 (60.0%) | Time: 16.34s | Rate: 0.18/s
customers: 935  | Time: 16.05s | Rate: 58.26/s
orders: 2600  | Time: 15.53s | Rate: 167.45/s
items: 2600  | Time: 15.26s | Rate: 170.33/s
products: 10  | Time: 15.13s | Rate: 0.66/s
supplies: 65  | Time: 14.86s | Rate: 4.37/s

------------------------------- Extract rest_api -------------------------------
Resources: 3/5 (60.0%) | Time: 17.37s | Rate: 0.17/s
customers: 935  | Time: 17.08s | Rate: 54.75/s
orders: 2800  | Time: 16.56s | Rate: 169.11/s
items: 2700  | Time: 16.29s | Rate: 165.70/s
products: 10  | Time: 16.16s | Rate: 0.62/s
supplies: 65  | Time: 15.89s | Rate: 4.09/s

------------------------------- Extract rest_api -------------------------------
Resources: 3/5 (60.0%) | Time: 18.40s | Rate: 0.16/s
customers: 935  | Time: 18.11s | Rate: 51.63/s
orders: 3000  | Time: 17.59s | Rate: 170.58/s
items: 3000  | Time: 17.32s | Rate: 173.16/s
products: 10  | Time: 17.19s | Rate: 0.58/s
supplies: 65  | Time: 16.92s | Rate: 3.84/s

------------------------------- Extract rest_api -------------------------------
Resources: 3/5 (60.0%) | Time: 19.55s | Rate: 0.15/s
customers: 935  | Time: 19.25s | Rate: 48.56/s
orders: 3200  | Time: 18.73s | Rate: 170.82/s
items: 3100  | Time: 18.47s | Rate: 167.84/s
products: 10  | Time: 18.33s | Rate: 0.55/s
supplies: 65  | Time: 18.07s | Rate: 3.60/s

------------------------------- Extract rest_api -------------------------------
Resources: 3/5 (60.0%) | Time: 20.57s | Rate: 0.15/s
customers: 935  | Time: 20.28s | Rate: 46.10/s
orders: 3400  | Time: 19.76s | Rate: 172.07/s
items: 3300  | Time: 19.50s | Rate: 169.26/s
products: 10  | Time: 19.36s | Rate: 0.52/s
supplies: 65  | Time: 19.10s | Rate: 3.40/s

------------------------------- Extract rest_api -------------------------------
Resources: 3/5 (60.0%) | Time: 21.80s | Rate: 0.14/s
customers: 935  | Time: 21.51s | Rate: 43.48/s
orders: 3600  | Time: 20.98s | Rate: 171.55/s
items: 3500  | Time: 20.72s | Rate: 168.90/s
products: 10  | Time: 20.59s | Rate: 0.49/s
supplies: 65  | Time: 20.32s | Rate: 3.20/s

------------------------------- Extract rest_api -------------------------------
Resources: 3/5 (60.0%) | Time: 22.90s | Rate: 0.13/s
customers: 935  | Time: 22.61s | Rate: 41.36/s
orders: 3800  | Time: 22.09s | Rate: 172.05/s
items: 3700  | Time: 21.82s | Rate: 169.54/s
products: 10  | Time: 21.69s | Rate: 0.46/s
supplies: 65  | Time: 21.42s | Rate: 3.03/s

------------------------------- Extract rest_api -------------------------------
Resources: 3/5 (60.0%) | Time: 24.05s | Rate: 0.12/s
customers: 935  | Time: 23.76s | Rate: 39.35/s
orders: 4000  | Time: 23.24s | Rate: 172.13/s
items: 3900  | Time: 22.97s | Rate: 169.75/s
products: 10  | Time: 22.84s | Rate: 0.44/s
supplies: 65  | Time: 22.57s | Rate: 2.88/s

------------------------------- Extract rest_api -------------------------------
Resources: 3/5 (60.0%) | Time: 25.05s | Rate: 0.12/s
customers: 935  | Time: 24.76s | Rate: 37.76/s
orders: 4200  | Time: 24.24s | Rate: 173.26/s
items: 4200  | Time: 23.98s | Rate: 175.16/s
products: 10  | Time: 23.84s | Rate: 0.42/s
supplies: 65  | Time: 23.58s | Rate: 2.76/s

------------------------------- Extract rest_api -------------------------------
Resources: 3/5 (60.0%) | Time: 26.11s | Rate: 0.11/s
customers: 935  | Time: 25.81s | Rate: 36.22/s
orders: 4400  | Time: 25.29s | Rate: 173.97/s
items: 4300  | Time: 25.03s | Rate: 171.80/s
products: 10  | Time: 24.89s | Rate: 0.40/s
supplies: 65  | Time: 24.63s | Rate: 2.64/s

------------------------------- Extract rest_api -------------------------------
Resources: 3/5 (60.0%) | Time: 27.31s | Rate: 0.11/s
customers: 935  | Time: 27.02s | Rate: 34.60/s
orders: 4600  | Time: 26.50s | Rate: 173.57/s
items: 4500  | Time: 26.24s | Rate: 171.50/s
products: 10  | Time: 26.10s | Rate: 0.38/s
supplies: 65  | Time: 25.84s | Rate: 2.52/s

------------------------------- Extract rest_api -------------------------------
Resources: 3/5 (60.0%) | Time: 28.41s | Rate: 0.11/s
customers: 935  | Time: 28.11s | Rate: 33.26/s
orders: 4800  | Time: 27.59s | Rate: 173.96/s
items: 4800  | Time: 27.33s | Rate: 175.63/s
products: 10  | Time: 27.19s | Rate: 0.37/s
supplies: 65  | Time: 26.93s | Rate: 2.41/s

------------------------------- Extract rest_api -------------------------------
Resources: 3/5 (60.0%) | Time: 29.55s | Rate: 0.10/s
customers: 935  | Time: 29.26s | Rate: 31.96/s
orders: 5000  | Time: 28.73s | Rate: 174.01/s
items: 5000  | Time: 28.47s | Rate: 175.61/s
products: 10  | Time: 28.34s | Rate: 0.35/s
supplies: 65  | Time: 28.07s | Rate: 2.32/s

------------------------------- Extract rest_api -------------------------------
Resources: 3/5 (60.0%) | Time: 30.57s | Rate: 0.10/s
customers: 935  | Time: 30.28s | Rate: 30.88/s
orders: 5200  | Time: 29.76s | Rate: 174.74/s
items: 5200  | Time: 29.50s | Rate: 176.30/s
products: 10  | Time: 29.36s | Rate: 0.34/s
supplies: 65  | Time: 29.09s | Rate: 2.23/s

------------------------------- Extract rest_api -------------------------------
Resources: 3/5 (60.0%) | Time: 31.62s | Rate: 0.09/s
customers: 935  | Time: 31.32s | Rate: 29.85/s
orders: 5400  | Time: 30.80s | Rate: 175.31/s
items: 5400  | Time: 30.54s | Rate: 176.82/s
products: 10  | Time: 30.40s | Rate: 0.33/s
supplies: 65  | Time: 30.14s | Rate: 2.16/s

------------------------------- Extract rest_api -------------------------------
Resources: 3/5 (60.0%) | Time: 33.07s | Rate: 0.09/s
customers: 935  | Time: 32.78s | Rate: 28.53/s
orders: 5700  | Time: 32.25s | Rate: 176.72/s
items: 5600  | Time: 31.99s | Rate: 175.05/s
products: 10  | Time: 31.86s | Rate: 0.31/s
supplies: 65  | Time: 31.59s | Rate: 2.06/s

------------------------------- Extract rest_api -------------------------------
Resources: 3/5 (60.0%) | Time: 34.09s | Rate: 0.09/s
customers: 935  | Time: 33.80s | Rate: 27.66/s
orders: 5900  | Time: 33.28s | Rate: 177.30/s
items: 5800  | Time: 33.01s | Rate: 175.69/s
products: 10  | Time: 32.88s | Rate: 0.30/s
supplies: 65  | Time: 32.61s | Rate: 1.99/s

------------------------------- Extract rest_api -------------------------------
Resources: 3/5 (60.0%) | Time: 35.22s | Rate: 0.09/s
customers: 935  | Time: 34.92s | Rate: 26.77/s
orders: 6100  | Time: 34.40s | Rate: 177.32/s
items: 6000  | Time: 34.14s | Rate: 175.75/s
products: 10  | Time: 34.00s | Rate: 0.29/s
supplies: 65  | Time: 33.74s | Rate: 1.93/s

------------------------------- Extract rest_api -------------------------------
Resources: 3/5 (60.0%) | Time: 36.29s | Rate: 0.08/s
customers: 935  | Time: 36.00s | Rate: 25.97/s
orders: 6300  | Time: 35.48s | Rate: 177.57/s
items: 6200  | Time: 35.22s | Rate: 176.06/s
products: 10  | Time: 35.08s | Rate: 0.29/s
supplies: 65  | Time: 34.81s | Rate: 1.87/s

------------------------------- Extract rest_api -------------------------------
Resources: 3/5 (60.0%) | Time: 37.46s | Rate: 0.08/s
customers: 935  | Time: 37.17s | Rate: 25.15/s
orders: 6500  | Time: 36.65s | Rate: 177.36/s
items: 6400  | Time: 36.39s | Rate: 175.89/s
products: 10  | Time: 36.25s | Rate: 0.28/s
supplies: 65  | Time: 35.99s | Rate: 1.81/s

------------------------------- Extract rest_api -------------------------------
Resources: 3/5 (60.0%) | Time: 38.49s | Rate: 0.08/s
customers: 935  | Time: 38.20s | Rate: 24.48/s
orders: 6700  | Time: 37.68s | Rate: 177.81/s
items: 6600  | Time: 37.42s | Rate: 176.39/s
products: 10  | Time: 37.28s | Rate: 0.27/s
supplies: 65  | Time: 37.02s | Rate: 1.76/s

------------------------------- Extract rest_api -------------------------------
Resources: 3/5 (60.0%) | Time: 39.61s | Rate: 0.08/s
customers: 935  | Time: 39.32s | Rate: 23.78/s
orders: 6900  | Time: 38.80s | Rate: 177.84/s
items: 6900  | Time: 38.54s | Rate: 179.06/s
products: 10  | Time: 38.40s | Rate: 0.26/s
supplies: 65  | Time: 38.13s | Rate: 1.70/s

------------------------------- Extract rest_api -------------------------------
Resources: 3/5 (60.0%) | Time: 41.05s | Rate: 0.07/s
customers: 935  | Time: 40.76s | Rate: 22.94/s
orders: 7200  | Time: 40.24s | Rate: 178.93/s
items: 7100  | Time: 39.98s | Rate: 177.60/s
products: 10  | Time: 39.84s | Rate: 0.25/s
supplies: 65  | Time: 39.58s | Rate: 1.64/s

------------------------------- Extract rest_api -------------------------------
Resources: 3/5 (60.0%) | Time: 42.18s | Rate: 0.07/s
customers: 935  | Time: 41.89s | Rate: 22.32/s
orders: 7400  | Time: 41.36s | Rate: 178.90/s
items: 7300  | Time: 41.10s | Rate: 177.61/s
products: 10  | Time: 40.97s | Rate: 0.24/s
supplies: 65  | Time: 40.70s | Rate: 1.60/s

------------------------------- Extract rest_api -------------------------------
Resources: 3/5 (60.0%) | Time: 43.31s | Rate: 0.07/s
customers: 935  | Time: 43.01s | Rate: 21.74/s
orders: 7600  | Time: 42.49s | Rate: 178.85/s
items: 7500  | Time: 42.23s | Rate: 177.60/s
products: 10  | Time: 42.09s | Rate: 0.24/s
supplies: 65  | Time: 41.83s | Rate: 1.55/s

------------------------------- Extract rest_api -------------------------------
Resources: 3/5 (60.0%) | Time: 44.34s | Rate: 0.07/s
customers: 935  | Time: 44.04s | Rate: 21.23/s
orders: 7800  | Time: 43.52s | Rate: 179.22/s
items: 7800  | Time: 43.26s | Rate: 180.31/s
products: 10  | Time: 43.12s | Rate: 0.23/s
supplies: 65  | Time: 42.86s | Rate: 1.52/s

------------------------------- Extract rest_api -------------------------------
Resources: 3/5 (60.0%) | Time: 45.35s | Rate: 0.07/s
customers: 935  | Time: 45.06s | Rate: 20.75/s
orders: 8000  | Time: 44.54s | Rate: 179.63/s
items: 7900  | Time: 44.27s | Rate: 178.43/s
products: 10  | Time: 44.14s | Rate: 0.23/s
supplies: 65  | Time: 43.87s | Rate: 1.48/s

------------------------------- Extract rest_api -------------------------------
Resources: 3/5 (60.0%) | Time: 46.41s | Rate: 0.06/s
customers: 935  | Time: 46.12s | Rate: 20.27/s
orders: 8200  | Time: 45.60s | Rate: 179.83/s
items: 8200  | Time: 45.34s | Rate: 180.87/s
products: 10  | Time: 45.20s | Rate: 0.22/s
supplies: 65  | Time: 44.93s | Rate: 1.45/s

------------------------------- Extract rest_api -------------------------------
Resources: 3/5 (60.0%) | Time: 47.46s | Rate: 0.06/s
customers: 935  | Time: 47.17s | Rate: 19.82/s
orders: 8400  | Time: 46.64s | Rate: 180.09/s
items: 8400  | Time: 46.38s | Rate: 181.11/s
products: 10  | Time: 46.25s | Rate: 0.22/s
supplies: 65  | Time: 45.98s | Rate: 1.41/s

------------------------------- Extract rest_api -------------------------------
Resources: 3/5 (60.0%) | Time: 48.53s | Rate: 0.06/s
customers: 935  | Time: 48.24s | Rate: 19.38/s
orders: 8600  | Time: 47.71s | Rate: 180.24/s
items: 8500  | Time: 47.45s | Rate: 179.13/s
products: 10  | Time: 47.32s | Rate: 0.21/s
supplies: 65  | Time: 47.05s | Rate: 1.38/s

------------------------------- Extract rest_api -------------------------------
Resources: 3/5 (60.0%) | Time: 49.63s | Rate: 0.06/s
customers: 935  | Time: 49.34s | Rate: 18.95/s
orders: 8800  | Time: 48.82s | Rate: 180.27/s
items: 8800  | Time: 48.55s | Rate: 181.24/s
products: 10  | Time: 48.42s | Rate: 0.21/s
supplies: 65  | Time: 48.15s | Rate: 1.35/s

------------------------------- Extract rest_api -------------------------------
Resources: 3/5 (60.0%) | Time: 50.77s | Rate: 0.06/s
customers: 935  | Time: 50.48s | Rate: 18.52/s
orders: 9000  | Time: 49.96s | Rate: 180.15/s
items: 9000  | Time: 49.70s | Rate: 181.10/s
products: 10  | Time: 49.56s | Rate: 0.20/s
supplies: 65  | Time: 49.30s | Rate: 1.32/s

------------------------------- Extract rest_api -------------------------------
Resources: 3/5 (60.0%) | Time: 52.22s | Rate: 0.06/s
customers: 935  | Time: 51.92s | Rate: 18.01/s
orders: 9300  | Time: 51.40s | Rate: 180.92/s
items: 9200  | Time: 51.14s | Rate: 179.90/s
products: 10  | Time: 51.00s | Rate: 0.20/s
supplies: 65  | Time: 50.74s | Rate: 1.28/s

------------------------------- Extract rest_api -------------------------------
Resources: 3/5 (60.0%) | Time: 53.34s | Rate: 0.06/s
customers: 935  | Time: 53.05s | Rate: 17.62/s
orders: 9500  | Time: 52.53s | Rate: 180.85/s
items: 9400  | Time: 52.27s | Rate: 179.85/s
products: 10  | Time: 52.13s | Rate: 0.19/s
supplies: 65  | Time: 51.87s | Rate: 1.25/s

------------------------------- Extract rest_api -------------------------------
Resources: 3/5 (60.0%) | Time: 54.37s | Rate: 0.06/s
customers: 935  | Time: 54.07s | Rate: 17.29/s
orders: 9700  | Time: 53.55s | Rate: 181.13/s
items: 9600  | Time: 53.29s | Rate: 180.15/s
products: 10  | Time: 53.15s | Rate: 0.19/s
supplies: 65  | Time: 52.89s | Rate: 1.23/s

------------------------------- Extract rest_api -------------------------------
Resources: 3/5 (60.0%) | Time: 55.90s | Rate: 0.05/s
customers: 935  | Time: 55.61s | Rate: 16.81/s
orders: 10000  | Time: 55.09s | Rate: 181.52/s
items: 9900  | Time: 54.83s | Rate: 180.57/s
products: 10  | Time: 54.69s | Rate: 0.18/s
supplies: 65  | Time: 54.43s | Rate: 1.19/s

------------------------------- Extract rest_api -------------------------------
Resources: 5/5 (100.0%) | Time: 56.01s | Rate: 0.09/s
customers: 935  | Time: 55.72s | Rate: 16.78/s
orders: 10000  | Time: 55.20s | Rate: 181.16/s
items: 10000  | Time: 54.94s | Rate: 182.03/s
products: 10  | Time: 54.80s | Rate: 0.18/s
supplies: 65  | Time: 54.54s | Rate: 1.19/s

------------------------------- Extract rest_api -------------------------------
Resources: 0/1 (0.0%) | Time: 0.00s | Rate: 0.00/s

------------------------------- Extract rest_api -------------------------------
Resources: 0/1 (0.0%) | Time: 0.00s | Rate: 0.00/s
_dlt_pipeline_state: 1  | Time: 0.00s | Rate: 1048576.00/s

------------------------------- Extract rest_api -------------------------------
Resources: 1/1 (100.0%) | Time: 0.01s | Rate: 80.65/s
_dlt_pipeline_state: 1  | Time: 0.01s | Rate: 88.65/s

------------------- Normalize rest_api in 1751284383.305755 --------------------
Files: 0/6 (0.0%) | Time: 0.00s | Rate: 0.00/s

------------------- Normalize rest_api in 1751284383.305755 --------------------
Files: 0/6 (0.0%) | Time: 0.00s | Rate: 0.00/s
Items: 0  | Time: 0.00s | Rate: 0.00/s

------------------- Normalize rest_api in 1751284383.305755 --------------------
Files: 7/6 (116.7%) | Time: 0.77s | Rate: 9.05/s
Items: 36281  | Time: 0.77s | Rate: 46933.25/s

---------------------- Load rest_api in 1751284383.305755 ----------------------
Jobs: 0/7 (0.0%) | Time: 0.00s | Rate: 0.00/s

---------------------- Load rest_api in 1751284383.305755 ----------------------
Jobs: 0/7 (0.0%) | Time: 14.41s | Rate: 0.00/s

---------------------- Load rest_api in 1751284383.305755 ----------------------
Jobs: 7/7 (100.0%) | Time: 16.37s | Rate: 0.43/s

Pipeline jaffle_shop_bigquery load step completed in 16.37 seconds
1 load package(s) were loaded to destination bigquery and into dataset jaffle_shop_data
The bigquery destination used workshop-demo@dlthub-sandbox.iam.gserviceaccount.com@dlthub-sandbox location to store data
Load package 1751284383.305755 is LOADED and contains no failed jobs
