------------------------------- Extract rest_api -------------------------------
Resources: 0/5 (0.0%) | Time: 0.00s | Rate: 0.00/s

------------------------------- Extract rest_api -------------------------------
Resources: 0/5 (0.0%) | Time: 5.29s | Rate: 0.00/s
customers: 100  | Time: 0.00s | Rate: 16777216.00/s

------------------------------- Extract rest_api -------------------------------
Resources: 0/5 (0.0%) | Time: 5.89s | Rate: 0.00/s
customers: 100  | Time: 0.60s | Rate: 166.08/s
orders: 100  | Time: 0.00s | Rate: 20971520.00/s

------------------------------- Extract rest_api -------------------------------
Resources: 0/5 (0.0%) | Time: 6.12s | Rate: 0.00/s
customers: 100  | Time: 0.83s | Rate: 119.77/s
orders: 100  | Time: 0.23s | Rate: 429.53/s
items: 100  | Time: 0.00s | Rate: 16131938.46/s

------------------------------- Extract rest_api -------------------------------
Resources: 0/5 (0.0%) | Time: 15.96s | Rate: 0.00/s
customers: 100  | Time: 10.67s | Rate: 9.37/s
orders: 100  | Time: 10.07s | Rate: 9.93/s
items: 100  | Time: 9.84s | Rate: 10.17/s
products: 10  | Time: 0.00s | Rate: 1997287.62/s

------------------------------- Extract rest_api -------------------------------
Resources: 0/5 (0.0%) | Time: 16.20s | Rate: 0.00/s
customers: 100  | Time: 10.91s | Rate: 9.16/s
orders: 100  | Time: 10.31s | Rate: 9.70/s
items: 100  | Time: 10.08s | Rate: 9.92/s
products: 10  | Time: 0.24s | Rate: 41.11/s
supplies: 65  | Time: 0.00s | Rate: 22719146.67/s

------------------------------- Extract rest_api -------------------------------
Resources: 0/5 (0.0%) | Time: 21.87s | Rate: 0.00/s
customers: 200  | Time: 16.58s | Rate: 12.06/s
orders: 200  | Time: 15.98s | Rate: 12.52/s
items: 200  | Time: 15.75s | Rate: 12.70/s
products: 10  | Time: 5.91s | Rate: 1.69/s
supplies: 65  | Time: 5.67s | Rate: 11.47/s

------------------------------- Extract rest_api -------------------------------
Resources: 2/5 (40.0%) | Time: 31.74s | Rate: 0.06/s
customers: 200  | Time: 26.45s | Rate: 7.56/s
orders: 200  | Time: 25.85s | Rate: 7.74/s
items: 200  | Time: 25.61s | Rate: 7.81/s
products: 10  | Time: 15.78s | Rate: 0.63/s
supplies: 65  | Time: 15.53s | Rate: 4.18/s

------------------------------- Extract rest_api -------------------------------
Resources: 2/5 (40.0%) | Time: 55.56s | Rate: 0.04/s
customers: 400  | Time: 50.27s | Rate: 7.96/s
orders: 300  | Time: 49.67s | Rate: 6.04/s
items: 300  | Time: 49.44s | Rate: 6.07/s
products: 10  | Time: 39.60s | Rate: 0.25/s
supplies: 65  | Time: 39.36s | Rate: 1.65/s

------------------------------- Extract rest_api -------------------------------
Resources: 2/5 (40.0%) | Time: 59.23s | Rate: 0.03/s
customers: 400  | Time: 53.94s | Rate: 7.41/s
orders: 400  | Time: 53.34s | Rate: 7.50/s
items: 300  | Time: 53.11s | Rate: 5.65/s
products: 10  | Time: 43.27s | Rate: 0.23/s
supplies: 65  | Time: 43.03s | Rate: 1.51/s

------------------------------- Extract rest_api -------------------------------
Resources: 2/5 (40.0%) | Time: 64.02s | Rate: 0.03/s
customers: 400  | Time: 58.73s | Rate: 6.81/s
orders: 400  | Time: 58.12s | Rate: 6.88/s
items: 400  | Time: 57.89s | Rate: 6.91/s
products: 10  | Time: 48.06s | Rate: 0.21/s
supplies: 65  | Time: 47.81s | Rate: 1.36/s

------------------------------- Extract rest_api -------------------------------
Resources: 2/5 (40.0%) | Time: 65.06s | Rate: 0.03/s
customers: 500  | Time: 59.77s | Rate: 8.37/s
orders: 500  | Time: 59.17s | Rate: 8.45/s
items: 500  | Time: 58.94s | Rate: 8.48/s
products: 10  | Time: 49.10s | Rate: 0.20/s
supplies: 65  | Time: 48.86s | Rate: 1.33/s

------------------------------- Extract rest_api -------------------------------
Resources: 2/5 (40.0%) | Time: 70.61s | Rate: 0.03/s
customers: 600  | Time: 65.32s | Rate: 9.18/s
orders: 600  | Time: 64.72s | Rate: 9.27/s
items: 600  | Time: 64.49s | Rate: 9.30/s
products: 10  | Time: 54.65s | Rate: 0.18/s
supplies: 65  | Time: 54.41s | Rate: 1.19/s

------------------------------- Extract rest_api -------------------------------
Resources: 2/5 (40.0%) | Time: 71.64s | Rate: 0.03/s
customers: 800  | Time: 66.35s | Rate: 12.06/s
orders: 800  | Time: 65.75s | Rate: 12.17/s
items: 700  | Time: 65.51s | Rate: 10.68/s
products: 10  | Time: 55.68s | Rate: 0.18/s
supplies: 65  | Time: 55.44s | Rate: 1.17/s

------------------------------- Extract rest_api -------------------------------
Resources: 2/5 (40.0%) | Time: 76.33s | Rate: 0.03/s
customers: 800  | Time: 71.04s | Rate: 11.26/s
orders: 800  | Time: 70.44s | Rate: 11.36/s
items: 800  | Time: 70.21s | Rate: 11.39/s
products: 10  | Time: 60.37s | Rate: 0.17/s
supplies: 65  | Time: 60.13s | Rate: 1.08/s

------------------------------- Extract rest_api -------------------------------
Resources: 2/5 (40.0%) | Time: 77.41s | Rate: 0.03/s
customers: 935  | Time: 72.12s | Rate: 12.96/s
orders: 900  | Time: 71.52s | Rate: 12.58/s
items: 900  | Time: 71.29s | Rate: 12.62/s
products: 10  | Time: 61.45s | Rate: 0.16/s
supplies: 65  | Time: 61.21s | Rate: 1.06/s

------------------------------- Extract rest_api -------------------------------
Resources: 2/5 (40.0%) | Time: 82.23s | Rate: 0.02/s
customers: 935  | Time: 76.94s | Rate: 12.15/s
orders: 1000  | Time: 76.34s | Rate: 13.10/s
items: 900  | Time: 76.10s | Rate: 11.83/s
products: 10  | Time: 66.27s | Rate: 0.15/s
supplies: 65  | Time: 66.02s | Rate: 0.98/s

------------------------------- Extract rest_api -------------------------------
Resources: 3/5 (60.0%) | Time: 87.81s | Rate: 0.03/s
customers: 935  | Time: 82.52s | Rate: 11.33/s
orders: 1200  | Time: 81.92s | Rate: 14.65/s
items: 1100  | Time: 81.69s | Rate: 13.47/s
products: 10  | Time: 71.85s | Rate: 0.14/s
supplies: 65  | Time: 71.61s | Rate: 0.91/s

------------------------------- Extract rest_api -------------------------------
Resources: 3/5 (60.0%) | Time: 88.82s | Rate: 0.03/s
customers: 935  | Time: 83.53s | Rate: 11.19/s
orders: 1300  | Time: 82.93s | Rate: 15.68/s
items: 1300  | Time: 82.70s | Rate: 15.72/s
products: 10  | Time: 72.86s | Rate: 0.14/s
supplies: 65  | Time: 72.62s | Rate: 0.90/s

------------------------------- Extract rest_api -------------------------------
Resources: 3/5 (60.0%) | Time: 93.85s | Rate: 0.03/s
customers: 935  | Time: 88.56s | Rate: 10.56/s
orders: 1400  | Time: 87.96s | Rate: 15.92/s
items: 1400  | Time: 87.73s | Rate: 15.96/s
products: 10  | Time: 77.89s | Rate: 0.13/s
supplies: 65  | Time: 77.65s | Rate: 0.84/s

------------------------------- Extract rest_api -------------------------------
Resources: 3/5 (60.0%) | Time: 95.18s | Rate: 0.03/s
customers: 935  | Time: 89.90s | Rate: 10.40/s
orders: 1600  | Time: 89.29s | Rate: 17.92/s
items: 1500  | Time: 89.06s | Rate: 16.84/s
products: 10  | Time: 79.22s | Rate: 0.13/s
supplies: 65  | Time: 78.98s | Rate: 0.82/s

------------------------------- Extract rest_api -------------------------------
Resources: 3/5 (60.0%) | Time: 99.80s | Rate: 0.03/s
customers: 935  | Time: 94.51s | Rate: 9.89/s
orders: 1600  | Time: 93.91s | Rate: 17.04/s
items: 1600  | Time: 93.68s | Rate: 17.08/s
products: 10  | Time: 83.84s | Rate: 0.12/s
supplies: 65  | Time: 83.60s | Rate: 0.78/s

------------------------------- Extract rest_api -------------------------------
Resources: 3/5 (60.0%) | Time: 101.07s | Rate: 0.03/s
customers: 935  | Time: 95.78s | Rate: 9.76/s
orders: 1800  | Time: 95.18s | Rate: 18.91/s
items: 1700  | Time: 94.95s | Rate: 17.91/s
products: 10  | Time: 85.11s | Rate: 0.12/s
supplies: 65  | Time: 84.87s | Rate: 0.77/s

------------------------------- Extract rest_api -------------------------------
Resources: 3/5 (60.0%) | Time: 105.73s | Rate: 0.03/s
customers: 935  | Time: 100.44s | Rate: 9.31/s
orders: 1800  | Time: 99.84s | Rate: 18.03/s
items: 1800  | Time: 99.61s | Rate: 18.07/s
products: 10  | Time: 89.77s | Rate: 0.11/s
supplies: 65  | Time: 89.53s | Rate: 0.73/s

------------------------------- Extract rest_api -------------------------------
Resources: 3/5 (60.0%) | Time: 106.86s | Rate: 0.03/s
customers: 935  | Time: 101.57s | Rate: 9.21/s
orders: 2000  | Time: 100.96s | Rate: 19.81/s
items: 1900  | Time: 100.73s | Rate: 18.86/s
products: 10  | Time: 90.90s | Rate: 0.11/s
supplies: 65  | Time: 90.65s | Rate: 0.72/s

------------------------------- Extract rest_api -------------------------------
Resources: 3/5 (60.0%) | Time: 111.53s | Rate: 0.03/s
customers: 935  | Time: 106.24s | Rate: 8.80/s
orders: 2000  | Time: 105.64s | Rate: 18.93/s
items: 2000  | Time: 105.41s | Rate: 18.97/s
products: 10  | Time: 95.57s | Rate: 0.10/s
supplies: 65  | Time: 95.33s | Rate: 0.68/s

------------------------------- Extract rest_api -------------------------------
Resources: 3/5 (60.0%) | Time: 112.89s | Rate: 0.03/s
customers: 935  | Time: 107.60s | Rate: 8.69/s
orders: 2200  | Time: 107.00s | Rate: 20.56/s
items: 2200  | Time: 106.77s | Rate: 20.61/s
products: 10  | Time: 96.93s | Rate: 0.10/s
supplies: 65  | Time: 96.69s | Rate: 0.67/s

------------------------------- Extract rest_api -------------------------------
Resources: 3/5 (60.0%) | Time: 117.62s | Rate: 0.03/s
customers: 935  | Time: 112.33s | Rate: 8.32/s
orders: 2300  | Time: 111.73s | Rate: 20.59/s
items: 2200  | Time: 111.49s | Rate: 19.73/s
products: 10  | Time: 101.66s | Rate: 0.10/s
supplies: 65  | Time: 101.41s | Rate: 0.64/s

------------------------------- Extract rest_api -------------------------------
Resources: 3/5 (60.0%) | Time: 118.84s | Rate: 0.03/s
customers: 935  | Time: 113.56s | Rate: 8.23/s
orders: 2400  | Time: 112.95s | Rate: 21.25/s
items: 2400  | Time: 112.72s | Rate: 21.29/s
products: 10  | Time: 102.88s | Rate: 0.10/s
supplies: 65  | Time: 102.64s | Rate: 0.63/s

------------------------------- Extract rest_api -------------------------------
Resources: 3/5 (60.0%) | Time: 123.45s | Rate: 0.02/s
customers: 935  | Time: 118.16s | Rate: 7.91/s
orders: 2500  | Time: 117.56s | Rate: 21.27/s
items: 2400  | Time: 117.33s | Rate: 20.46/s
products: 10  | Time: 107.49s | Rate: 0.09/s
supplies: 65  | Time: 107.25s | Rate: 0.61/s

------------------------------- Extract rest_api -------------------------------
Resources: 3/5 (60.0%) | Time: 129.08s | Rate: 0.02/s
customers: 935  | Time: 123.79s | Rate: 7.55/s
orders: 2700  | Time: 123.19s | Rate: 21.92/s
items: 2600  | Time: 122.96s | Rate: 21.15/s
products: 10  | Time: 113.12s | Rate: 0.09/s
supplies: 65  | Time: 112.88s | Rate: 0.58/s

------------------------------- Extract rest_api -------------------------------
Resources: 3/5 (60.0%) | Time: 130.20s | Rate: 0.02/s
customers: 935  | Time: 124.91s | Rate: 7.49/s
orders: 2900  | Time: 124.31s | Rate: 23.33/s
items: 2800  | Time: 124.08s | Rate: 22.57/s
products: 10  | Time: 114.24s | Rate: 0.09/s
supplies: 65  | Time: 114.00s | Rate: 0.57/s

------------------------------- Extract rest_api -------------------------------
Resources: 3/5 (60.0%) | Time: 135.33s | Rate: 0.02/s
customers: 935  | Time: 130.04s | Rate: 7.19/s
orders: 3000  | Time: 129.44s | Rate: 23.18/s
items: 2900  | Time: 129.21s | Rate: 22.44/s
products: 10  | Time: 119.37s | Rate: 0.08/s
supplies: 65  | Time: 119.13s | Rate: 0.55/s

------------------------------- Extract rest_api -------------------------------
Resources: 3/5 (60.0%) | Time: 140.56s | Rate: 0.02/s
customers: 935  | Time: 135.27s | Rate: 6.91/s
orders: 3200  | Time: 134.66s | Rate: 23.76/s
items: 3100  | Time: 134.43s | Rate: 23.06/s
products: 10  | Time: 124.60s | Rate: 0.08/s
supplies: 65  | Time: 124.35s | Rate: 0.52/s

------------------------------- Extract rest_api -------------------------------
Resources: 3/5 (60.0%) | Time: 141.58s | Rate: 0.02/s
customers: 935  | Time: 136.29s | Rate: 6.86/s
orders: 3400  | Time: 135.69s | Rate: 25.06/s
items: 3300  | Time: 135.45s | Rate: 24.36/s
products: 10  | Time: 125.62s | Rate: 0.08/s
supplies: 65  | Time: 125.38s | Rate: 0.52/s

------------------------------- Extract rest_api -------------------------------
Resources: 3/5 (60.0%) | Time: 146.39s | Rate: 0.02/s
customers: 935  | Time: 141.10s | Rate: 6.63/s
orders: 3500  | Time: 140.50s | Rate: 24.91/s
items: 3400  | Time: 140.27s | Rate: 24.24/s
products: 10  | Time: 130.43s | Rate: 0.08/s
supplies: 65  | Time: 130.19s | Rate: 0.50/s

------------------------------- Extract rest_api -------------------------------
Resources: 3/5 (60.0%) | Time: 147.51s | Rate: 0.02/s
customers: 935  | Time: 142.22s | Rate: 6.57/s
orders: 3700  | Time: 141.62s | Rate: 26.13/s
items: 3600  | Time: 141.39s | Rate: 25.46/s
products: 10  | Time: 131.55s | Rate: 0.08/s
supplies: 65  | Time: 131.31s | Rate: 0.50/s

------------------------------- Extract rest_api -------------------------------
Resources: 3/5 (60.0%) | Time: 151.89s | Rate: 0.02/s
customers: 935  | Time: 146.60s | Rate: 6.38/s
orders: 3700  | Time: 146.00s | Rate: 25.34/s
items: 3700  | Time: 145.76s | Rate: 25.38/s
products: 10  | Time: 135.93s | Rate: 0.07/s
supplies: 65  | Time: 135.69s | Rate: 0.48/s

------------------------------- Extract rest_api -------------------------------
Resources: 3/5 (60.0%) | Time: 153.05s | Rate: 0.02/s
customers: 935  | Time: 147.76s | Rate: 6.33/s
orders: 3900  | Time: 147.16s | Rate: 26.50/s
items: 3800  | Time: 146.92s | Rate: 25.86/s
products: 10  | Time: 137.09s | Rate: 0.07/s
supplies: 65  | Time: 136.85s | Rate: 0.47/s

------------------------------- Extract rest_api -------------------------------
Resources: 3/5 (60.0%) | Time: 158.07s | Rate: 0.02/s
customers: 935  | Time: 152.78s | Rate: 6.12/s
orders: 4000  | Time: 152.17s | Rate: 26.29/s
items: 4000  | Time: 151.94s | Rate: 26.33/s
products: 10  | Time: 142.11s | Rate: 0.07/s
supplies: 65  | Time: 141.86s | Rate: 0.46/s

------------------------------- Extract rest_api -------------------------------
Resources: 3/5 (60.0%) | Time: 159.29s | Rate: 0.02/s
customers: 935  | Time: 154.00s | Rate: 6.07/s
orders: 4300  | Time: 153.40s | Rate: 28.03/s
items: 4200  | Time: 153.17s | Rate: 27.42/s
products: 10  | Time: 143.33s | Rate: 0.07/s
supplies: 65  | Time: 143.09s | Rate: 0.45/s

------------------------------- Extract rest_api -------------------------------
Resources: 3/5 (60.0%) | Time: 164.57s | Rate: 0.02/s
customers: 935  | Time: 159.28s | Rate: 5.87/s
orders: 4400  | Time: 158.68s | Rate: 27.73/s
items: 4300  | Time: 158.45s | Rate: 27.14/s
products: 10  | Time: 148.61s | Rate: 0.07/s
supplies: 65  | Time: 148.37s | Rate: 0.44/s

------------------------------- Extract rest_api -------------------------------
Resources: 3/5 (60.0%) | Time: 165.88s | Rate: 0.02/s
customers: 935  | Time: 160.60s | Rate: 5.82/s
orders: 4600  | Time: 159.99s | Rate: 28.75/s
items: 4500  | Time: 159.76s | Rate: 28.17/s
products: 10  | Time: 149.92s | Rate: 0.07/s
supplies: 65  | Time: 149.68s | Rate: 0.43/s

------------------------------- Extract rest_api -------------------------------
Resources: 3/5 (60.0%) | Time: 170.65s | Rate: 0.02/s
customers: 935  | Time: 165.36s | Rate: 5.65/s
orders: 4600  | Time: 164.76s | Rate: 27.92/s
items: 4600  | Time: 164.52s | Rate: 27.96/s
products: 10  | Time: 154.69s | Rate: 0.06/s
supplies: 65  | Time: 154.45s | Rate: 0.42/s

------------------------------- Extract rest_api -------------------------------
Resources: 3/5 (60.0%) | Time: 176.01s | Rate: 0.02/s
customers: 935  | Time: 170.72s | Rate: 5.48/s
orders: 4800  | Time: 170.12s | Rate: 28.21/s
items: 4800  | Time: 169.89s | Rate: 28.25/s
products: 10  | Time: 160.05s | Rate: 0.06/s
supplies: 65  | Time: 159.81s | Rate: 0.41/s

------------------------------- Extract rest_api -------------------------------
Resources: 3/5 (60.0%) | Time: 177.14s | Rate: 0.02/s
customers: 935  | Time: 171.85s | Rate: 5.44/s
orders: 5000  | Time: 171.25s | Rate: 29.20/s
items: 5000  | Time: 171.01s | Rate: 29.24/s
products: 10  | Time: 161.18s | Rate: 0.06/s
supplies: 65  | Time: 160.94s | Rate: 0.40/s

------------------------------- Extract rest_api -------------------------------
Resources: 3/5 (60.0%) | Time: 182.54s | Rate: 0.02/s
customers: 935  | Time: 177.25s | Rate: 5.28/s
orders: 5100  | Time: 176.65s | Rate: 28.87/s
items: 5100  | Time: 176.41s | Rate: 28.91/s
products: 10  | Time: 166.58s | Rate: 0.06/s
supplies: 65  | Time: 166.34s | Rate: 0.39/s

------------------------------- Extract rest_api -------------------------------
Resources: 3/5 (60.0%) | Time: 183.76s | Rate: 0.02/s
customers: 935  | Time: 178.47s | Rate: 5.24/s
orders: 5300  | Time: 177.87s | Rate: 29.80/s
items: 5200  | Time: 177.64s | Rate: 29.27/s
products: 10  | Time: 167.80s | Rate: 0.06/s
supplies: 65  | Time: 167.56s | Rate: 0.39/s

------------------------------- Extract rest_api -------------------------------
Resources: 3/5 (60.0%) | Time: 188.99s | Rate: 0.02/s
customers: 935  | Time: 183.70s | Rate: 5.09/s
orders: 5400  | Time: 183.10s | Rate: 29.49/s
items: 5400  | Time: 182.86s | Rate: 29.53/s
products: 10  | Time: 173.03s | Rate: 0.06/s
supplies: 65  | Time: 172.79s | Rate: 0.38/s

------------------------------- Extract rest_api -------------------------------
Resources: 3/5 (60.0%) | Time: 190.16s | Rate: 0.02/s
customers: 935  | Time: 184.87s | Rate: 5.06/s
orders: 5600  | Time: 184.27s | Rate: 30.39/s
items: 5600  | Time: 184.04s | Rate: 30.43/s
products: 10  | Time: 174.20s | Rate: 0.06/s
supplies: 65  | Time: 173.96s | Rate: 0.37/s

------------------------------- Extract rest_api -------------------------------
Resources: 3/5 (60.0%) | Time: 194.31s | Rate: 0.02/s
customers: 935  | Time: 189.02s | Rate: 4.95/s
orders: 5700  | Time: 188.42s | Rate: 30.25/s
items: 5600  | Time: 188.19s | Rate: 29.76/s
products: 10  | Time: 178.35s | Rate: 0.06/s
supplies: 65  | Time: 178.11s | Rate: 0.36/s

------------------------------- Extract rest_api -------------------------------
Resources: 3/5 (60.0%) | Time: 195.36s | Rate: 0.02/s
customers: 935  | Time: 190.07s | Rate: 4.92/s
orders: 5900  | Time: 189.47s | Rate: 31.14/s
items: 5800  | Time: 189.24s | Rate: 30.65/s
products: 10  | Time: 179.40s | Rate: 0.06/s
supplies: 65  | Time: 179.16s | Rate: 0.36/s

------------------------------- Extract rest_api -------------------------------
Resources: 3/5 (60.0%) | Time: 196.75s | Rate: 0.02/s
customers: 935  | Time: 191.47s | Rate: 4.88/s
orders: 6100  | Time: 190.86s | Rate: 31.96/s
items: 6000  | Time: 190.63s | Rate: 31.47/s
products: 10  | Time: 180.79s | Rate: 0.06/s
supplies: 65  | Time: 180.55s | Rate: 0.36/s

------------------------------- Extract rest_api -------------------------------
Resources: 3/5 (60.0%) | Time: 198.00s | Rate: 0.02/s
customers: 935  | Time: 192.71s | Rate: 4.85/s
orders: 6300  | Time: 192.11s | Rate: 32.79/s
items: 6200  | Time: 191.88s | Rate: 32.31/s
products: 10  | Time: 182.04s | Rate: 0.05/s
supplies: 65  | Time: 181.80s | Rate: 0.36/s

------------------------------- Extract rest_api -------------------------------
Resources: 3/5 (60.0%) | Time: 199.02s | Rate: 0.02/s
customers: 935  | Time: 193.73s | Rate: 4.83/s
orders: 6400  | Time: 193.13s | Rate: 33.14/s
items: 6400  | Time: 192.89s | Rate: 33.18/s
products: 10  | Time: 183.06s | Rate: 0.05/s
supplies: 65  | Time: 182.81s | Rate: 0.36/s

------------------------------- Extract rest_api -------------------------------
Resources: 3/5 (60.0%) | Time: 200.30s | Rate: 0.01/s
customers: 935  | Time: 195.01s | Rate: 4.79/s
orders: 6600  | Time: 194.41s | Rate: 33.95/s
items: 6600  | Time: 194.17s | Rate: 33.99/s
products: 10  | Time: 184.34s | Rate: 0.05/s
supplies: 65  | Time: 184.09s | Rate: 0.35/s

------------------------------- Extract rest_api -------------------------------
Resources: 3/5 (60.0%) | Time: 201.37s | Rate: 0.01/s
customers: 935  | Time: 196.08s | Rate: 4.77/s
orders: 6800  | Time: 195.47s | Rate: 34.79/s
items: 6800  | Time: 195.24s | Rate: 34.83/s
products: 10  | Time: 185.41s | Rate: 0.05/s
supplies: 65  | Time: 185.16s | Rate: 0.35/s

------------------------------- Extract rest_api -------------------------------
Resources: 3/5 (60.0%) | Time: 202.43s | Rate: 0.01/s
customers: 935  | Time: 197.14s | Rate: 4.74/s
orders: 7000  | Time: 196.54s | Rate: 35.62/s
items: 7000  | Time: 196.31s | Rate: 35.66/s
products: 10  | Time: 186.47s | Rate: 0.05/s
supplies: 65  | Time: 186.23s | Rate: 0.35/s

------------------------------- Extract rest_api -------------------------------
Resources: 3/5 (60.0%) | Time: 203.96s | Rate: 0.01/s
customers: 935  | Time: 198.67s | Rate: 4.71/s
orders: 7100  | Time: 198.07s | Rate: 35.85/s
items: 7000  | Time: 197.84s | Rate: 35.38/s
products: 10  | Time: 188.00s | Rate: 0.05/s
supplies: 65  | Time: 187.76s | Rate: 0.35/s

------------------------------- Extract rest_api -------------------------------
Resources: 3/5 (60.0%) | Time: 205.12s | Rate: 0.01/s
customers: 935  | Time: 199.83s | Rate: 4.68/s
orders: 7300  | Time: 199.23s | Rate: 36.64/s
items: 7200  | Time: 198.99s | Rate: 36.18/s
products: 10  | Time: 189.16s | Rate: 0.05/s
supplies: 65  | Time: 188.91s | Rate: 0.34/s

------------------------------- Extract rest_api -------------------------------
Resources: 3/5 (60.0%) | Time: 206.16s | Rate: 0.01/s
customers: 935  | Time: 200.88s | Rate: 4.65/s
orders: 7400  | Time: 200.27s | Rate: 36.95/s
items: 7400  | Time: 200.04s | Rate: 36.99/s
products: 10  | Time: 190.20s | Rate: 0.05/s
supplies: 65  | Time: 189.96s | Rate: 0.34/s

------------------------------- Extract rest_api -------------------------------
Resources: 3/5 (60.0%) | Time: 207.20s | Rate: 0.01/s
customers: 935  | Time: 201.92s | Rate: 4.63/s
orders: 7600  | Time: 201.31s | Rate: 37.75/s
items: 7500  | Time: 201.08s | Rate: 37.30/s
products: 10  | Time: 191.24s | Rate: 0.05/s
supplies: 65  | Time: 191.00s | Rate: 0.34/s

------------------------------- Extract rest_api -------------------------------
Resources: 3/5 (60.0%) | Time: 208.36s | Rate: 0.01/s
customers: 935  | Time: 203.07s | Rate: 4.60/s
orders: 7800  | Time: 202.47s | Rate: 38.52/s
items: 7700  | Time: 202.24s | Rate: 38.07/s
products: 10  | Time: 192.40s | Rate: 0.05/s
supplies: 65  | Time: 192.16s | Rate: 0.34/s

------------------------------- Extract rest_api -------------------------------
Resources: 3/5 (60.0%) | Time: 209.41s | Rate: 0.01/s
customers: 935  | Time: 204.12s | Rate: 4.58/s
orders: 7900  | Time: 203.52s | Rate: 38.82/s
items: 7900  | Time: 203.29s | Rate: 38.86/s
products: 10  | Time: 193.45s | Rate: 0.05/s
supplies: 65  | Time: 193.21s | Rate: 0.34/s

------------------------------- Extract rest_api -------------------------------
Resources: 3/5 (60.0%) | Time: 210.49s | Rate: 0.01/s
customers: 935  | Time: 205.20s | Rate: 4.56/s
orders: 8100  | Time: 204.60s | Rate: 39.59/s
items: 8000  | Time: 204.37s | Rate: 39.15/s
products: 10  | Time: 194.53s | Rate: 0.05/s
supplies: 65  | Time: 194.29s | Rate: 0.33/s

------------------------------- Extract rest_api -------------------------------
Resources: 3/5 (60.0%) | Time: 211.51s | Rate: 0.01/s
customers: 935  | Time: 206.22s | Rate: 4.53/s
orders: 8200  | Time: 205.61s | Rate: 39.88/s
items: 8200  | Time: 205.38s | Rate: 39.93/s
products: 10  | Time: 195.55s | Rate: 0.05/s
supplies: 65  | Time: 195.30s | Rate: 0.33/s

------------------------------- Extract rest_api -------------------------------
Resources: 3/5 (60.0%) | Time: 212.56s | Rate: 0.01/s
customers: 935  | Time: 207.27s | Rate: 4.51/s
orders: 8400  | Time: 206.67s | Rate: 40.65/s
items: 8300  | Time: 206.43s | Rate: 40.21/s
products: 10  | Time: 196.60s | Rate: 0.05/s
supplies: 65  | Time: 196.35s | Rate: 0.33/s

------------------------------- Extract rest_api -------------------------------
Resources: 3/5 (60.0%) | Time: 213.72s | Rate: 0.01/s
customers: 935  | Time: 208.43s | Rate: 4.49/s
orders: 8600  | Time: 207.83s | Rate: 41.38/s
items: 8500  | Time: 207.60s | Rate: 40.94/s
products: 10  | Time: 197.76s | Rate: 0.05/s
supplies: 65  | Time: 197.52s | Rate: 0.33/s

------------------------------- Extract rest_api -------------------------------
Resources: 3/5 (60.0%) | Time: 215.00s | Rate: 0.01/s
customers: 935  | Time: 209.71s | Rate: 4.46/s
orders: 8800  | Time: 209.11s | Rate: 42.08/s
items: 8800  | Time: 208.87s | Rate: 42.13/s
products: 10  | Time: 199.04s | Rate: 0.05/s
supplies: 65  | Time: 198.79s | Rate: 0.33/s

------------------------------- Extract rest_api -------------------------------
Resources: 3/5 (60.0%) | Time: 216.07s | Rate: 0.01/s
customers: 935  | Time: 210.78s | Rate: 4.44/s
orders: 9000  | Time: 210.18s | Rate: 42.82/s
items: 9000  | Time: 209.95s | Rate: 42.87/s
products: 10  | Time: 200.11s | Rate: 0.05/s
supplies: 65  | Time: 199.87s | Rate: 0.33/s

------------------------------- Extract rest_api -------------------------------
Resources: 3/5 (60.0%) | Time: 217.27s | Rate: 0.01/s
customers: 935  | Time: 211.98s | Rate: 4.41/s
orders: 9200  | Time: 211.38s | Rate: 43.52/s
items: 9100  | Time: 211.14s | Rate: 43.10/s
products: 10  | Time: 201.31s | Rate: 0.05/s
supplies: 65  | Time: 201.07s | Rate: 0.32/s

------------------------------- Extract rest_api -------------------------------
Resources: 3/5 (60.0%) | Time: 218.58s | Rate: 0.01/s
customers: 935  | Time: 213.29s | Rate: 4.38/s
orders: 9400  | Time: 212.69s | Rate: 44.20/s
items: 9300  | Time: 212.46s | Rate: 43.77/s
products: 10  | Time: 202.62s | Rate: 0.05/s
supplies: 65  | Time: 202.38s | Rate: 0.32/s

------------------------------- Extract rest_api -------------------------------
Resources: 3/5 (60.0%) | Time: 220.01s | Rate: 0.01/s
customers: 935  | Time: 214.72s | Rate: 4.35/s
orders: 9600  | Time: 214.11s | Rate: 44.84/s
items: 9500  | Time: 213.88s | Rate: 44.42/s
products: 10  | Time: 204.05s | Rate: 0.05/s
supplies: 65  | Time: 203.80s | Rate: 0.32/s

------------------------------- Extract rest_api -------------------------------
Resources: 3/5 (60.0%) | Time: 221.35s | Rate: 0.01/s
customers: 935  | Time: 216.06s | Rate: 4.33/s
orders: 9800  | Time: 215.46s | Rate: 45.48/s
items: 9700  | Time: 215.23s | Rate: 45.07/s
products: 10  | Time: 205.39s | Rate: 0.05/s
supplies: 65  | Time: 205.15s | Rate: 0.32/s

------------------------------- Extract rest_api -------------------------------
Resources: 3/5 (60.0%) | Time: 222.56s | Rate: 0.01/s
customers: 935  | Time: 217.28s | Rate: 4.30/s
orders: 10000  | Time: 216.67s | Rate: 46.15/s
items: 10000  | Time: 216.44s | Rate: 46.20/s
products: 10  | Time: 206.60s | Rate: 0.05/s
supplies: 65  | Time: 206.36s | Rate: 0.31/s

------------------------------- Extract rest_api -------------------------------
Resources: 5/5 (100.0%) | Time: 222.58s | Rate: 0.02/s
customers: 935  | Time: 217.29s | Rate: 4.30/s
orders: 10000  | Time: 216.69s | Rate: 46.15/s
items: 10000  | Time: 216.46s | Rate: 46.20/s
products: 10  | Time: 206.62s | Rate: 0.05/s
supplies: 65  | Time: 206.38s | Rate: 0.31/s

------------------------------- Extract rest_api -------------------------------
Resources: 0/1 (0.0%) | Time: 0.00s | Rate: 0.00/s

------------------------------- Extract rest_api -------------------------------
Resources: 0/1 (0.0%) | Time: 0.00s | Rate: 0.00/s
_dlt_pipeline_state: 1  | Time: 0.00s | Rate: 1048576.00/s

------------------------------- Extract rest_api -------------------------------
Resources: 1/1 (100.0%) | Time: 0.01s | Rate: 79.25/s
_dlt_pipeline_state: 1  | Time: 0.01s | Rate: 88.28/s

------------------- Normalize rest_api in 1750862905.510795 --------------------
Files: 0/6 (0.0%) | Time: 0.00s | Rate: 0.00/s

------------------- Normalize rest_api in 1750862905.510795 --------------------
Files: 0/6 (0.0%) | Time: 0.00s | Rate: 0.00/s
Items: 0  | Time: 0.00s | Rate: 0.00/s

------------------- Normalize rest_api in 1750862905.510795 --------------------
Files: 7/6 (116.7%) | Time: 0.78s | Rate: 8.94/s
Items: 36281  | Time: 0.78s | Rate: 46342.15/s

---------------------- Load rest_api in 1750862905.510795 ----------------------
Jobs: 0/7 (0.0%) | Time: 0.00s | Rate: 0.00/s

---------------------- Load rest_api in 1750862905.510795 ----------------------
Jobs: 0/7 (0.0%) | Time: 16.06s | Rate: 0.00/s

---------------------- Load rest_api in 1750862905.510795 ----------------------
Jobs: 7/7 (100.0%) | Time: 18.51s | Rate: 0.38/s

