------------------------------- Extract rest_api -------------------------------
Resources: 0/5 (0.0%) | Time: 0.00s | Rate: 0.00/s

------------------------------- Extract rest_api -------------------------------
Resources: 0/5 (0.0%) | Time: 0.19s | Rate: 0.00/s
customers: 100  | Time: 0.00s | Rate: 19065018.18/s

------------------------------- Extract rest_api -------------------------------
Resources: 0/5 (0.0%) | Time: 0.63s | Rate: 0.00/s
customers: 100  | Time: 0.44s | Rate: 225.55/s
orders: 100  | Time: 0.00s | Rate: 16777216.00/s

------------------------------- Extract rest_api -------------------------------
Resources: 0/5 (0.0%) | Time: 0.83s | Rate: 0.00/s
customers: 100  | Time: 0.65s | Rate: 154.15/s
orders: 100  | Time: 0.21s | Rate: 486.94/s
items: 100  | Time: 0.00s | Rate: 19972876.19/s

------------------------------- Extract rest_api -------------------------------
Resources: 0/5 (0.0%) | Time: 0.96s | Rate: 0.00/s
customers: 100  | Time: 0.77s | Rate: 129.41/s
orders: 100  | Time: 0.33s | Rate: 303.62/s
items: 100  | Time: 0.12s | Rate: 806.43/s
products: 10  | Time: 0.00s | Rate: 2097152.00/s

------------------------------- Extract rest_api -------------------------------
Resources: 0/5 (0.0%) | Time: 1.15s | Rate: 0.00/s
customers: 100  | Time: 0.96s | Rate: 103.82/s
orders: 100  | Time: 0.52s | Rate: 192.38/s
items: 100  | Time: 0.31s | Rate: 318.02/s
products: 10  | Time: 0.19s | Rate: 52.51/s
supplies: 65  | Time: 0.00s | Rate: 12982369.52/s

------------------------------- Extract rest_api -------------------------------
Resources: 2/5 (40.0%) | Time: 2.18s | Rate: 0.92/s
customers: 300  | Time: 2.00s | Rate: 150.08/s
orders: 300  | Time: 1.56s | Rate: 192.85/s
items: 200  | Time: 1.35s | Rate: 148.12/s
products: 10  | Time: 1.23s | Rate: 8.15/s
supplies: 65  | Time: 1.04s | Rate: 62.75/s

------------------------------- Extract rest_api -------------------------------
Resources: 2/5 (40.0%) | Time: 3.34s | Rate: 0.60/s
customers: 500  | Time: 3.15s | Rate: 158.48/s
orders: 500  | Time: 2.71s | Rate: 184.39/s
items: 400  | Time: 2.51s | Rate: 159.60/s
products: 10  | Time: 2.38s | Rate: 4.20/s
supplies: 65  | Time: 2.19s | Rate: 29.66/s

------------------------------- Extract rest_api -------------------------------
Resources: 2/5 (40.0%) | Time: 4.49s | Rate: 0.45/s
customers: 700  | Time: 4.30s | Rate: 162.71/s
orders: 700  | Time: 3.86s | Rate: 181.41/s
items: 600  | Time: 3.65s | Rate: 164.23/s
products: 10  | Time: 3.53s | Rate: 2.83/s
supplies: 65  | Time: 3.34s | Rate: 19.47/s

------------------------------- Extract rest_api -------------------------------
Resources: 2/5 (40.0%) | Time: 5.66s | Rate: 0.35/s
customers: 900  | Time: 5.47s | Rate: 164.44/s
orders: 900  | Time: 5.03s | Rate: 178.94/s
items: 800  | Time: 4.82s | Rate: 165.83/s
products: 10  | Time: 4.70s | Rate: 2.13/s
supplies: 65  | Time: 4.51s | Rate: 14.41/s

------------------------------- Extract rest_api -------------------------------
Resources: 3/5 (60.0%) | Time: 6.83s | Rate: 0.44/s
customers: 935  | Time: 6.64s | Rate: 140.71/s
orders: 1000  | Time: 6.20s | Rate: 161.25/s
items: 1000  | Time: 6.00s | Rate: 166.77/s
products: 10  | Time: 5.87s | Rate: 1.70/s
supplies: 65  | Time: 5.68s | Rate: 11.44/s

------------------------------- Extract rest_api -------------------------------
Resources: 3/5 (60.0%) | Time: 8.07s | Rate: 0.37/s
customers: 935  | Time: 7.89s | Rate: 118.53/s
orders: 1400  | Time: 7.45s | Rate: 188.04/s
items: 1300  | Time: 7.24s | Rate: 179.57/s
products: 10  | Time: 7.12s | Rate: 1.41/s
supplies: 65  | Time: 6.93s | Rate: 9.39/s

------------------------------- Extract rest_api -------------------------------
Resources: 3/5 (60.0%) | Time: 9.12s | Rate: 0.33/s
customers: 935  | Time: 8.94s | Rate: 104.62/s
orders: 1600  | Time: 8.49s | Rate: 188.37/s
items: 1600  | Time: 8.29s | Rate: 193.04/s
products: 10  | Time: 8.16s | Rate: 1.22/s
supplies: 65  | Time: 7.97s | Rate: 8.15/s

------------------------------- Extract rest_api -------------------------------
Resources: 3/5 (60.0%) | Time: 10.35s | Rate: 0.29/s
customers: 935  | Time: 10.16s | Rate: 92.02/s
orders: 1900  | Time: 9.72s | Rate: 195.52/s
items: 1800  | Time: 9.51s | Rate: 189.23/s
products: 10  | Time: 9.39s | Rate: 1.07/s
supplies: 65  | Time: 9.20s | Rate: 7.07/s

------------------------------- Extract rest_api -------------------------------
Resources: 3/5 (60.0%) | Time: 11.35s | Rate: 0.26/s
customers: 935  | Time: 11.17s | Rate: 83.72/s
orders: 2100  | Time: 10.73s | Rate: 195.80/s
items: 2000  | Time: 10.52s | Rate: 190.12/s
products: 10  | Time: 10.40s | Rate: 0.96/s
supplies: 65  | Time: 10.21s | Rate: 6.37/s

------------------------------- Extract rest_api -------------------------------
Resources: 3/5 (60.0%) | Time: 12.68s | Rate: 0.24/s
customers: 935  | Time: 12.50s | Rate: 74.82/s
orders: 2400  | Time: 12.05s | Rate: 199.12/s
items: 2300  | Time: 11.85s | Rate: 194.13/s
products: 10  | Time: 11.72s | Rate: 0.85/s
supplies: 65  | Time: 11.53s | Rate: 5.64/s

------------------------------- Extract rest_api -------------------------------
Resources: 3/5 (60.0%) | Time: 13.70s | Rate: 0.22/s
customers: 935  | Time: 13.52s | Rate: 69.17/s
orders: 2600  | Time: 13.07s | Rate: 198.87/s
items: 2500  | Time: 12.87s | Rate: 194.27/s
products: 10  | Time: 12.74s | Rate: 0.78/s
supplies: 65  | Time: 12.55s | Rate: 5.18/s

------------------------------- Extract rest_api -------------------------------
Resources: 3/5 (60.0%) | Time: 14.77s | Rate: 0.20/s
customers: 935  | Time: 14.59s | Rate: 64.10/s
orders: 2800  | Time: 14.14s | Rate: 197.97/s
items: 2700  | Time: 13.94s | Rate: 193.71/s
products: 10  | Time: 13.81s | Rate: 0.72/s
supplies: 65  | Time: 13.62s | Rate: 4.77/s

------------------------------- Extract rest_api -------------------------------
Resources: 3/5 (60.0%) | Time: 15.83s | Rate: 0.19/s
customers: 935  | Time: 15.64s | Rate: 59.77/s
orders: 3000  | Time: 15.20s | Rate: 197.36/s
items: 3000  | Time: 15.00s | Rate: 200.06/s
products: 10  | Time: 14.87s | Rate: 0.67/s
supplies: 65  | Time: 14.68s | Rate: 4.43/s

------------------------------- Extract rest_api -------------------------------
Resources: 3/5 (60.0%) | Time: 17.35s | Rate: 0.17/s
customers: 935  | Time: 17.16s | Rate: 54.47/s
orders: 3300  | Time: 16.72s | Rate: 197.36/s
items: 3200  | Time: 16.52s | Rate: 193.75/s
products: 10  | Time: 16.39s | Rate: 0.61/s
supplies: 65  | Time: 16.20s | Rate: 4.01/s

------------------------------- Extract rest_api -------------------------------
Resources: 3/5 (60.0%) | Time: 18.36s | Rate: 0.16/s
customers: 935  | Time: 18.18s | Rate: 51.44/s
orders: 3500  | Time: 17.73s | Rate: 197.38/s
items: 3500  | Time: 17.53s | Rate: 199.70/s
products: 10  | Time: 17.40s | Rate: 0.57/s
supplies: 65  | Time: 17.21s | Rate: 3.78/s

------------------------------- Extract rest_api -------------------------------
Resources: 3/5 (60.0%) | Time: 19.47s | Rate: 0.15/s
customers: 935  | Time: 19.29s | Rate: 48.48/s
orders: 3700  | Time: 18.84s | Rate: 196.37/s
items: 3700  | Time: 18.64s | Rate: 198.53/s
products: 10  | Time: 18.51s | Rate: 0.54/s
supplies: 65  | Time: 18.32s | Rate: 3.55/s

------------------------------- Extract rest_api -------------------------------
Resources: 3/5 (60.0%) | Time: 20.77s | Rate: 0.14/s
customers: 935  | Time: 20.58s | Rate: 45.43/s
orders: 4000  | Time: 20.14s | Rate: 198.64/s
items: 3900  | Time: 19.93s | Rate: 195.67/s
products: 10  | Time: 19.81s | Rate: 0.50/s
supplies: 65  | Time: 19.62s | Rate: 3.31/s

------------------------------- Extract rest_api -------------------------------
Resources: 3/5 (60.0%) | Time: 21.78s | Rate: 0.14/s
customers: 935  | Time: 21.59s | Rate: 43.30/s
orders: 4200  | Time: 21.15s | Rate: 198.58/s
items: 4100  | Time: 20.94s | Rate: 195.75/s
products: 10  | Time: 20.82s | Rate: 0.48/s
supplies: 65  | Time: 20.63s | Rate: 3.15/s

------------------------------- Extract rest_api -------------------------------
Resources: 3/5 (60.0%) | Time: 22.80s | Rate: 0.13/s
customers: 935  | Time: 22.61s | Rate: 41.35/s
orders: 4400  | Time: 22.17s | Rate: 198.48/s
items: 4400  | Time: 21.96s | Rate: 200.34/s
products: 10  | Time: 21.84s | Rate: 0.46/s
supplies: 65  | Time: 21.65s | Rate: 3.00/s

------------------------------- Extract rest_api -------------------------------
Resources: 3/5 (60.0%) | Time: 23.82s | Rate: 0.13/s
customers: 935  | Time: 23.64s | Rate: 39.56/s
orders: 4600  | Time: 23.19s | Rate: 198.32/s
items: 4600  | Time: 22.99s | Rate: 200.10/s
products: 10  | Time: 22.86s | Rate: 0.44/s
supplies: 65  | Time: 22.67s | Rate: 2.87/s

------------------------------- Extract rest_api -------------------------------
Resources: 3/5 (60.0%) | Time: 25.17s | Rate: 0.12/s
customers: 935  | Time: 24.99s | Rate: 37.42/s
orders: 4900  | Time: 24.54s | Rate: 199.64/s
items: 4800  | Time: 24.34s | Rate: 197.22/s
products: 10  | Time: 24.21s | Rate: 0.41/s
supplies: 65  | Time: 24.02s | Rate: 2.71/s

------------------------------- Extract rest_api -------------------------------
Resources: 3/5 (60.0%) | Time: 26.20s | Rate: 0.11/s
customers: 935  | Time: 26.01s | Rate: 35.95/s
orders: 5100  | Time: 25.57s | Rate: 199.48/s
items: 5000  | Time: 25.36s | Rate: 197.15/s
products: 10  | Time: 25.24s | Rate: 0.40/s
supplies: 65  | Time: 25.05s | Rate: 2.60/s

------------------------------- Extract rest_api -------------------------------
Resources: 3/5 (60.0%) | Time: 27.43s | Rate: 0.11/s
customers: 935  | Time: 27.24s | Rate: 34.32/s
orders: 5400  | Time: 26.80s | Rate: 201.50/s
items: 5300  | Time: 26.59s | Rate: 199.29/s
products: 10  | Time: 26.47s | Rate: 0.38/s
supplies: 65  | Time: 26.28s | Rate: 2.47/s

------------------------------- Extract rest_api -------------------------------
Resources: 3/5 (60.0%) | Time: 28.45s | Rate: 0.11/s
customers: 935  | Time: 28.27s | Rate: 33.08/s
orders: 5600  | Time: 27.83s | Rate: 201.26/s
items: 5500  | Time: 27.62s | Rate: 199.13/s
products: 10  | Time: 27.50s | Rate: 0.36/s
supplies: 65  | Time: 27.31s | Rate: 2.38/s

------------------------------- Extract rest_api -------------------------------
Resources: 3/5 (60.0%) | Time: 29.52s | Rate: 0.10/s
customers: 935  | Time: 29.33s | Rate: 31.88/s
orders: 5800  | Time: 28.89s | Rate: 200.78/s
items: 5800  | Time: 28.68s | Rate: 202.22/s
products: 10  | Time: 28.56s | Rate: 0.35/s
supplies: 65  | Time: 28.37s | Rate: 2.29/s

------------------------------- Extract rest_api -------------------------------
Resources: 3/5 (60.0%) | Time: 30.91s | Rate: 0.10/s
customers: 935  | Time: 30.72s | Rate: 30.43/s
orders: 6100  | Time: 30.28s | Rate: 201.46/s
items: 6000  | Time: 30.07s | Rate: 199.51/s
products: 10  | Time: 29.95s | Rate: 0.33/s
supplies: 65  | Time: 29.76s | Rate: 2.18/s

------------------------------- Extract rest_api -------------------------------
Resources: 3/5 (60.0%) | Time: 31.92s | Rate: 0.09/s
customers: 935  | Time: 31.74s | Rate: 29.46/s
orders: 6300  | Time: 31.29s | Rate: 201.32/s
items: 6200  | Time: 31.09s | Rate: 199.43/s
products: 10  | Time: 30.96s | Rate: 0.32/s
supplies: 65  | Time: 30.77s | Rate: 2.11/s

------------------------------- Extract rest_api -------------------------------
Resources: 3/5 (60.0%) | Time: 33.16s | Rate: 0.09/s
customers: 935  | Time: 32.97s | Rate: 28.36/s
orders: 6600  | Time: 32.53s | Rate: 202.89/s
items: 6500  | Time: 32.32s | Rate: 201.08/s
products: 10  | Time: 32.20s | Rate: 0.31/s
supplies: 65  | Time: 32.01s | Rate: 2.03/s

------------------------------- Extract rest_api -------------------------------
Resources: 3/5 (60.0%) | Time: 34.39s | Rate: 0.09/s
customers: 935  | Time: 34.20s | Rate: 27.34/s
orders: 6800  | Time: 33.76s | Rate: 201.42/s
items: 6700  | Time: 33.56s | Rate: 199.67/s
products: 10  | Time: 33.43s | Rate: 0.30/s
supplies: 65  | Time: 33.24s | Rate: 1.96/s

------------------------------- Extract rest_api -------------------------------
Resources: 3/5 (60.0%) | Time: 35.41s | Rate: 0.08/s
customers: 935  | Time: 35.23s | Rate: 26.54/s
orders: 7000  | Time: 34.79s | Rate: 201.23/s
items: 6900  | Time: 34.58s | Rate: 199.53/s
products: 10  | Time: 34.46s | Rate: 0.29/s
supplies: 65  | Time: 34.27s | Rate: 1.90/s

------------------------------- Extract rest_api -------------------------------
Resources: 3/5 (60.0%) | Time: 36.67s | Rate: 0.08/s
customers: 935  | Time: 36.48s | Rate: 25.63/s
orders: 7300  | Time: 36.04s | Rate: 202.56/s
items: 7200  | Time: 35.83s | Rate: 200.93/s
products: 10  | Time: 35.71s | Rate: 0.28/s
supplies: 65  | Time: 35.52s | Rate: 1.83/s

------------------------------- Extract rest_api -------------------------------
Resources: 3/5 (60.0%) | Time: 37.68s | Rate: 0.08/s
customers: 935  | Time: 37.49s | Rate: 24.94/s
orders: 7500  | Time: 37.05s | Rate: 202.44/s
items: 7500  | Time: 36.84s | Rate: 203.57/s
products: 10  | Time: 36.72s | Rate: 0.27/s
supplies: 65  | Time: 36.53s | Rate: 1.78/s

------------------------------- Extract rest_api -------------------------------
Resources: 3/5 (60.0%) | Time: 38.86s | Rate: 0.08/s
customers: 935  | Time: 38.67s | Rate: 24.18/s
orders: 7800  | Time: 38.23s | Rate: 204.03/s
items: 7700  | Time: 38.02s | Rate: 202.50/s
products: 10  | Time: 37.90s | Rate: 0.26/s
supplies: 65  | Time: 37.71s | Rate: 1.72/s

------------------------------- Extract rest_api -------------------------------
Resources: 3/5 (60.0%) | Time: 39.92s | Rate: 0.08/s
customers: 935  | Time: 39.74s | Rate: 23.53/s
orders: 8000  | Time: 39.29s | Rate: 203.59/s
items: 7900  | Time: 39.09s | Rate: 202.10/s
products: 10  | Time: 38.97s | Rate: 0.26/s
supplies: 65  | Time: 38.77s | Rate: 1.68/s

------------------------------- Extract rest_api -------------------------------
Resources: 3/5 (60.0%) | Time: 41.30s | Rate: 0.07/s
customers: 935  | Time: 41.12s | Rate: 22.74/s
orders: 8300  | Time: 40.68s | Rate: 204.05/s
items: 8200  | Time: 40.47s | Rate: 202.62/s
products: 10  | Time: 40.35s | Rate: 0.25/s
supplies: 65  | Time: 40.16s | Rate: 1.62/s

------------------------------- Extract rest_api -------------------------------
Resources: 3/5 (60.0%) | Time: 42.32s | Rate: 0.07/s
customers: 935  | Time: 42.14s | Rate: 22.19/s
orders: 8500  | Time: 41.69s | Rate: 203.87/s
items: 8500  | Time: 41.49s | Rate: 204.88/s
products: 10  | Time: 41.36s | Rate: 0.24/s
supplies: 65  | Time: 41.17s | Rate: 1.58/s

------------------------------- Extract rest_api -------------------------------
Resources: 3/5 (60.0%) | Time: 43.34s | Rate: 0.07/s
customers: 935  | Time: 43.15s | Rate: 21.67/s
orders: 8700  | Time: 42.71s | Rate: 203.70/s
items: 8700  | Time: 42.50s | Rate: 204.68/s
products: 10  | Time: 42.38s | Rate: 0.24/s
supplies: 65  | Time: 42.19s | Rate: 1.54/s

------------------------------- Extract rest_api -------------------------------
Resources: 3/5 (60.0%) | Time: 44.41s | Rate: 0.07/s
customers: 935  | Time: 44.23s | Rate: 21.14/s
orders: 8900  | Time: 43.78s | Rate: 203.28/s
items: 8900  | Time: 43.58s | Rate: 204.24/s
products: 10  | Time: 43.45s | Rate: 0.23/s
supplies: 65  | Time: 43.26s | Rate: 1.50/s

------------------------------- Extract rest_api -------------------------------
Resources: 3/5 (60.0%) | Time: 45.65s | Rate: 0.07/s
customers: 935  | Time: 45.46s | Rate: 20.57/s
orders: 9200  | Time: 45.02s | Rate: 204.35/s
items: 9100  | Time: 44.81s | Rate: 203.06/s
products: 10  | Time: 44.69s | Rate: 0.22/s
supplies: 65  | Time: 44.50s | Rate: 1.46/s

------------------------------- Extract rest_api -------------------------------
Resources: 3/5 (60.0%) | Time: 46.96s | Rate: 0.06/s
customers: 935  | Time: 46.78s | Rate: 19.99/s
orders: 9500  | Time: 46.33s | Rate: 205.04/s
items: 9400  | Time: 46.13s | Rate: 203.78/s
products: 10  | Time: 46.00s | Rate: 0.22/s
supplies: 65  | Time: 45.81s | Rate: 1.42/s

------------------------------- Extract rest_api -------------------------------
Resources: 3/5 (60.0%) | Time: 48.00s | Rate: 0.06/s
customers: 935  | Time: 47.81s | Rate: 19.56/s
orders: 9700  | Time: 47.37s | Rate: 204.78/s
items: 9700  | Time: 47.16s | Rate: 205.67/s
products: 10  | Time: 47.04s | Rate: 0.21/s
supplies: 65  | Time: 46.85s | Rate: 1.39/s

------------------------------- Extract rest_api -------------------------------
Resources: 3/5 (60.0%) | Time: 49.52s | Rate: 0.06/s
customers: 935  | Time: 49.34s | Rate: 18.95/s
orders: 10000  | Time: 48.89s | Rate: 204.53/s
items: 9900  | Time: 48.69s | Rate: 203.34/s
products: 10  | Time: 48.56s | Rate: 0.21/s
supplies: 65  | Time: 48.37s | Rate: 1.34/s

------------------------------- Extract rest_api -------------------------------
Resources: 5/5 (100.0%) | Time: 49.63s | Rate: 0.10/s
customers: 935  | Time: 49.44s | Rate: 18.91/s
orders: 10000  | Time: 49.00s | Rate: 204.09/s
items: 10000  | Time: 48.79s | Rate: 204.95/s
products: 10  | Time: 48.67s | Rate: 0.21/s
supplies: 65  | Time: 48.48s | Rate: 1.34/s

------------------------------- Extract rest_api -------------------------------
Resources: 0/1 (0.0%) | Time: 0.00s | Rate: 0.00/s

------------------------------- Extract rest_api -------------------------------
Resources: 0/1 (0.0%) | Time: 0.00s | Rate: 0.00/s
_dlt_pipeline_state: 1  | Time: 0.00s | Rate: 1048576.00/s

------------------------------- Extract rest_api -------------------------------
Resources: 1/1 (100.0%) | Time: 0.01s | Rate: 68.27/s
_dlt_pipeline_state: 1  | Time: 0.01s | Rate: 73.79/s

------------------- Normalize rest_api in 1751284517.457776 --------------------
Files: 0/6 (0.0%) | Time: 0.00s | Rate: 0.00/s

------------------- Normalize rest_api in 1751284517.457776 --------------------
Files: 0/6 (0.0%) | Time: 0.00s | Rate: 0.00/s
Items: 0  | Time: 0.00s | Rate: 0.00/s

------------------- Normalize rest_api in 1751284517.457776 --------------------
Files: 7/6 (116.7%) | Time: 0.79s | Rate: 8.81/s
Items: 36281  | Time: 0.79s | Rate: 45672.84/s

---------------------- Load rest_api in 1751284517.457776 ----------------------
Jobs: 0/7 (0.0%) | Time: 0.00s | Rate: 0.00/s

---------------------- Load rest_api in 1751284517.457776 ----------------------
Jobs: 0/7 (0.0%) | Time: 7.15s | Rate: 0.00/s

---------------------- Load rest_api in 1751284517.457776 ----------------------
Jobs: 7/7 (100.0%) | Time: 9.18s | Rate: 0.76/s

