------------------------------- Extract rest_api -------------------------------
Resources: 0/1 (0.0%) | Time: 0.00s | Rate: 0.00/s

------------------------------- Extract rest_api -------------------------------
Resources: 0/1 (0.0%) | Time: 0.18s | Rate: 0.00/s
supplies: 65  | Time: 0.00s | Rate: 20971520.00/s

------------------------------- Extract rest_api -------------------------------
Resources: 1/1 (100.0%) | Time: 0.19s | Rate: 5.17/s
supplies: 65  | Time: 0.01s | Rate: 4932.07/s

------------------- Normalize rest_api in 1751623919.4114711 -------------------
Files: 0/1 (0.0%) | Time: 0.00s | Rate: 0.00/s

------------------- Normalize rest_api in 1751623919.4114711 -------------------
Files: 0/1 (0.0%) | Time: 0.00s | Rate: 0.00/s
Items: 0  | Time: 0.00s | Rate: 0.00/s

------------------- Normalize rest_api in 1751623919.4114711 -------------------
Files: 1/1 (100.0%) | Time: 0.01s | Rate: 139.73/s
Items: 65  | Time: 0.01s | Rate: 9140.67/s

--------------------- Load rest_api in 1751623919.4114711 ----------------------
Jobs: 0/1 (0.0%) | Time: 0.00s | Rate: 0.00/s

--------------------- Load rest_api in 1751623919.4114711 ----------------------
Jobs: 0/1 (0.0%) | Time: 6.27s | Rate: 0.00/s

--------------------- Load rest_api in 1751623919.4114711 ----------------------
Jobs: 1/1 (100.0%) | Time: 8.23s | Rate: 0.12/s

