------------------------------- Extract rest_api -------------------------------
Resources: 0/1 (0.0%) | Time: 0.00s | Rate: 0.00/s

------------------------------- Extract rest_api -------------------------------
Resources: 0/1 (0.0%) | Time: 0.21s | Rate: 0.00/s
customers: 100  | Time: 0.00s | Rate: 34952533.33/s

------------------------------- Extract rest_api -------------------------------
Resources: 0/1 (0.0%) | Time: 1.36s | Rate: 0.00/s
customers: 700  | Time: 1.16s | Rate: 605.68/s

------------------------------- Extract rest_api -------------------------------
Resources: 1/1 (100.0%) | Time: 1.97s | Rate: 0.51/s
customers: 935  | Time: 1.76s | Rate: 530.99/s

------------------- Normalize rest_api in 1751623919.3804832 -------------------
Files: 0/1 (0.0%) | Time: 0.00s | Rate: 0.00/s

------------------- Normalize rest_api in 1751623919.3804832 -------------------
Files: 0/1 (0.0%) | Time: 0.00s | Rate: 0.00/s
Items: 0  | Time: 0.00s | Rate: 0.00/s

------------------- Normalize rest_api in 1751623919.3804832 -------------------
Files: 1/1 (100.0%) | Time: 0.03s | Rate: 38.20/s
Items: 935  | Time: 0.03s | Rate: 35772.89/s

--------------------- Load rest_api in 1751623919.3804832 ----------------------
Jobs: 0/1 (0.0%) | Time: 0.00s | Rate: 0.00/s

--------------------- Load rest_api in 1751623919.3804832 ----------------------
Jobs: 0/1 (0.0%) | Time: 6.14s | Rate: 0.00/s

--------------------- Load rest_api in 1751623919.3804832 ----------------------
Jobs: 1/1 (100.0%) | Time: 8.30s | Rate: 0.12/s

