------------------------------- Extract rest_api -------------------------------
Resources: 0/1 (0.0%) | Time: 0.00s | Rate: 0.00/s

------------------------------- Extract rest_api -------------------------------
Resources: 0/1 (0.0%) | Time: 0.39s | Rate: 0.00/s
orders: 100  | Time: 0.00s | Rate: 32263876.92/s

------------------------------- Extract rest_api -------------------------------
Resources: 0/1 (0.0%) | Time: 1.58s | Rate: 0.00/s
orders: 500  | Time: 1.19s | Rate: 421.26/s

------------------------------- Extract rest_api -------------------------------
Resources: 0/1 (0.0%) | Time: 2.70s | Rate: 0.00/s
orders: 900  | Time: 2.31s | Rate: 389.37/s

------------------------------- Extract rest_api -------------------------------
Resources: 0/1 (0.0%) | Time: 3.88s | Rate: 0.00/s
orders: 1300  | Time: 3.49s | Rate: 372.92/s

------------------------------- Extract rest_api -------------------------------
Resources: 0/1 (0.0%) | Time: 4.97s | Rate: 0.00/s
orders: 1700  | Time: 4.58s | Rate: 371.46/s

------------------------------- Extract rest_api -------------------------------
Resources: 0/1 (0.0%) | Time: 6.17s | Rate: 0.00/s
orders: 2100  | Time: 5.78s | Rate: 363.16/s

------------------------------- Extract rest_api -------------------------------
Resources: 0/1 (0.0%) | Time: 7.36s | Rate: 0.00/s
orders: 2500  | Time: 6.97s | Rate: 358.70/s

------------------------------- Extract rest_api -------------------------------
Resources: 0/1 (0.0%) | Time: 8.60s | Rate: 0.00/s
orders: 2900  | Time: 8.21s | Rate: 353.18/s

------------------------------- Extract rest_api -------------------------------
Resources: 0/1 (0.0%) | Time: 9.81s | Rate: 0.00/s
orders: 3300  | Time: 9.42s | Rate: 350.29/s

------------------------------- Extract rest_api -------------------------------
Resources: 0/1 (0.0%) | Time: 11.02s | Rate: 0.00/s
orders: 3700  | Time: 10.63s | Rate: 348.01/s

------------------------------- Extract rest_api -------------------------------
Resources: 0/1 (0.0%) | Time: 12.27s | Rate: 0.00/s
orders: 4100  | Time: 11.88s | Rate: 345.23/s

------------------------------- Extract rest_api -------------------------------
Resources: 0/1 (0.0%) | Time: 13.48s | Rate: 0.00/s
orders: 4500  | Time: 13.08s | Rate: 343.93/s

------------------------------- Extract rest_api -------------------------------
Resources: 0/1 (0.0%) | Time: 14.67s | Rate: 0.00/s
orders: 4900  | Time: 14.28s | Rate: 343.14/s

------------------------------- Extract rest_api -------------------------------
Resources: 1/1 (100.0%) | Time: 15.03s | Rate: 0.07/s
orders: 5000  | Time: 14.64s | Rate: 341.46/s

-------------------- Normalize rest_api in 1751623919.44848 --------------------
Files: 0/1 (0.0%) | Time: 0.00s | Rate: 0.00/s

-------------------- Normalize rest_api in 1751623919.44848 --------------------
Files: 0/1 (0.0%) | Time: 0.00s | Rate: 0.00/s
Items: 0  | Time: 0.00s | Rate: 0.00/s

-------------------- Normalize rest_api in 1751623919.44848 --------------------
Files: 2/1 (200.0%) | Time: 0.46s | Rate: 4.30/s
Items: 12593  | Time: 0.46s | Rate: 27101.78/s

---------------------- Load rest_api in 1751623919.44848 -----------------------
Jobs: 0/2 (0.0%) | Time: 0.00s | Rate: 0.00/s

---------------------- Load rest_api in 1751623919.44848 -----------------------
Jobs: 0/2 (0.0%) | Time: 6.90s | Rate: 0.00/s

---------------------- Load rest_api in 1751623919.44848 -----------------------
Jobs: 1/2 (50.0%) | Time: 8.26s | Rate: 0.12/s

---------------------- Load rest_api in 1751623919.44848 -----------------------
Jobs: 2/2 (100.0%) | Time: 10.28s | Rate: 0.19/s

