------------------------------- Extract rest_api -------------------------------
Resources: 0/1 (0.0%) | Time: 0.00s | Rate: 0.00/s

------------------------------- Extract rest_api -------------------------------
Resources: 0/1 (0.0%) | Time: 0.34s | Rate: 0.00/s
items: 100  | Time: 0.00s | Rate: 34952533.33/s

------------------------------- Extract rest_api -------------------------------
Resources: 0/1 (0.0%) | Time: 1.37s | Rate: 0.00/s
items: 700  | Time: 1.02s | Rate: 682.98/s

------------------------------- Extract rest_api -------------------------------
Resources: 0/1 (0.0%) | Time: 2.66s | Rate: 0.00/s
items: 1200  | Time: 2.32s | Rate: 516.51/s

------------------------------- Extract rest_api -------------------------------
Resources: 0/1 (0.0%) | Time: 3.80s | Rate: 0.00/s
items: 1800  | Time: 3.45s | Rate: 520.99/s

------------------------------- Extract rest_api -------------------------------
Resources: 0/1 (0.0%) | Time: 4.90s | Rate: 0.00/s
items: 2300  | Time: 4.56s | Rate: 504.44/s

------------------------------- Extract rest_api -------------------------------
Resources: 0/1 (0.0%) | Time: 6.12s | Rate: 0.00/s
items: 3000  | Time: 5.78s | Rate: 518.92/s

------------------------------- Extract rest_api -------------------------------
Resources: 0/1 (0.0%) | Time: 7.26s | Rate: 0.00/s
items: 3600  | Time: 6.92s | Rate: 519.89/s

------------------------------- Extract rest_api -------------------------------
Resources: 0/1 (0.0%) | Time: 8.34s | Rate: 0.00/s
items: 4300  | Time: 8.00s | Rate: 537.77/s

------------------------------- Extract rest_api -------------------------------
Resources: 0/1 (0.0%) | Time: 9.54s | Rate: 0.00/s
items: 4700  | Time: 9.20s | Rate: 510.81/s

------------------------------- Extract rest_api -------------------------------
Resources: 1/1 (100.0%) | Time: 10.16s | Rate: 0.10/s
items: 5000  | Time: 9.82s | Rate: 509.30/s

------------------- Normalize rest_api in 1751623919.485485 --------------------
Files: 0/1 (0.0%) | Time: 0.00s | Rate: 0.00/s

------------------- Normalize rest_api in 1751623919.485485 --------------------
Files: 0/1 (0.0%) | Time: 0.00s | Rate: 0.00/s
Items: 0  | Time: 0.00s | Rate: 0.00/s

------------------- Normalize rest_api in 1751623919.485485 --------------------
Files: 1/1 (100.0%) | Time: 0.14s | Rate: 7.41/s
Items: 5000  | Time: 0.13s | Rate: 37046.92/s

---------------------- Load rest_api in 1751623919.485485 ----------------------
Jobs: 0/1 (0.0%) | Time: 0.00s | Rate: 0.00/s

---------------------- Load rest_api in 1751623919.485485 ----------------------
Jobs: 0/1 (0.0%) | Time: 6.25s | Rate: 0.00/s

---------------------- Load rest_api in 1751623919.485485 ----------------------
Jobs: 1/1 (100.0%) | Time: 8.28s | Rate: 0.12/s

