psutil dependency is not installed and mem stats will not be available. add psutil to your environment or pass dump_system_stats argument as False to disable warning.
-------------------------- Extract products_parallel ---------------------------
Resources: 0/1 (0.0%) | Time: 0.00s | Rate: 0.00/s

-------------------------- Extract products_parallel ---------------------------
Resources: 0/1 (0.0%) | Time: 1.09s | Rate: 0.00/s
products: 10  | Time: 0.00s | Rate: 2330168.89/s

-------------------------- Extract products_parallel ---------------------------
Resources: 1/1 (100.0%) | Time: 1.10s | Rate: 0.91/s
products: 10  | Time: 0.01s | Rate: 785.35/s

--------------- Normalize products_parallel in 1750847004.118027 ---------------
Files: 0/1 (0.0%) | Time: 0.00s | Rate: 0.00/s

--------------- Normalize products_parallel in 1750847004.118027 ---------------
Files: 0/1 (0.0%) | Time: 0.00s | Rate: 0.00/s
Items: 0  | Time: 0.00s | Rate: 0.00/s

--------------- Normalize products_parallel in 1750847004.118027 ---------------
Files: 1/1 (100.0%) | Time: 0.01s | Rate: 160.62/s
Items: 10  | Time: 0.01s | Rate: 1615.06/s

----------------- Load products_parallel in 1750847004.118027 ------------------
Jobs: 0/1 (0.0%) | Time: 0.00s | Rate: 0.00/s

----------------- Load products_parallel in 1750847004.118027 ------------------
Jobs: 0/1 (0.0%) | Time: 5.27s | Rate: 0.00/s

----------------- Load products_parallel in 1750847004.118027 ------------------
Jobs: 1/1 (100.0%) | Time: 7.41s | Rate: 0.13/s

