psutil dependency is not installed and mem stats will not be available. add psutil to your environment or pass dump_system_stats argument as False to disable warning.
---------------------------- Extract items_parallel ----------------------------
Resources: 0/1 (0.0%) | Time: 0.00s | Rate: 0.00/s

---------------------------- Extract items_parallel ----------------------------
Resources: 0/1 (0.0%) | Time: 1.15s | Rate: 0.00/s
items: 100  | Time: 0.00s | Rate: 32263876.92/s

---------------------------- Extract items_parallel ----------------------------
Resources: 0/1 (0.0%) | Time: 2.45s | Rate: 0.00/s
items: 600  | Time: 1.30s | Rate: 462.37/s

---------------------------- Extract items_parallel ----------------------------
Resources: 0/1 (0.0%) | Time: 11.77s | Rate: 0.00/s
items: 700  | Time: 10.62s | Rate: 65.93/s

---------------------------- Extract items_parallel ----------------------------
Resources: 0/1 (0.0%) | Time: 12.89s | Rate: 0.00/s
items: 1100  | Time: 11.74s | Rate: 93.68/s

---------------------------- Extract items_parallel ----------------------------
Resources: 0/1 (0.0%) | Time: 22.98s | Rate: 0.00/s
items: 1400  | Time: 21.83s | Rate: 64.13/s

---------------------------- Extract items_parallel ----------------------------
Resources: 0/1 (0.0%) | Time: 24.06s | Rate: 0.00/s
items: 1700  | Time: 22.90s | Rate: 74.22/s

---------------------------- Extract items_parallel ----------------------------
Resources: 0/1 (0.0%) | Time: 28.14s | Rate: 0.00/s
items: 1900  | Time: 26.99s | Rate: 70.39/s

---------------------------- Extract items_parallel ----------------------------
Resources: 0/1 (0.0%) | Time: 29.21s | Rate: 0.00/s
items: 2400  | Time: 28.06s | Rate: 85.52/s

---------------------------- Extract items_parallel ----------------------------
Resources: 0/1 (0.0%) | Time: 30.48s | Rate: 0.00/s
items: 2900  | Time: 29.33s | Rate: 98.87/s

---------------------------- Extract items_parallel ----------------------------
Resources: 0/1 (0.0%) | Time: 31.84s | Rate: 0.00/s
items: 3500  | Time: 30.68s | Rate: 114.07/s

---------------------------- Extract items_parallel ----------------------------
Resources: 0/1 (0.0%) | Time: 33.16s | Rate: 0.00/s
items: 4000  | Time: 32.01s | Rate: 124.98/s

---------------------------- Extract items_parallel ----------------------------
Resources: 0/1 (0.0%) | Time: 34.30s | Rate: 0.00/s
items: 4500  | Time: 33.15s | Rate: 135.75/s

---------------------------- Extract items_parallel ----------------------------
Resources: 0/1 (0.0%) | Time: 35.67s | Rate: 0.00/s
items: 5000  | Time: 34.52s | Rate: 144.86/s

---------------------------- Extract items_parallel ----------------------------
Resources: 0/1 (0.0%) | Time: 36.78s | Rate: 0.00/s
items: 5400  | Time: 35.63s | Rate: 151.54/s

---------------------------- Extract items_parallel ----------------------------
Resources: 0/1 (0.0%) | Time: 37.86s | Rate: 0.00/s
items: 5900  | Time: 36.71s | Rate: 160.71/s

---------------------------- Extract items_parallel ----------------------------
Resources: 0/1 (0.0%) | Time: 38.96s | Rate: 0.00/s
items: 6300  | Time: 37.80s | Rate: 166.65/s

---------------------------- Extract items_parallel ----------------------------
Resources: 0/1 (0.0%) | Time: 39.99s | Rate: 0.00/s
items: 6700  | Time: 38.83s | Rate: 172.53/s

---------------------------- Extract items_parallel ----------------------------
Resources: 0/1 (0.0%) | Time: 41.12s | Rate: 0.00/s
items: 7100  | Time: 39.96s | Rate: 177.66/s

---------------------------- Extract items_parallel ----------------------------
Resources: 0/1 (0.0%) | Time: 42.36s | Rate: 0.00/s
items: 7500  | Time: 41.21s | Rate: 181.98/s

---------------------------- Extract items_parallel ----------------------------
Resources: 0/1 (0.0%) | Time: 43.37s | Rate: 0.00/s
items: 7900  | Time: 42.22s | Rate: 187.12/s

---------------------------- Extract items_parallel ----------------------------
Resources: 0/1 (0.0%) | Time: 44.53s | Rate: 0.00/s
items: 8200  | Time: 43.38s | Rate: 189.01/s

---------------------------- Extract items_parallel ----------------------------
Resources: 0/1 (0.0%) | Time: 45.57s | Rate: 0.00/s
items: 8500  | Time: 44.42s | Rate: 191.36/s

---------------------------- Extract items_parallel ----------------------------
Resources: 0/1 (0.0%) | Time: 46.79s | Rate: 0.00/s
items: 8800  | Time: 45.64s | Rate: 192.82/s

---------------------------- Extract items_parallel ----------------------------
Resources: 0/1 (0.0%) | Time: 47.86s | Rate: 0.00/s
items: 9000  | Time: 46.71s | Rate: 192.70/s

---------------------------- Extract items_parallel ----------------------------
Resources: 0/1 (0.0%) | Time: 49.15s | Rate: 0.00/s
items: 9400  | Time: 47.99s | Rate: 195.86/s

---------------------------- Extract items_parallel ----------------------------
Resources: 0/1 (0.0%) | Time: 50.34s | Rate: 0.00/s
items: 9800  | Time: 49.19s | Rate: 199.23/s

---------------------------- Extract items_parallel ----------------------------
Resources: 1/1 (100.0%) | Time: 51.16s | Rate: 0.02/s
items: 10000  | Time: 50.01s | Rate: 199.96/s

---------------- Normalize items_parallel in 1750847004.0825028 ----------------
Files: 0/1 (0.0%) | Time: 0.00s | Rate: 0.00/s

---------------- Normalize items_parallel in 1750847004.0825028 ----------------
Files: 0/1 (0.0%) | Time: 0.00s | Rate: 0.00/s
Items: 0  | Time: 0.00s | Rate: 0.00/s

---------------- Normalize items_parallel in 1750847004.0825028 ----------------
Files: 1/1 (100.0%) | Time: 0.16s | Rate: 6.09/s
Items: 10000  | Time: 0.16s | Rate: 60958.49/s

------------------ Load items_parallel in 1750847004.0825028 -------------------
Jobs: 0/1 (0.0%) | Time: 0.00s | Rate: 0.00/s

------------------ Load items_parallel in 1750847004.0825028 -------------------
Jobs: 0/1 (0.0%) | Time: 6.37s | Rate: 0.00/s

------------------ Load items_parallel in 1750847004.0825028 -------------------
Jobs: 1/1 (100.0%) | Time: 8.65s | Rate: 0.12/s

