psutil dependency is not installed and mem stats will not be available. add psutil to your environment or pass dump_system_stats argument as False to disable warning.
-------------------------- Extract supplies_parallel ---------------------------
Resources: 0/1 (0.0%) | Time: 0.00s | Rate: 0.00/s

-------------------------- Extract supplies_parallel ---------------------------
Resources: 0/1 (0.0%) | Time: 0.38s | Rate: 0.00/s
supplies: 65  | Time: 0.00s | Rate: 17039360.00/s

-------------------------- Extract supplies_parallel ---------------------------
Resources: 1/1 (100.0%) | Time: 0.40s | Rate: 2.53/s
supplies: 65  | Time: 0.01s | Rate: 4903.06/s

--------------- Normalize supplies_parallel in 1750847015.866085 ---------------
Files: 0/1 (0.0%) | Time: 0.00s | Rate: 0.00/s

--------------- Normalize supplies_parallel in 1750847015.866085 ---------------
Files: 0/1 (0.0%) | Time: 0.00s | Rate: 0.00/s
Items: 0  | Time: 0.00s | Rate: 0.00/s

--------------- Normalize supplies_parallel in 1750847015.866085 ---------------
Files: 1/1 (100.0%) | Time: 0.01s | Rate: 180.99/s
Items: 65  | Time: 0.01s | Rate: 11835.46/s

----------------- Load supplies_parallel in 1750847015.866085 ------------------
Jobs: 0/1 (0.0%) | Time: 0.00s | Rate: 0.00/s

----------------- Load supplies_parallel in 1750847015.866085 ------------------
Jobs: 0/1 (0.0%) | Time: 6.66s | Rate: 0.00/s

----------------- Load supplies_parallel in 1750847015.866085 ------------------
Jobs: 1/1 (100.0%) | Time: 8.71s | Rate: 0.11/s

