psutil dependency is not installed and mem stats will not be available. add psutil to your environment or pass dump_system_stats argument as False to disable warning.
-------------------------- Extract customers_parallel --------------------------
Resources: 0/1 (0.0%) | Time: 0.00s | Rate: 0.00/s

-------------------------- Extract customers_parallel --------------------------
Resources: 0/1 (0.0%) | Time: 1.45s | Rate: 0.00/s
customers: 100  | Time: 0.00s | Rate: 16131938.46/s

-------------------------- Extract customers_parallel --------------------------
Resources: 0/1 (0.0%) | Time: 2.77s | Rate: 0.00/s
customers: 600  | Time: 1.33s | Rate: 452.49/s

-------------------------- Extract customers_parallel --------------------------
Resources: 0/1 (0.0%) | Time: 12.09s | Rate: 0.00/s
customers: 700  | Time: 10.65s | Rate: 65.75/s

-------------------------- Extract customers_parallel --------------------------
Resources: 1/1 (100.0%) | Time: 13.01s | Rate: 0.08/s
customers: 935  | Time: 11.56s | Rate: 80.85/s

-------------- Normalize customers_parallel in 1750847003.7580109 --------------
Files: 0/1 (0.0%) | Time: 0.00s | Rate: 0.00/s

-------------- Normalize customers_parallel in 1750847003.7580109 --------------
Files: 0/1 (0.0%) | Time: 0.00s | Rate: 0.00/s
Items: 0  | Time: 0.00s | Rate: 0.00/s

-------------- Normalize customers_parallel in 1750847003.7580109 --------------
Files: 1/1 (100.0%) | Time: 0.02s | Rate: 61.28/s
Items: 935  | Time: 0.02s | Rate: 57436.02/s

---------------- Load customers_parallel in 1750847003.7580109 -----------------
Jobs: 0/1 (0.0%) | Time: 0.00s | Rate: 0.00/s

---------------- Load customers_parallel in 1750847003.7580109 -----------------
Jobs: 0/1 (0.0%) | Time: 6.24s | Rate: 0.00/s

---------------- Load customers_parallel in 1750847003.7580109 -----------------
Jobs: 1/1 (100.0%) | Time: 8.42s | Rate: 0.12/s

