------------------------------- Extract rest_api -------------------------------
Resources: 0/1 (0.0%) | Time: 0.00s | Rate: 0.00/s

------------------------------- Extract rest_api -------------------------------
Resources: 0/1 (0.0%) | Time: 0.16s | Rate: 0.00/s
customers: 100  | Time: 0.00s | Rate: 19065018.18/s

------------------------------- Extract rest_api -------------------------------
Resources: 0/1 (0.0%) | Time: 1.20s | Rate: 0.00/s
customers: 700  | Time: 1.04s | Rate: 670.25/s

------------------------------- Extract rest_api -------------------------------
Resources: 1/1 (100.0%) | Time: 1.85s | Rate: 0.54/s
customers: 935  | Time: 1.70s | Rate: 550.79/s

------------------- Normalize rest_api in 1751624947.578399 --------------------
Files: 0/1 (0.0%) | Time: 0.00s | Rate: 0.00/s

------------------- Normalize rest_api in 1751624947.578399 --------------------
Files: 0/1 (0.0%) | Time: 0.00s | Rate: 0.00/s
Items: 0  | Time: 0.00s | Rate: 0.00/s

------------------- Normalize rest_api in 1751624947.578399 --------------------
Files: 1/1 (100.0%) | Time: 0.03s | Rate: 37.32/s
Items: 935  | Time: 0.03s | Rate: 34954.71/s

---------------------- Load rest_api in 1751624947.578399 ----------------------
Jobs: 0/1 (0.0%) | Time: 0.00s | Rate: 0.00/s

---------------------- Load rest_api in 1751624947.578399 ----------------------
Jobs: 0/1 (0.0%) | Time: 6.13s | Rate: 0.00/s

---------------------- Load rest_api in 1751624947.578399 ----------------------
Jobs: 1/1 (100.0%) | Time: 8.05s | Rate: 0.12/s

