------------------------------- Extract rest_api -------------------------------
Resources: 0/1 (0.0%) | Time: 0.00s | Rate: 0.00/s

------------------------------- Extract rest_api -------------------------------
Resources: 0/1 (0.0%) | Time: 0.47s | Rate: 0.00/s
orders: 100  | Time: 0.00s | Rate: 19972876.19/s

------------------------------- Extract rest_api -------------------------------
Resources: 0/1 (0.0%) | Time: 1.48s | Rate: 0.00/s
orders: 400  | Time: 1.01s | Rate: 395.55/s

------------------------------- Extract rest_api -------------------------------
Resources: 0/1 (0.0%) | Time: 2.62s | Rate: 0.00/s
orders: 800  | Time: 2.15s | Rate: 371.81/s

------------------------------- Extract rest_api -------------------------------
Resources: 0/1 (0.0%) | Time: 3.76s | Rate: 0.00/s
orders: 1200  | Time: 3.29s | Rate: 364.42/s

------------------------------- Extract rest_api -------------------------------
Resources: 0/1 (0.0%) | Time: 4.94s | Rate: 0.00/s
orders: 1600  | Time: 4.47s | Rate: 357.83/s

------------------------------- Extract rest_api -------------------------------
Resources: 0/1 (0.0%) | Time: 6.14s | Rate: 0.00/s
orders: 2000  | Time: 5.67s | Rate: 352.50/s

------------------------------- Extract rest_api -------------------------------
Resources: 0/1 (0.0%) | Time: 7.29s | Rate: 0.00/s
orders: 2400  | Time: 6.82s | Rate: 352.11/s

------------------------------- Extract rest_api -------------------------------
Resources: 0/1 (0.0%) | Time: 8.65s | Rate: 0.00/s
orders: 2800  | Time: 8.19s | Rate: 342.08/s

------------------------------- Extract rest_api -------------------------------
Resources: 0/1 (0.0%) | Time: 9.73s | Rate: 0.00/s
orders: 3200  | Time: 9.27s | Rate: 345.37/s

------------------------------- Extract rest_api -------------------------------
Resources: 0/1 (0.0%) | Time: 11.01s | Rate: 0.00/s
orders: 3600  | Time: 10.54s | Rate: 341.48/s

------------------------------- Extract rest_api -------------------------------
Resources: 0/1 (0.0%) | Time: 12.24s | Rate: 0.00/s
orders: 4000  | Time: 11.77s | Rate: 339.79/s

------------------------------- Extract rest_api -------------------------------
Resources: 0/1 (0.0%) | Time: 13.57s | Rate: 0.00/s
orders: 4400  | Time: 13.10s | Rate: 335.80/s

------------------------------- Extract rest_api -------------------------------
Resources: 0/1 (0.0%) | Time: 14.59s | Rate: 0.00/s
orders: 4700  | Time: 14.12s | Rate: 332.85/s

------------------------------- Extract rest_api -------------------------------
Resources: 1/1 (100.0%) | Time: 15.51s | Rate: 0.06/s
orders: 5000  | Time: 15.04s | Rate: 332.48/s

------------------- Normalize rest_api in 1751624947.632075 --------------------
Files: 0/1 (0.0%) | Time: 0.00s | Rate: 0.00/s

------------------- Normalize rest_api in 1751624947.632075 --------------------
Files: 0/1 (0.0%) | Time: 0.00s | Rate: 0.00/s
Items: 0  | Time: 0.00s | Rate: 0.00/s

------------------- Normalize rest_api in 1751624947.632075 --------------------
Files: 2/1 (200.0%) | Time: 0.47s | Rate: 4.24/s
Items: 12593  | Time: 0.47s | Rate: 26698.07/s

---------------------- Load rest_api in 1751624947.632075 ----------------------
Jobs: 0/2 (0.0%) | Time: 0.00s | Rate: 0.00/s

---------------------- Load rest_api in 1751624947.632075 ----------------------
Jobs: 0/2 (0.0%) | Time: 6.41s | Rate: 0.00/s

---------------------- Load rest_api in 1751624947.632075 ----------------------
Jobs: 2/2 (100.0%) | Time: 8.60s | Rate: 0.23/s

