------------------------------- Extract rest_api -------------------------------
Resources: 0/1 (0.0%) | Time: 0.00s | Rate: 0.00/s

------------------------------- Extract rest_api -------------------------------
Resources: 0/1 (0.0%) | Time: 0.17s | Rate: 0.00/s
items: 100  | Time: 0.00s | Rate: 24672376.47/s

------------------------------- Extract rest_api -------------------------------
Resources: 0/1 (0.0%) | Time: 1.24s | Rate: 0.00/s
items: 600  | Time: 1.07s | Rate: 561.35/s

------------------------------- Extract rest_api -------------------------------
Resources: 0/1 (0.0%) | Time: 2.48s | Rate: 0.00/s
items: 1200  | Time: 2.32s | Rate: 518.10/s

------------------------------- Extract rest_api -------------------------------
Resources: 0/1 (0.0%) | Time: 3.55s | Rate: 0.00/s
items: 1800  | Time: 3.38s | Rate: 532.40/s

------------------------------- Extract rest_api -------------------------------
Resources: 0/1 (0.0%) | Time: 4.75s | Rate: 0.00/s
items: 2400  | Time: 4.59s | Rate: 523.12/s

------------------------------- Extract rest_api -------------------------------
Resources: 0/1 (0.0%) | Time: 5.79s | Rate: 0.00/s
items: 3000  | Time: 5.62s | Rate: 533.43/s

------------------------------- Extract rest_api -------------------------------
Resources: 0/1 (0.0%) | Time: 6.80s | Rate: 0.00/s
items: 3600  | Time: 6.63s | Rate: 542.67/s

------------------------------- Extract rest_api -------------------------------
Resources: 0/1 (0.0%) | Time: 7.97s | Rate: 0.00/s
items: 4300  | Time: 7.81s | Rate: 550.92/s

------------------------------- Extract rest_api -------------------------------
Resources: 0/1 (0.0%) | Time: 8.98s | Rate: 0.00/s
items: 4800  | Time: 8.81s | Rate: 544.70/s

------------------------------- Extract rest_api -------------------------------
Resources: 1/1 (100.0%) | Time: 9.39s | Rate: 0.11/s
items: 5000  | Time: 9.22s | Rate: 542.40/s

------------------- Normalize rest_api in 1751624947.571288 --------------------
Files: 0/1 (0.0%) | Time: 0.00s | Rate: 0.00/s

------------------- Normalize rest_api in 1751624947.571288 --------------------
Files: 0/1 (0.0%) | Time: 0.00s | Rate: 0.00/s
Items: 0  | Time: 0.00s | Rate: 0.00/s

------------------- Normalize rest_api in 1751624947.571288 --------------------
Files: 1/1 (100.0%) | Time: 0.14s | Rate: 7.00/s
Items: 5000  | Time: 0.14s | Rate: 35002.00/s

---------------------- Load rest_api in 1751624947.571288 ----------------------
Jobs: 0/1 (0.0%) | Time: 0.00s | Rate: 0.00/s

---------------------- Load rest_api in 1751624947.571288 ----------------------
Jobs: 0/1 (0.0%) | Time: 6.45s | Rate: 0.00/s

---------------------- Load rest_api in 1751624947.571288 ----------------------
Jobs: 1/1 (100.0%) | Time: 8.34s | Rate: 0.12/s

