------------------------------- Extract rest_api -------------------------------
Resources: 0/1 (0.0%) | Time: 0.00s | Rate: 0.00/s

------------------------------- Extract rest_api -------------------------------
Resources: 0/1 (0.0%) | Time: 0.13s | Rate: 0.00/s
products: 10  | Time: 0.00s | Rate: 2467237.65/s

------------------------------- Extract rest_api -------------------------------
Resources: 1/1 (100.0%) | Time: 0.14s | Rate: 7.09/s
products: 10  | Time: 0.01s | Rate: 758.61/s

------------------- Normalize rest_api in 1751624947.632909 --------------------
Files: 0/1 (0.0%) | Time: 0.00s | Rate: 0.00/s

------------------- Normalize rest_api in 1751624947.632909 --------------------
Files: 0/1 (0.0%) | Time: 0.00s | Rate: 0.00/s
Items: 0  | Time: 0.00s | Rate: 0.00/s

------------------- Normalize rest_api in 1751624947.632909 --------------------
Files: 1/1 (100.0%) | Time: 0.01s | Rate: 157.70/s
Items: 10  | Time: 0.01s | Rate: 1586.29/s

---------------------- Load rest_api in 1751624947.632909 ----------------------
Jobs: 0/1 (0.0%) | Time: 0.00s | Rate: 0.00/s

---------------------- Load rest_api in 1751624947.632909 ----------------------
Jobs: 0/1 (0.0%) | Time: 6.14s | Rate: 0.00/s

---------------------- Load rest_api in 1751624947.632909 ----------------------
Jobs: 1/1 (100.0%) | Time: 8.05s | Rate: 0.12/s

