------------------------------- Extract rest_api -------------------------------
Resources: 0/1 (0.0%) | Time: 0.00s | Rate: 0.00/s

------------------------------- Extract rest_api -------------------------------
Resources: 0/1 (0.0%) | Time: 0.18s | Rate: 0.00/s
supplies: 65  | Time: 0.00s | Rate: 20971520.00/s

------------------------------- Extract rest_api -------------------------------
Resources: 1/1 (100.0%) | Time: 0.19s | Rate: 5.17/s
supplies: 65  | Time: 0.01s | Rate: 4796.27/s

------------------- Normalize rest_api in 1751624947.6026409 -------------------
Files: 0/1 (0.0%) | Time: 0.00s | Rate: 0.00/s

------------------- Normalize rest_api in 1751624947.6026409 -------------------
Files: 0/1 (0.0%) | Time: 0.00s | Rate: 0.00/s
Items: 0  | Time: 0.00s | Rate: 0.00/s

------------------- Normalize rest_api in 1751624947.6026409 -------------------
Files: 1/1 (100.0%) | Time: 0.01s | Rate: 130.74/s
Items: 65  | Time: 0.01s | Rate: 8549.34/s

--------------------- Load rest_api in 1751624947.6026409 ----------------------
Jobs: 0/1 (0.0%) | Time: 0.00s | Rate: 0.00/s

--------------------- Load rest_api in 1751624947.6026409 ----------------------
Jobs: 0/1 (0.0%) | Time: 6.57s | Rate: 0.00/s

--------------------- Load rest_api in 1751624947.6026409 ----------------------
Jobs: 1/1 (100.0%) | Time: 8.74s | Rate: 0.11/s

